Log file open, 03/26/17 17:06:04
LogInit:Display: Running engine for game: BatteryCollector
LogPlatformFile: Not using cached read wrapper
LogInit:Display: RandInit(-750068297) SRandInit(-750068297).
LogTaskGraph: Started task graph with 5 named threads and 10 total threads with 1 sets of task threads.
LogStats: Stats thread started at 0.094341
LogInit: Using libcurl 7.47.1
LogInit:  - built for x86_64-pc-win32
LogInit:  - supports SSL with OpenSSL/1.0.2g
LogInit:  - supports HTTP deflate (compression) using libz 1.2.8
LogInit:  - other features:
LogInit:      CURL_VERSION_SSL
LogInit:      CURL_VERSION_LIBZ
LogInit:      CURL_VERSION_IPV6
LogInit:      CURL_VERSION_ASYNCHDNS
LogInit:      CURL_VERSION_LARGEFILE
LogInit:      CURL_VERSION_IDN
LogInit:  CurlRequestOptions (configurable via config and command line):
LogInit:  - bVerifyPeer = false  - Libcurl will NOT verify peer certificate
LogInit:  - bUseHttpProxy = false  - Libcurl will NOT use HTTP proxy
LogInit:  - bDontReuseConnections = false  - Libcurl will reuse connections
LogInit:  - CertBundlePath = nullptr  - Libcurl will use whatever was configured at build time.
LogInit: Build: ++UE4+Release-4.15-CL-3348071
LogInit: Engine Version: 4.15.1-3348071+++UE4+Release-4.15
LogInit: Compatible Engine Version: 4.15.0-3299760+++UE4+Release-4.15
LogInit: Net CL: 3299760
LogDevObjectVersion: Number of dev versions registered: 14
LogDevObjectVersion:   Dev-Blueprints (B0D832E4-1F89-4F0D-ACCF-7EB736FD4AA2): 8
LogDevObjectVersion:   Dev-Build (E1C64328-A22C-4D53-A36C-8E866417BD8C): 0
LogDevObjectVersion:   Dev-Core (375EC13C-06E4-48FB-B500-84F0262A717E): 2
LogDevObjectVersion:   Dev-Editor (E4B068ED-F494-42E9-A231-DA0B2E46BB41): 14
LogDevObjectVersion:   Dev-Framework (CFFC743F-43B0-4480-9391-14DF171D2073): 22
LogDevObjectVersion:   Dev-Mobile (B02B49B5-BB20-44E9-A304-32B752E40360): 0
LogDevObjectVersion:   Dev-Networking (A4E4105C-59A1-49B5-A7C5-40C4547EDFEE): 0
LogDevObjectVersion:   Dev-Online (39C831C9-5AE6-47DC-9A44-9C173E1C8E7C): 0
LogDevObjectVersion:   Dev-Physics (78F01B33-EBEA-4F98-B9B4-84EACCB95AA2): 0
LogDevObjectVersion:   Dev-Platform (6631380F-2D4D-43E0-8009-CF276956A95A): 0
LogDevObjectVersion:   Dev-Rendering (12F88B9F-8875-4AFC-A67C-D90C383ABD29): 12
LogDevObjectVersion:   Dev-Sequencer (7B5AE74C-D270-4C10-A958-57980B212A5A): 3
LogDevObjectVersion:   Dev-VR (D7296918-1DD6-4BDD-9DE2-64A83CC13884): 0
LogDevObjectVersion:   Dev-LoadTimes (C2A15278-BFE7-4AFE-6C17-90FF531DF755): 1
LogInit: Compiled (64-bit): Mar 15 2017 16:52:47
LogInit: Compiled with Visual C++: 19.00.23026.00
LogInit: Build Configuration: Development
LogInit: Branch Name: ++UE4+Release-4.15
LogInit: Command line:  -skipcompile
LogInit: Base directory: C:/Program Files/Epic Games/UE_4.15/Engine/Binaries/Win64/
LogInit: Installed Engine Build: 1
LogInit: Presizing for max 8388607 objects, including 0 objects not considered by GC, pre-allocating 0 bytes for permanent pool.
LogInit: Object subsystem initialized
[2017.03.26-21.06.05:304][  0]LogInit: Selected Device Profile: [Windows]
[2017.03.26-21.06.05:304][  0]LogInit: Applying CVar settings loaded from the selected device profile: [Windows]
[2017.03.26-21.06.05:312][  0]LogInit: Computer: DESKTOP-9S1GO0T
[2017.03.26-21.06.05:312][  0]LogInit: User: JayByrrd
[2017.03.26-21.06.05:312][  0]LogInit: CPU Page size=65536, Cores=6
[2017.03.26-21.06.05:312][  0]LogInit: High frequency timer resolution =3.507510 MHz
[2017.03.26-21.06.05:312][  0]LogMemory: Memory total: Physical=31.9GB (32GB approx)
[2017.03.26-21.06.05:312][  0]LogMemory: Platform Memory Stats for Windows
[2017.03.26-21.06.05:312][  0]LogMemory: Process Physical Memory: 264.25 MB used, 264.25 MB peak
[2017.03.26-21.06.05:312][  0]LogMemory: Process Virtual Memory: 269.25 MB used, 269.25 MB peak
[2017.03.26-21.06.05:312][  0]LogMemory: Physical Memory: 13774.68 MB used,  18912.42 MB free, 32687.10 MB total
[2017.03.26-21.06.05:312][  0]LogMemory: Virtual Memory: 653.50 MB used,  18912.42 MB free, 134217728.00 MB total
[2017.03.26-21.06.05:374][  0]LogTextLocalizationManager: No specific translations for ('en-US') exist, so ('en') translations will be used.
[2017.03.26-21.06.05:872][  0]LogD3D11RHI: D3D11 adapters:
[2017.03.26-21.06.06:450][  0]LogD3D11RHI:    0. 'NVIDIA GeForce GTX 1080' (Feature Level 11_0)
[2017.03.26-21.06.06:450][  0]LogD3D11RHI:       8000/0/16343 MB DedicatedVideo/DedicatedSystem/SharedSystem, Outputs:3, VendorId:0x10de
[2017.03.26-21.06.06:451][  0]LogD3D11RHI:    1. 'Microsoft Basic Render Driver' (Feature Level 11_0)
[2017.03.26-21.06.06:451][  0]LogD3D11RHI:       0/0/16343 MB DedicatedVideo/DedicatedSystem/SharedSystem, Outputs:0, VendorId:0x1414
[2017.03.26-21.06.06:451][  0]LogD3D11RHI: Chosen D3D11 Adapter: 0
[2017.03.26-21.06.06:455][  0]LogD3D11RHI: Creating new Direct3DDevice
[2017.03.26-21.06.06:455][  0]LogD3D11RHI:     GPU DeviceId: 0x1b80 (for the marketing name, search the web for "GPU Device Id")
[2017.03.26-21.06.06:455][  0]LogWindows: EnumDisplayDevices:
[2017.03.26-21.06.06:456][  0]LogWindows:    0. 'NVIDIA GeForce GTX 1080' (P:1 D:1)
[2017.03.26-21.06.06:456][  0]LogWindows:    1. 'NVIDIA GeForce GTX 1080' (P:0 D:1)
[2017.03.26-21.06.06:456][  0]LogWindows:    2. 'NVIDIA GeForce GTX 1080' (P:0 D:1)
[2017.03.26-21.06.06:456][  0]LogWindows:    3. 'NVIDIA GeForce GTX 1080' (P:0 D:0)
[2017.03.26-21.06.06:456][  0]LogWindows: DebugString: FoundDriverCount:4 
[2017.03.26-21.06.06:456][  0]LogD3D11RHI:     Adapter Name: NVIDIA GeForce GTX 1080
[2017.03.26-21.06.06:456][  0]LogD3D11RHI:   Driver Version: 378.78 (internal:21.21.13.7878, unified:378.78)
[2017.03.26-21.06.06:456][  0]LogD3D11RHI:      Driver Date: 2-23-2017
[2017.03.26-21.06.06:456][  0]LogRHI: Texture pool is 1361 MB (70% of 1945 MB)
[2017.03.26-21.06.07:051][  0]LogD3D11RHI: Async texture creation enabled
[2017.03.26-21.06.07:082][  0]LogD3D11RHI: GPU Timing Frequency: 1000.000000 (Debug: 2 1)
[2017.03.26-21.06.07:222][  0]LogShaderCompilers: Guid format shader working directory is -27 characters bigger than the processId version (../../../../../../Users/JayByrrd/Documents/Unreal Projects/BatteryCollector/Intermediate/Shaders/WorkingDirectory/13804/).
[2017.03.26-21.06.07:222][  0]LogShaderCompilers: Cleaned the shader compiler working directory 'C:/Users/JayByrrd/AppData/Local/Temp/UnrealShaderWorkingDir/085C831F48C96CD6986F67AC6B0BD2C0/'.
[2017.03.26-21.06.07:222][  0]LogShaderCompilers:Display: Using Local Shader Compiler.
[2017.03.26-21.06.08:071][  0]LogTemp:Display: Loaded TP AllDesktopTargetPlatform
[2017.03.26-21.06.08:114][  0]LogTemp:Display: Loaded TP MacClientTargetPlatform
[2017.03.26-21.06.08:156][  0]LogTemp:Display: Loaded TP MacNoEditorTargetPlatform
[2017.03.26-21.06.08:198][  0]LogTemp:Display: Loaded TP MacServerTargetPlatform
[2017.03.26-21.06.08:241][  0]LogTemp:Display: Loaded TP MacTargetPlatform
[2017.03.26-21.06.08:283][  0]LogTemp:Display: Loaded TP WindowsClientTargetPlatform
[2017.03.26-21.06.08:326][  0]LogTemp:Display: Loaded TP WindowsNoEditorTargetPlatform
[2017.03.26-21.06.08:368][  0]LogTemp:Display: Loaded TP WindowsServerTargetPlatform
[2017.03.26-21.06.08:402][  0]LogTemp:Display: Loaded TP WindowsTargetPlatform
[2017.03.26-21.06.08:443][  0]LogTemp:Display: Loaded TP AndroidTargetPlatform
[2017.03.26-21.06.08:483][  0]LogTemp:Display: Loaded TP Android_ASTCTargetPlatform
[2017.03.26-21.06.08:524][  0]LogTemp:Display: Loaded TP Android_ATCTargetPlatform
[2017.03.26-21.06.08:565][  0]LogTemp:Display: Loaded TP Android_DXTTargetPlatform
[2017.03.26-21.06.08:605][  0]LogTemp:Display: Loaded TP Android_ETC1TargetPlatform
[2017.03.26-21.06.08:646][  0]LogTemp:Display: Loaded TP Android_ETC2TargetPlatform
[2017.03.26-21.06.08:728][  0]LogTemp:Display: Loaded TP Android_MultiTargetPlatform
[2017.03.26-21.06.08:728][  0]LogTemp:Display: Loaded TP Android_PVRTCTargetPlatform
[2017.03.26-21.06.08:757][  0]LogTemp:Display: Loaded TP HTML5TargetPlatform
[2017.03.26-21.06.08:835][  0]LogTemp:Display: Loaded TP IOSTargetPlatform
[2017.03.26-21.06.08:862][  0]LogTemp:Display: Loaded TP TVOSTargetPlatform
[2017.03.26-21.06.08:902][  0]LogTemp:Display: Loaded TP LinuxClientTargetPlatform
[2017.03.26-21.06.08:944][  0]LogTemp:Display: Loaded TP LinuxNoEditorTargetPlatform
[2017.03.26-21.06.08:984][  0]LogTemp:Display: Loaded TP LinuxServerTargetPlatform
[2017.03.26-21.06.09:024][  0]LogTemp:Display: Loaded TP LinuxTargetPlatform
[2017.03.26-21.06.09:024][  0]LogTargetPlatformManager:Display: Building Assets For Windows
[2017.03.26-21.06.09:366][  0]LogDerivedDataCache:Display: Max Cache Size: 512 MB
[2017.03.26-21.06.09:412][  0]LogDerivedDataCache: Loaded boot cache 0.05s 51MB C:/Users/JayByrrd/AppData/Local/UnrealEngine/4.15/DerivedDataCache/Boot.ddc.
[2017.03.26-21.06.09:412][  0]LogDerivedDataCache:Display: Loaded Boot cache: C:/Users/JayByrrd/AppData/Local/UnrealEngine/4.15/DerivedDataCache/Boot.ddc
[2017.03.26-21.06.09:412][  0]LogDerivedDataCache: FDerivedDataBackendGraph:  Pak pak cache file ../../../../../../Users/JayByrrd/Documents/Unreal Projects/BatteryCollector/DerivedDataCache/DDC.ddp not found, will not use a pak cache.
[2017.03.26-21.06.09:412][  0]LogDerivedDataCache: Unable to find inner node Pak for hierarchical cache Hierarchy.
[2017.03.26-21.06.09:412][  0]LogDerivedDataCache: FDerivedDataBackendGraph:  CompressedPak pak cache file ../../../../../../Users/JayByrrd/Documents/Unreal Projects/BatteryCollector/DerivedDataCache/Compressed.ddp not found, will not use a pak cache.
[2017.03.26-21.06.09:412][  0]LogDerivedDataCache: Unable to find inner node CompressedPak for hierarchical cache Hierarchy.
[2017.03.26-21.06.09:426][  0]LogDerivedDataCache:Display: Pak cache opened for reading ../../../Engine/DerivedDataCache/Compressed.ddp.
[2017.03.26-21.06.09:437][  0]LogDerivedDataCache: Using Local data cache path C:/Users/JayByrrd/AppData/Local/UnrealEngine/Common/DerivedDataCache: Writable
[2017.03.26-21.06.09:444][  0]LogSlate: Using Freetype 2.6.0
[2017.03.26-21.06.09:445][  0]LogSlate: SlateFontCache - WITH_FREETYPE: 1, WITH_HARFBUZZ: 1
[2017.03.26-21.06.09:445][  0]LogSlate: SlateFontCache - WITH_FREETYPE: 1, WITH_HARFBUZZ: 1
[2017.03.26-21.06.09:639][  0]LogInit: Selected Device Profile: [Windows]
[2017.03.26-21.06.09:641][  0]LogContentStreaming: Texture pool size is 0.00 MB
[2017.03.26-21.06.09:803][  0]LogMeshUtilities: Using QuadricMeshReduction for automatic static mesh reduction
[2017.03.26-21.06.09:836][  0]LogSimplygon: Simplygon DLL not present - disabling.
[2017.03.26-21.06.09:872][  0]LogMeshUtilities: Using SimplygonSwarm for distributed automatic mesh merging
[2017.03.26-21.06.09:872][  0]LogMeshUtilities: No automatic skeletal mesh reduction module available
[2017.03.26-21.06.09:872][  0]LogMeshUtilities: No automatic mesh merging module available
[2017.03.26-21.06.10:294][  0]LogNetVersion: GetLocalNetworkVersion: CL: 3299760, ProjectName: batterycollector, ProjectVersion: , EngineNetworkVersion: 2, GameNetworkVersion: 0, NetworkChecksum: 2727626990
[2017.03.26-21.06.10:341][  0]LogAssetRegistry: FAssetRegistry took 0.0218 seconds to start up
[2017.03.26-21.06.10:380][  0]LogPackageLocalizationCache: Processed 3 localized package path(s) for 2 prioritized culture(s) in 0.021005 seconds
[2017.03.26-21.06.10:386][  0]LogUObjectArray: 32493 objects as part of root set at end of initial load.
[2017.03.26-21.06.10:386][  0]LogUObjectAllocator: 7077032 out of 0 bytes used by permanent object pool.
[2017.03.26-21.06.10:386][  0]LogUObjectArray: CloseDisregardForGC: 0/0 objects in disregard for GC pool
[2017.03.26-21.06.10:436][  0]LogInit: WinSock: version 1.1 (2.2), MaxSocks=32767, MaxUdp=65467
[2017.03.26-21.06.11:685][  0]LogTcpMessaging: Initializing TcpMessaging bridge
[2017.03.26-21.06.11:719][  0]LogUdpMessaging: Initializing bridge on interface 0.0.0.0:0 to multicast group 230.0.0.1:6666.
[2017.03.26-21.06.12:226][  0]LogMaterial: Uniform references updated for custom material expression Custom.
[2017.03.26-21.06.12:516][  0]SourceControl: Info Source control is disabled
[2017.03.26-21.06.12:539][  0]SourceControl: Info Source control is disabled
[2017.03.26-21.06.12:577][  0]SourceControl: Info Source control is disabled
[2017.03.26-21.06.12:612][  0]SourceControl: Info Source control is disabled
[2017.03.26-21.06.13:563][  0]LogEngine: Initializing Engine...
[2017.03.26-21.06.13:564][  0]LogHMD: Failed to initialize OpenVR with code 110
[2017.03.26-21.06.13:740][  0]LogAIModule: Creating AISystem for world Untitled
[2017.03.26-21.06.13:752][  0]LogInit: XAudio2 using 'Focusrite USB (Focusrite USB Audio)' : 2 channels at 48 kHz using 16 bits per sample (channel mask 0x3)
[2017.03.26-21.06.13:761][  0]LogInit: FAudioDevice initialized.
[2017.03.26-21.06.13:783][  0]LogDerivedDataCache: Saved boot cache 0.02s 51MB C:/Users/JayByrrd/AppData/Local/UnrealEngine/4.15/DerivedDataCache/Boot.ddc.
[2017.03.26-21.06.13:789][  0]LogInit: Texture streaming: Enabled
[2017.03.26-21.06.13:862][  0]LogEngineSessionManager: EngineSessionManager initialized
[2017.03.26-21.06.13:928][  0]LogInit: Transaction tracking system initialized
[2017.03.26-21.06.14:185][  0]BlueprintLog: New page: Editor Load
[2017.03.26-21.06.14:912][  0]LocalizationService: Info Localization service is disabled
[2017.03.26-21.06.15:412][  0]LogConsoleResponse:Display: 
[2017.03.26-21.06.15:507][  0]LogCook:Display: Max memory allowance for cook 16384mb min free memory 0mb
[2017.03.26-21.06.15:507][  0]LogCook:Display: Mobile HDR setting 1
[2017.03.26-21.06.15:610][  0]LogFileCache: Scanning file cache for directory 'C:/Users/JayByrrd/Documents/Unreal Projects/BatteryCollector/Content/' took 0.01s
[2017.03.26-21.06.16:276][  0]SourceControl: Info Source control is disabled
[2017.03.26-21.06.16:276][  0]Cmd: MAP LOAD FILE="../../../../../../Users/JayByrrd/Documents/Unreal Projects/BatteryCollector/Content/Maps/CollectionLevel.umap" TEMPLATE=0 SHOWPROGRESS=1 FEATURELEVEL=3
[2017.03.26-21.06.16:277][  0]LightingResults: New page: Lighting Build
[2017.03.26-21.06.16:307][  0]MapCheck: New page: Map Check
[2017.03.26-21.06.16:307][  0]LightingResults: New page: Lighting Build
[2017.03.26-21.06.16:821][  0]LogAIModule: Creating AISystem for world CollectionLevel
[2017.03.26-21.06.16:841][  0]LogEditorServer: Finished looking for orphan Actors (0.000 secs)
[2017.03.26-21.06.16:841][  0]Cmd: MAP CHECKDEP NOCLEARLOG
[2017.03.26-21.06.16:880][  0]MapCheck: Info Map check complete: 0 Error(s), 0 Warning(s), took 38.749ms to complete.
[2017.03.26-21.06.16:880][  0]LogFileHelpers: Loading map 'CollectionLevel' took 0.604
[2017.03.26-21.06.16:965][  0]LogWindowsTextInputMethodSystem:Display: IME system now deactivated.
[2017.03.26-21.06.17:068][  0]LogCollectionManager: Loaded 0 collections in 0.002040 seconds
[2017.03.26-21.06.17:168][  0]LogFileCache: Scanning file cache for directory 'C:/Users/JayByrrd/Documents/Unreal Projects/BatteryCollector/Saved/Collections/' took 0.01s
[2017.03.26-21.06.17:168][  0]LogFileCache: Scanning file cache for directory 'C:/Users/JayByrrd/Documents/Unreal Projects/BatteryCollector/Content/Developers/JayByrrd/Collections/' took 0.01s
[2017.03.26-21.06.17:168][  0]LogFileCache: Scanning file cache for directory 'C:/Users/JayByrrd/Documents/Unreal Projects/BatteryCollector/Content/Collections/' took 0.01s
[2017.03.26-21.06.17:168][  0]LogCollectionManager: Rebuilt the GUID cache for 0 collections in 0.000001 seconds
[2017.03.26-21.06.17:176][  0]LogContentBrowser: Native class hierarchy populated in 0.0072 seconds. Added 2250 classes and 455 folders.
[2017.03.26-21.06.17:178][  0]LogStats: UGameplayTagsManager::ConstructGameplayTagTree: Construct from data asset -  0.000 s
[2017.03.26-21.06.17:178][  0]LogStats: UGameplayTagsManager::ConstructGameplayTagTree: GameplayTagTreeChangedEvent.Broadcast -  0.000 s
[2017.03.26-21.06.17:226][  0]LogContentBrowser: Native class hierarchy updated for 'WidgetCarousel' in 0.0010 seconds. Added 0 classes and 0 folders.
[2017.03.26-21.06.17:252][  0]LogContentBrowser: Native class hierarchy updated for 'AddContentDialog' in 0.0010 seconds. Added 0 classes and 0 folders.
[2017.03.26-21.06.17:284][  0]LogContentBrowser: Native class hierarchy updated for 'SceneOutliner' in 0.0010 seconds. Added 1 classes and 2 folders.
[2017.03.26-21.06.17:321][  0]LogCrashTracker: Crashtracker disabled due to settings.
[2017.03.26-21.06.17:328][  0]LogUObjectGlobals:Warning: Failed to find object 'Class None.'
[2017.03.26-21.06.17:382][  0]LogContentBrowser: Native class hierarchy updated for 'HierarchicalLODOutliner' in 0.0010 seconds. Added 1 classes and 2 folders.
[2017.03.26-21.06.17:383][  0]LogLoad: (Engine Initialization) Total time: 13.94 seconds
[2017.03.26-21.06.17:383][  0]LogLoad: (Engine Initialization) Total Blueprint compile time: 0.21 seconds
[2017.03.26-21.06.17:383][  0]LogExternalProfiler: Found external profiler: VSPerf
[2017.03.26-21.06.17:383][  0]LogExternalProfiler: Using external profiler: VSPerf
[2017.03.26-21.06.17:391][  0]LogOcInput: OculusInput pre-init called
[2017.03.26-21.06.17:405][  0]LogAssetRegistry: Asset discovery search completed in 7.0853 seconds
[2017.03.26-21.06.17:405][  0]LogCollectionManager: Rebuilt the object cache for 0 collections in 0.000003 seconds (found 0 objects)
[2017.03.26-21.06.17:405][  0]LogCollectionManager: Fixed up redirectors for 0 collections in 0.000013 seconds (updated 0 objects)
[2017.03.26-21.06.17:408][  0]LogContentStreaming: Texture pool size now 1000 MB
[2017.03.26-21.06.17:416][  0]LogSlate: Took 0.000141 seconds to synchronously load lazily loaded font '../../../Engine/Content/Slate/Fonts/Roboto-Regular.ttf' (155K)
[2017.03.26-21.06.17:419][  0]LogSlate: Took 0.000137 seconds to synchronously load lazily loaded font '../../../Engine/Content/Slate/Fonts/Roboto-Bold.ttf' (160K)
[2017.03.26-21.06.17:423][  0]LogSlate: Took 0.000129 seconds to synchronously load lazily loaded font '../../../Engine/Content/Editor/Slate/Fonts/FontAwesome.ttf' (139K)
[2017.03.26-21.06.17:525][  0]LogSlate: Took 0.000181 seconds to synchronously load lazily loaded font '../../../Engine/Content/Slate/Fonts/Roboto-Light.ttf' (159K)
[2017.03.26-21.06.17:546][  0]LogRenderer: Reallocating scene render targets to support 1208x576 NumSamples 1 (Frame:2).
[2017.03.26-21.06.23:667][719]LogEditorViewport: Clicking on Actor (LMB): BP_DemoRoom_C (BP_DemoRoom)
[2017.03.26-21.06.24:028][757]Cmd: CAMERA ALIGN ACTIVEVIEWPORTONLY
[2017.03.26-21.06.31:853][681]LogTemp: Repeting last play command: Selected Viewport
[2017.03.26-21.06.31:862][681]LogPlayLevel: PlayLevel: No blueprints needed recompiling
[2017.03.26-21.06.31:863][681]PIE: New page: PIE session: CollectionLevel (Mar 26, 2017, 1:06:31 PM)
[2017.03.26-21.06.31:863][681]LogPlayLevel: Creating play world package: /Game/Maps/UEDPIE_0_CollectionLevel
[2017.03.26-21.06.31:865][681]LogPlayLevel: PIE: StaticDuplicateObject took: (0.002054s)
[2017.03.26-21.06.31:865][681]LogAIModule: Creating AISystem for world CollectionLevel
[2017.03.26-21.06.31:865][681]LogPlayLevel: PIE: World Init took: (0.000637s)
[2017.03.26-21.06.31:865][681]LogPlayLevel: PIE: Created PIE world by copying editor world from /Game/Maps/CollectionLevel.CollectionLevel to /Game/Maps/UEDPIE_0_CollectionLevel.CollectionLevel (0.002844s)
[2017.03.26-21.06.31:893][681]LogInit: XAudio2 using 'Focusrite USB (Focusrite USB Audio)' : 2 channels at 48 kHz using 16 bits per sample (channel mask 0x3)
[2017.03.26-21.06.31:896][681]LogInit: FAudioDevice initialized.
[2017.03.26-21.06.31:937][681]LogLoad: Game class is 'BatteryCollectorGameMode'
[2017.03.26-21.06.31:938][681]LogWorld: Bringing World /Game/Maps/UEDPIE_0_CollectionLevel.CollectionLevel up for play (max tick rate 0) at 2017.03.26-17.06.31
[2017.03.26-21.06.31:939][681]LogWorld: Bringing up level for play took: 0.001232
[2017.03.26-21.06.31:971][681]LogContentBrowser: Native class hierarchy updated for 'MovieSceneCapture' in 0.0010 seconds. Added 11 classes and 0 folders.
[2017.03.26-21.06.31:973][681]PIE: Info Play in editor start time for /Game/Maps/UEDPIE_0_CollectionLevel 0.773
[2017.03.26-21.06.41:610][682]LogStats: FPlatformStackWalk::StackWalkAndDump -  9.593 s
[2017.03.26-21.06.41:610][682]LogOutputDevice:Error: === Handled ensure: ===
[2017.03.26-21.06.41:610][682]LogOutputDevice:Error: 
[2017.03.26-21.06.41:610][682]LogOutputDevice:Error: Ensure condition failed: ActorHasBegunPlay == EActorBeginPlayState::HasNotBegunPlay [File:D:\Build\++UE4+Release-4.15+Compile\Sync\Engine\Source\Runtime\Engine\Private\Actor.cpp] [Line: 3104]
[2017.03.26-21.06.41:610][682]LogOutputDevice:Error: BeginPlay was called on actor /Game/Maps/UEDPIE_0_CollectionLevel.CollectionLevel:PersistentLevel.BP_BatteryPickup_C_0 which was in state 2
[2017.03.26-21.06.41:610][682]LogOutputDevice:Error: Stack: 
[2017.03.26-21.06.41:610][682]LogOutputDevice:Error: UE4Editor-Core.dll!FWindowsPlatformStackWalk::StackWalkAndDump() [d:\build\++ue4+release-4.15+compile\sync\engine\source\runtime\core\private\windows\windowsplatformstackwalk.cpp:200]
[2017.03.26-21.06.41:610][682]LogOutputDevice:Error: UE4Editor-Core.dll!FDebug::EnsureFailed() [d:\build\++ue4+release-4.15+compile\sync\engine\source\runtime\core\private\misc\assertionmacros.cpp:233]
[2017.03.26-21.06.41:610][682]LogOutputDevice:Error: UE4Editor-Core.dll!FDebug::OptionallyLogFormattedEnsureMessageReturningFalse() [d:\build\++ue4+release-4.15+compile\sync\engine\source\runtime\core\private\misc\assertionmacros.cpp:360]
[2017.03.26-21.06.41:610][682]LogOutputDevice:Error: UE4Editor-Engine.dll!AActor::BeginPlay() [d:\build\++ue4+release-4.15+compile\sync\engine\source\runtime\engine\private\actor.cpp:3104]
[2017.03.26-21.06.41:610][682]LogOutputDevice:Error: UE4Editor-Engine.dll!AActor::DispatchBeginPlay() [d:\build\++ue4+release-4.15+compile\sync\engine\source\runtime\engine\private\actor.cpp:3097]
[2017.03.26-21.06.41:610][682]LogOutputDevice:Error: UE4Editor-Engine.dll!AActor::PostActorConstruction() [d:\build\++ue4+release-4.15+compile\sync\engine\source\runtime\engine\private\actor.cpp:2963]
[2017.03.26-21.06.41:610][682]LogOutputDevice:Error: UE4Editor-Engine.dll!AActor::FinishSpawning() [d:\build\++ue4+release-4.15+compile\sync\engine\source\runtime\engine\private\actor.cpp:2869]
[2017.03.26-21.06.41:610][682]LogOutputDevice:Error: UE4Editor-Engine.dll!AActor::PostSpawnInitialize() [d:\build\++ue4+release-4.15+compile\sync\engine\source\runtime\engine\private\actor.cpp:2811]
[2017.03.26-21.06.41:610][682]LogOutputDevice:Error: UE4Editor-Engine.dll!UWorld::SpawnActor() [d:\build\++ue4+release-4.15+compile\sync\engine\source\runtime\engine\private\levelactor.cpp:458]
[2017.03.26-21.06.41:610][682]LogOutputDevice:Error: UE4Editor-Engine.dll!UWorld::SpawnActor() [d:\build\++ue4+release-4.15+compile\sync\engine\source\runtime\engine\private\levelactor.cpp:291]
[2017.03.26-21.06.41:610][682]LogOutputDevice:Error: UE4Editor-BatteryCollector.dll!ASpawnVolume::SpawnPickup() [c:\users\jaybyrrd\documents\unreal projects\batterycollector\source\batterycollector\spawnvolume.cpp:67]
[2017.03.26-21.06.41:610][682]LogOutputDevice:Error: UE4Editor-Engine.dll!FTimerUnifiedDelegate::Execute() [d:\build\++ue4+release-4.15+compile\sync\engine\source\runtime\engine\public\timermanager.h:46]
[2017.03.26-21.06.41:610][682]LogOutputDevice:Error: UE4Editor-Engine.dll!FTimerManager::Tick() [d:\build\++ue4+release-4.15+compile\sync\engine\source\runtime\engine\private\timermanager.cpp:574]
[2017.03.26-21.06.41:610][682]LogOutputDevice:Error: UE4Editor-Engine.dll!UWorld::Tick() [d:\build\++ue4+release-4.15+compile\sync\engine\source\runtime\engine\private\leveltick.cpp:1427]
[2017.03.26-21.06.41:610][682]LogOutputDevice:Error: UE4Editor-UnrealEd.dll!UEditorEngine::Tick() [d:\build\++ue4+release-4.15+compile\sync\engine\source\editor\unrealed\private\editorengine.cpp:1630]
[2017.03.26-21.06.41:610][682]LogOutputDevice:Error: UE4Editor-UnrealEd.dll!UUnrealEdEngine::Tick() [d:\build\++ue4+release-4.15+compile\sync\engine\source\editor\unrealed\private\unrealedengine.cpp:391]
[2017.03.26-21.06.41:610][682]LogOutputDevice:Error: UE4Editor.exe!FEngineLoop::Tick() [d:\build\++ue4+release-4.15+compile\sync\engine\source\runtime\launch\private\launchengineloop.cpp:3025]
[2017.03.26-21.06.41:610][682]LogOutputDevice:Error: UE4Editor.exe!GuardedMain() [d:\build\++ue4+release-4.15+compile\sync\engine\source\runtime\launch\private\launch.cpp:166]
[2017.03.26-21.06.41:610][682]LogOutputDevice:Error: UE4Editor.exe!GuardedMainWrapper() [d:\build\++ue4+release-4.15+compile\sync\engine\source\runtime\launch\private\windows\launchwindows.cpp:134]
[2017.03.26-21.06.41:610][682]LogOutputDevice:Error: UE4Editor.exe!WinMain() [d:\build\++ue4+release-4.15+compile\sync\engine\source\runtime\launch\private\windows\launchwindows.cpp:210]
[2017.03.26-21.06.41:610][682]LogOutputDevice:Error: UE4Editor.exe!__scrt_common_main_seh() [f:\dd\vctools\crt\vcstartup\src\startup\exe_common.inl:264]
[2017.03.26-21.06.41:610][682]LogOutputDevice:Error: KERNEL32.DLL!0x00000000BC698364
[2017.03.26-21.06.41:610][682]LogOutputDevice:Error: ntdll.dll!0x00000000BEE970D1
[2017.03.26-21.06.41:610][682]LogOutputDevice:Error: 
[2017.03.26-21.06.41:614][682]LogStats:                SubmitErrorReport -  0.000 s
