Log file open, 03/29/17 20:45:47
LogInit:Display: Running engine for game: BatteryCollector
LogPlatformFile: Not using cached read wrapper
LogInit:Display: RandInit(-1717807897) SRandInit(-1717807897).
LogTaskGraph: Started task graph with 5 named threads and 10 total threads with 1 sets of task threads.
LogStats: Stats thread started at 0.359251
LogInit: Using libcurl 7.47.1
LogInit:  - built for x86_64-pc-win32
LogInit:  - supports SSL with OpenSSL/1.0.2g
LogInit:  - supports HTTP deflate (compression) using libz 1.2.8
LogInit:  - other features:
LogInit:      CURL_VERSION_SSL
LogInit:      CURL_VERSION_LIBZ
LogInit:      CURL_VERSION_IPV6
LogInit:      CURL_VERSION_ASYNCHDNS
LogInit:      CURL_VERSION_LARGEFILE
LogInit:      CURL_VERSION_IDN
LogInit:  CurlRequestOptions (configurable via config and command line):
LogInit:  - bVerifyPeer = false  - Libcurl will NOT verify peer certificate
LogInit:  - bUseHttpProxy = false  - Libcurl will NOT use HTTP proxy
LogInit:  - bDontReuseConnections = false  - Libcurl will reuse connections
LogInit:  - CertBundlePath = nullptr  - Libcurl will use whatever was configured at build time.
LogInit: Build: ++UE4+Release-4.15-CL-3348071
LogInit: Engine Version: 4.15.1-3348071+++UE4+Release-4.15
LogInit: Compatible Engine Version: 4.15.0-3299760+++UE4+Release-4.15
LogInit: Net CL: 3299760
LogDevObjectVersion: Number of dev versions registered: 14
LogDevObjectVersion:   Dev-Blueprints (B0D832E4-1F89-4F0D-ACCF-7EB736FD4AA2): 8
LogDevObjectVersion:   Dev-Build (E1C64328-A22C-4D53-A36C-8E866417BD8C): 0
LogDevObjectVersion:   Dev-Core (375EC13C-06E4-48FB-B500-84F0262A717E): 2
LogDevObjectVersion:   Dev-Editor (E4B068ED-F494-42E9-A231-DA0B2E46BB41): 14
LogDevObjectVersion:   Dev-Framework (CFFC743F-43B0-4480-9391-14DF171D2073): 22
LogDevObjectVersion:   Dev-Mobile (B02B49B5-BB20-44E9-A304-32B752E40360): 0
LogDevObjectVersion:   Dev-Networking (A4E4105C-59A1-49B5-A7C5-40C4547EDFEE): 0
LogDevObjectVersion:   Dev-Online (39C831C9-5AE6-47DC-9A44-9C173E1C8E7C): 0
LogDevObjectVersion:   Dev-Physics (78F01B33-EBEA-4F98-B9B4-84EACCB95AA2): 0
LogDevObjectVersion:   Dev-Platform (6631380F-2D4D-43E0-8009-CF276956A95A): 0
LogDevObjectVersion:   Dev-Rendering (12F88B9F-8875-4AFC-A67C-D90C383ABD29): 12
LogDevObjectVersion:   Dev-Sequencer (7B5AE74C-D270-4C10-A958-57980B212A5A): 3
LogDevObjectVersion:   Dev-VR (D7296918-1DD6-4BDD-9DE2-64A83CC13884): 0
LogDevObjectVersion:   Dev-LoadTimes (C2A15278-BFE7-4AFE-6C17-90FF531DF755): 1
LogInit: Compiled (64-bit): Mar 15 2017 16:52:47
LogInit: Compiled with Visual C++: 19.00.23026.00
LogInit: Build Configuration: Development
LogInit: Branch Name: ++UE4+Release-4.15
LogInit: Command line:  -skipcompile
LogInit: Base directory: C:/Program Files/Epic Games/UE_4.15/Engine/Binaries/Win64/
LogInit: Installed Engine Build: 1
LogInit: Presizing for max 8388607 objects, including 0 objects not considered by GC, pre-allocating 0 bytes for permanent pool.
LogInit: Object subsystem initialized
[2017.03.30-00.45.48:716][  0]LogInit: Selected Device Profile: [Windows]
[2017.03.30-00.45.48:716][  0]LogInit: Applying CVar settings loaded from the selected device profile: [Windows]
[2017.03.30-00.45.48:735][  0]LogInit: Computer: DESKTOP-9S1GO0T
[2017.03.30-00.45.48:735][  0]LogInit: User: JayByrrd
[2017.03.30-00.45.48:735][  0]LogInit: CPU Page size=65536, Cores=6
[2017.03.30-00.45.48:735][  0]LogInit: High frequency timer resolution =3.507508 MHz
[2017.03.30-00.45.48:737][  0]LogMemory: Memory total: Physical=31.9GB (32GB approx)
[2017.03.30-00.45.48:737][  0]LogMemory: Platform Memory Stats for Windows
[2017.03.30-00.45.48:737][  0]LogMemory: Process Physical Memory: 264.43 MB used, 264.43 MB peak
[2017.03.30-00.45.48:737][  0]LogMemory: Process Virtual Memory: 260.07 MB used, 260.07 MB peak
[2017.03.30-00.45.48:737][  0]LogMemory: Physical Memory: 9375.87 MB used,  23311.23 MB free, 32687.10 MB total
[2017.03.30-00.45.48:737][  0]LogMemory: Virtual Memory: 644.56 MB used,  23311.23 MB free, 134217728.00 MB total
[2017.03.30-00.45.49:052][  0]LogTextLocalizationManager: No specific translations for ('en-US') exist, so ('en') translations will be used.
[2017.03.30-00.45.51:105][  0]LogD3D11RHI: D3D11 adapters:
[2017.03.30-00.45.51:728][  0]LogD3D11RHI:    0. 'NVIDIA GeForce GTX 1080' (Feature Level 11_0)
[2017.03.30-00.45.51:729][  0]LogD3D11RHI:       8000/0/16343 MB DedicatedVideo/DedicatedSystem/SharedSystem, Outputs:3, VendorId:0x10de
[2017.03.30-00.45.51:730][  0]LogD3D11RHI:    1. 'Microsoft Basic Render Driver' (Feature Level 11_0)
[2017.03.30-00.45.51:730][  0]LogD3D11RHI:       0/0/16343 MB DedicatedVideo/DedicatedSystem/SharedSystem, Outputs:0, VendorId:0x1414
[2017.03.30-00.45.51:730][  0]LogD3D11RHI: Chosen D3D11 Adapter: 0
[2017.03.30-00.45.51:738][  0]LogD3D11RHI: Creating new Direct3DDevice
[2017.03.30-00.45.51:738][  0]LogD3D11RHI:     GPU DeviceId: 0x1b80 (for the marketing name, search the web for "GPU Device Id")
[2017.03.30-00.45.51:738][  0]LogWindows: EnumDisplayDevices:
[2017.03.30-00.45.51:738][  0]LogWindows:    0. 'NVIDIA GeForce GTX 1080' (P:1 D:1)
[2017.03.30-00.45.51:738][  0]LogWindows:    1. 'NVIDIA GeForce GTX 1080' (P:0 D:1)
[2017.03.30-00.45.51:738][  0]LogWindows:    2. 'NVIDIA GeForce GTX 1080' (P:0 D:1)
[2017.03.30-00.45.51:738][  0]LogWindows:    3. 'NVIDIA GeForce GTX 1080' (P:0 D:0)
[2017.03.30-00.45.51:738][  0]LogWindows: DebugString: FoundDriverCount:4 
[2017.03.30-00.45.51:738][  0]LogD3D11RHI:     Adapter Name: NVIDIA GeForce GTX 1080
[2017.03.30-00.45.51:738][  0]LogD3D11RHI:   Driver Version: 378.78 (internal:21.21.13.7878, unified:378.78)
[2017.03.30-00.45.51:738][  0]LogD3D11RHI:      Driver Date: 2-23-2017
[2017.03.30-00.45.51:739][  0]LogRHI: Texture pool is 1361 MB (70% of 1945 MB)
[2017.03.30-00.45.52:308][  0]LogD3D11RHI: Async texture creation enabled
[2017.03.30-00.45.52:375][  0]LogD3D11RHI: GPU Timing Frequency: 1000.000000 (Debug: 2 1)
[2017.03.30-00.45.52:526][  0]LogShaderCompilers: Guid format shader working directory is -26 characters bigger than the processId version (../../../../../../Users/JayByrrd/Documents/Unreal Projects/BatteryCollector/Intermediate/Shaders/WorkingDirectory/1012/).
[2017.03.30-00.45.52:526][  0]LogShaderCompilers: Cleaned the shader compiler working directory 'C:/Users/JayByrrd/AppData/Local/Temp/UnrealShaderWorkingDir/8AA68E0F476EDAF81A6392987C702D6E/'.
[2017.03.30-00.45.52:526][  0]LogShaderCompilers:Display: Using Local Shader Compiler.
[2017.03.30-00.45.54:379][  0]LogTemp:Display: Loaded TP AllDesktopTargetPlatform
[2017.03.30-00.45.54:425][  0]LogTemp:Display: Loaded TP MacClientTargetPlatform
[2017.03.30-00.45.54:471][  0]LogTemp:Display: Loaded TP MacNoEditorTargetPlatform
[2017.03.30-00.45.54:516][  0]LogTemp:Display: Loaded TP MacServerTargetPlatform
[2017.03.30-00.45.54:566][  0]LogTemp:Display: Loaded TP MacTargetPlatform
[2017.03.30-00.45.54:612][  0]LogTemp:Display: Loaded TP WindowsClientTargetPlatform
[2017.03.30-00.45.54:656][  0]LogTemp:Display: Loaded TP WindowsNoEditorTargetPlatform
[2017.03.30-00.45.54:700][  0]LogTemp:Display: Loaded TP WindowsServerTargetPlatform
[2017.03.30-00.45.54:737][  0]LogTemp:Display: Loaded TP WindowsTargetPlatform
[2017.03.30-00.45.54:787][  0]LogTemp:Display: Loaded TP AndroidTargetPlatform
[2017.03.30-00.45.54:831][  0]LogTemp:Display: Loaded TP Android_ASTCTargetPlatform
[2017.03.30-00.45.54:875][  0]LogTemp:Display: Loaded TP Android_ATCTargetPlatform
[2017.03.30-00.45.54:918][  0]LogTemp:Display: Loaded TP Android_DXTTargetPlatform
[2017.03.30-00.45.54:961][  0]LogTemp:Display: Loaded TP Android_ETC1TargetPlatform
[2017.03.30-00.45.55:005][  0]LogTemp:Display: Loaded TP Android_ETC2TargetPlatform
[2017.03.30-00.45.55:093][  0]LogTemp:Display: Loaded TP Android_MultiTargetPlatform
[2017.03.30-00.45.55:093][  0]LogTemp:Display: Loaded TP Android_PVRTCTargetPlatform
[2017.03.30-00.45.55:124][  0]LogTemp:Display: Loaded TP HTML5TargetPlatform
[2017.03.30-00.45.55:229][  0]LogTemp:Display: Loaded TP IOSTargetPlatform
[2017.03.30-00.45.55:257][  0]LogTemp:Display: Loaded TP TVOSTargetPlatform
[2017.03.30-00.45.55:299][  0]LogTemp:Display: Loaded TP LinuxClientTargetPlatform
[2017.03.30-00.45.55:342][  0]LogTemp:Display: Loaded TP LinuxNoEditorTargetPlatform
[2017.03.30-00.45.55:384][  0]LogTemp:Display: Loaded TP LinuxServerTargetPlatform
[2017.03.30-00.45.55:431][  0]LogTemp:Display: Loaded TP LinuxTargetPlatform
[2017.03.30-00.45.55:431][  0]LogTargetPlatformManager:Display: Building Assets For Windows
[2017.03.30-00.45.56:093][  0]LogDerivedDataCache:Display: Max Cache Size: 512 MB
[2017.03.30-00.45.56:287][  0]LogDerivedDataCache: Loaded boot cache 0.19s 51MB C:/Users/JayByrrd/AppData/Local/UnrealEngine/4.15/DerivedDataCache/Boot.ddc.
[2017.03.30-00.45.56:287][  0]LogDerivedDataCache:Display: Loaded Boot cache: C:/Users/JayByrrd/AppData/Local/UnrealEngine/4.15/DerivedDataCache/Boot.ddc
[2017.03.30-00.45.56:288][  0]LogDerivedDataCache: FDerivedDataBackendGraph:  Pak pak cache file ../../../../../../Users/JayByrrd/Documents/Unreal Projects/BatteryCollector/DerivedDataCache/DDC.ddp not found, will not use a pak cache.
[2017.03.30-00.45.56:288][  0]LogDerivedDataCache: Unable to find inner node Pak for hierarchical cache Hierarchy.
[2017.03.30-00.45.56:288][  0]LogDerivedDataCache: FDerivedDataBackendGraph:  CompressedPak pak cache file ../../../../../../Users/JayByrrd/Documents/Unreal Projects/BatteryCollector/DerivedDataCache/Compressed.ddp not found, will not use a pak cache.
[2017.03.30-00.45.56:288][  0]LogDerivedDataCache: Unable to find inner node CompressedPak for hierarchical cache Hierarchy.
[2017.03.30-00.45.56:308][  0]LogDerivedDataCache:Display: Pak cache opened for reading ../../../Engine/DerivedDataCache/Compressed.ddp.
[2017.03.30-00.45.56:320][  0]LogDerivedDataCache: Using Local data cache path C:/Users/JayByrrd/AppData/Local/UnrealEngine/Common/DerivedDataCache: Writable
[2017.03.30-00.45.56:339][  0]LogSlate: Using Freetype 2.6.0
[2017.03.30-00.45.56:353][  0]LogSlate: SlateFontCache - WITH_FREETYPE: 1, WITH_HARFBUZZ: 1
[2017.03.30-00.45.56:353][  0]LogSlate: SlateFontCache - WITH_FREETYPE: 1, WITH_HARFBUZZ: 1
[2017.03.30-00.45.59:188][  0]LogInit: Selected Device Profile: [Windows]
[2017.03.30-00.45.59:201][  0]LogContentStreaming: Texture pool size is 0.00 MB
[2017.03.30-00.45.59:444][  0]LogMeshUtilities: Using QuadricMeshReduction for automatic static mesh reduction
[2017.03.30-00.45.59:481][  0]LogSimplygon: Simplygon DLL not present - disabling.
[2017.03.30-00.45.59:523][  0]LogMeshUtilities: Using SimplygonSwarm for distributed automatic mesh merging
[2017.03.30-00.45.59:523][  0]LogMeshUtilities: No automatic skeletal mesh reduction module available
[2017.03.30-00.45.59:523][  0]LogMeshUtilities: No automatic mesh merging module available
[2017.03.30-00.46.00:833][  0]LogNetVersion: GetLocalNetworkVersion: CL: 3299760, ProjectName: batterycollector, ProjectVersion: , EngineNetworkVersion: 2, GameNetworkVersion: 0, NetworkChecksum: 2727626990
[2017.03.30-00.46.00:889][  0]LogAssetRegistry: FAssetRegistry took 0.0225 seconds to start up
[2017.03.30-00.46.00:944][  0]LogPackageLocalizationCache: Processed 3 localized package path(s) for 2 prioritized culture(s) in 0.034163 seconds
[2017.03.30-00.46.00:950][  0]LogUObjectArray: 32493 objects as part of root set at end of initial load.
[2017.03.30-00.46.00:950][  0]LogUObjectAllocator: 7077032 out of 0 bytes used by permanent object pool.
[2017.03.30-00.46.00:950][  0]LogUObjectArray: CloseDisregardForGC: 0/0 objects in disregard for GC pool
[2017.03.30-00.46.01:013][  0]LogInit: WinSock: version 1.1 (2.2), MaxSocks=32767, MaxUdp=65467
[2017.03.30-00.46.03:606][  0]LogTcpMessaging: Initializing TcpMessaging bridge
[2017.03.30-00.46.03:644][  0]LogUdpMessaging: Initializing bridge on interface 0.0.0.0:0 to multicast group 230.0.0.1:6666.
[2017.03.30-00.46.04:552][  0]LogMaterial: Uniform references updated for custom material expression Custom.
[2017.03.30-00.46.04:954][  0]SourceControl: Info Source control is disabled
[2017.03.30-00.46.05:037][  0]SourceControl: Info Source control is disabled
[2017.03.30-00.46.05:084][  0]SourceControl: Info Source control is disabled
[2017.03.30-00.46.05:124][  0]SourceControl: Info Source control is disabled
[2017.03.30-00.46.06:350][  0]LogEngine: Initializing Engine...
[2017.03.30-00.46.06:351][  0]LogHMD: Failed to initialize OpenVR with code 110
[2017.03.30-00.46.06:669][  0]LogAIModule: Creating AISystem for world Untitled
[2017.03.30-00.46.06:693][  0]LogInit: XAudio2 using 'Focusrite USB (Focusrite USB Audio)' : 2 channels at 48 kHz using 16 bits per sample (channel mask 0x3)
[2017.03.30-00.46.06:701][  0]LogInit: FAudioDevice initialized.
[2017.03.30-00.46.06:724][  0]LogDerivedDataCache: Saved boot cache 0.02s 51MB C:/Users/JayByrrd/AppData/Local/UnrealEngine/4.15/DerivedDataCache/Boot.ddc.
[2017.03.30-00.46.06:731][  0]LogInit: Texture streaming: Enabled
[2017.03.30-00.46.06:844][  0]LogEngineSessionManager: EngineSessionManager initialized
[2017.03.30-00.46.07:003][  0]LogInit: Transaction tracking system initialized
[2017.03.30-00.46.07:329][  0]BlueprintLog: New page: Editor Load
[2017.03.30-00.46.08:227][  0]LocalizationService: Info Localization service is disabled
[2017.03.30-00.46.08:869][  0]LogConsoleResponse:Display: 
[2017.03.30-00.46.09:147][  0]LogCook:Display: Max memory allowance for cook 16384mb min free memory 0mb
[2017.03.30-00.46.09:148][  0]LogFileCache: Scanning file cache for directory 'C:/Users/JayByrrd/Documents/Unreal Projects/BatteryCollector/Content/' took 0.02s
[2017.03.30-00.46.09:148][  0]LogCook:Display: Mobile HDR setting 1
[2017.03.30-00.46.10:263][  0]SourceControl: Info Source control is disabled
[2017.03.30-00.46.10:268][  0]Cmd: MAP LOAD FILE="../../../../../../Users/JayByrrd/Documents/Unreal Projects/BatteryCollector/Content/Maps/CollectionLevel.umap" TEMPLATE=0 SHOWPROGRESS=1 FEATURELEVEL=3
[2017.03.30-00.46.10:277][  0]LightingResults: New page: Lighting Build
[2017.03.30-00.46.10:341][  0]MapCheck: New page: Map Check
[2017.03.30-00.46.10:342][  0]LightingResults: New page: Lighting Build
[2017.03.30-00.46.11:574][  0]LogAIModule: Creating AISystem for world CollectionLevel
[2017.03.30-00.46.11:630][  0]LogEditorServer: Finished looking for orphan Actors (0.000 secs)
[2017.03.30-00.46.11:633][  0]Cmd: MAP CHECKDEP NOCLEARLOG
[2017.03.30-00.46.11:674][  0]MapCheck: Info Map check complete: 0 Error(s), 0 Warning(s), took 40.385ms to complete.
[2017.03.30-00.46.11:674][  0]LogFileHelpers: Loading map 'CollectionLevel' took 1.409
[2017.03.30-00.46.11:994][  0]LogCollectionManager: Loaded 0 collections in 0.002003 seconds
[2017.03.30-00.46.12:097][  0]LogFileCache: Scanning file cache for directory 'C:/Users/JayByrrd/Documents/Unreal Projects/BatteryCollector/Saved/Collections/' took 0.01s
[2017.03.30-00.46.12:097][  0]LogFileCache: Scanning file cache for directory 'C:/Users/JayByrrd/Documents/Unreal Projects/BatteryCollector/Content/Developers/JayByrrd/Collections/' took 0.01s
[2017.03.30-00.46.12:097][  0]LogFileCache: Scanning file cache for directory 'C:/Users/JayByrrd/Documents/Unreal Projects/BatteryCollector/Content/Collections/' took 0.01s
[2017.03.30-00.46.12:097][  0]LogCollectionManager: Rebuilt the GUID cache for 0 collections in 0.000002 seconds
[2017.03.30-00.46.12:109][  0]LogContentBrowser: Native class hierarchy populated in 0.0093 seconds. Added 2250 classes and 455 folders.
[2017.03.30-00.46.12:116][  0]LogStats: UGameplayTagsManager::ConstructGameplayTagTree: Construct from data asset -  0.000 s
[2017.03.30-00.46.12:117][  0]LogStats: UGameplayTagsManager::ConstructGameplayTagTree: GameplayTagTreeChangedEvent.Broadcast -  0.000 s
[2017.03.30-00.46.12:169][  0]LogContentBrowser: Native class hierarchy updated for 'WidgetCarousel' in 0.0011 seconds. Added 0 classes and 0 folders.
[2017.03.30-00.46.12:521][  0]LogContentBrowser: Native class hierarchy updated for 'AddContentDialog' in 0.0013 seconds. Added 0 classes and 0 folders.
[2017.03.30-00.46.12:568][  0]LogContentBrowser: Native class hierarchy updated for 'SceneOutliner' in 0.0011 seconds. Added 1 classes and 2 folders.
[2017.03.30-00.46.12:651][  0]LogCrashTracker: Crashtracker disabled due to settings.
[2017.03.30-00.46.12:670][  0]LogUObjectGlobals:Warning: Failed to find object 'Class None.'
[2017.03.30-00.46.12:744][  0]LogContentBrowser: Native class hierarchy updated for 'HierarchicalLODOutliner' in 0.0012 seconds. Added 1 classes and 2 folders.
[2017.03.30-00.46.12:745][  0]LogLoad: (Engine Initialization) Total time: 27.39 seconds
[2017.03.30-00.46.12:745][  0]LogLoad: (Engine Initialization) Total Blueprint compile time: 0.37 seconds
[2017.03.30-00.46.12:745][  0]LogExternalProfiler: Found external profiler: VSPerf
[2017.03.30-00.46.12:745][  0]LogExternalProfiler: Using external profiler: VSPerf
[2017.03.30-00.46.13:086][  0]LogOcInput: OculusInput pre-init called
[2017.03.30-00.46.13:120][  0]LogContentStreaming: Texture pool size now 1000 MB
[2017.03.30-00.46.13:130][  0]LogSlate: Took 0.003883 seconds to synchronously load lazily loaded font '../../../Engine/Content/Slate/Fonts/Roboto-Regular.ttf' (155K)
[2017.03.30-00.46.13:138][  0]LogSlate: Took 0.004178 seconds to synchronously load lazily loaded font '../../../Engine/Content/Slate/Fonts/Roboto-Bold.ttf' (160K)
[2017.03.30-00.46.13:150][  0]LogSlate: Took 0.004507 seconds to synchronously load lazily loaded font '../../../Engine/Content/Editor/Slate/Fonts/FontAwesome.ttf' (139K)
[2017.03.30-00.46.13:345][  0]LogSlate: Took 0.003807 seconds to synchronously load lazily loaded font '../../../Engine/Content/Slate/Fonts/Roboto-Light.ttf' (159K)
[2017.03.30-00.46.13:370][  0]LogRenderer: Reallocating scene render targets to support 1208x576 NumSamples 1 (Frame:2).
[2017.03.30-00.46.13:456][  1]LogAssetRegistry: Asset discovery search completed in 12.5888 seconds
[2017.03.30-00.46.13:456][  1]LogCollectionManager: Rebuilt the object cache for 0 collections in 0.000005 seconds (found 0 objects)
[2017.03.30-00.46.13:456][  1]LogCollectionManager: Fixed up redirectors for 0 collections in 0.000031 seconds (updated 0 objects)
