Log file open, 03/27/17 21:10:46
LogInit:Display: Running engine for game: BatteryCollector
LogPlatformFile: Not using cached read wrapper
LogInit:Display: RandInit(-1292053485) SRandInit(-1292053485).
LogTaskGraph: Started task graph with 5 named threads and 10 total threads with 1 sets of task threads.
LogStats: Stats thread started at 0.103188
LogInit: Using libcurl 7.47.1
LogInit:  - built for x86_64-pc-win32
LogInit:  - supports SSL with OpenSSL/1.0.2g
LogInit:  - supports HTTP deflate (compression) using libz 1.2.8
LogInit:  - other features:
LogInit:      CURL_VERSION_SSL
LogInit:      CURL_VERSION_LIBZ
LogInit:      CURL_VERSION_IPV6
LogInit:      CURL_VERSION_ASYNCHDNS
LogInit:      CURL_VERSION_LARGEFILE
LogInit:      CURL_VERSION_IDN
LogInit:  CurlRequestOptions (configurable via config and command line):
LogInit:  - bVerifyPeer = false  - Libcurl will NOT verify peer certificate
LogInit:  - bUseHttpProxy = false  - Libcurl will NOT use HTTP proxy
LogInit:  - bDontReuseConnections = false  - Libcurl will reuse connections
LogInit:  - CertBundlePath = nullptr  - Libcurl will use whatever was configured at build time.
LogInit: Build: ++UE4+Release-4.15-CL-3348071
LogInit: Engine Version: 4.15.1-3348071+++UE4+Release-4.15
LogInit: Compatible Engine Version: 4.15.0-3299760+++UE4+Release-4.15
LogInit: Net CL: 3299760
LogDevObjectVersion: Number of dev versions registered: 14
LogDevObjectVersion:   Dev-Blueprints (B0D832E4-1F89-4F0D-ACCF-7EB736FD4AA2): 8
LogDevObjectVersion:   Dev-Build (E1C64328-A22C-4D53-A36C-8E866417BD8C): 0
LogDevObjectVersion:   Dev-Core (375EC13C-06E4-48FB-B500-84F0262A717E): 2
LogDevObjectVersion:   Dev-Editor (E4B068ED-F494-42E9-A231-DA0B2E46BB41): 14
LogDevObjectVersion:   Dev-Framework (CFFC743F-43B0-4480-9391-14DF171D2073): 22
LogDevObjectVersion:   Dev-Mobile (B02B49B5-BB20-44E9-A304-32B752E40360): 0
LogDevObjectVersion:   Dev-Networking (A4E4105C-59A1-49B5-A7C5-40C4547EDFEE): 0
LogDevObjectVersion:   Dev-Online (39C831C9-5AE6-47DC-9A44-9C173E1C8E7C): 0
LogDevObjectVersion:   Dev-Physics (78F01B33-EBEA-4F98-B9B4-84EACCB95AA2): 0
LogDevObjectVersion:   Dev-Platform (6631380F-2D4D-43E0-8009-CF276956A95A): 0
LogDevObjectVersion:   Dev-Rendering (12F88B9F-8875-4AFC-A67C-D90C383ABD29): 12
LogDevObjectVersion:   Dev-Sequencer (7B5AE74C-D270-4C10-A958-57980B212A5A): 3
LogDevObjectVersion:   Dev-VR (D7296918-1DD6-4BDD-9DE2-64A83CC13884): 0
LogDevObjectVersion:   Dev-LoadTimes (C2A15278-BFE7-4AFE-6C17-90FF531DF755): 1
LogInit: Compiled (64-bit): Mar 15 2017 16:52:47
LogInit: Compiled with Visual C++: 19.00.23026.00
LogInit: Build Configuration: Development
LogInit: Branch Name: ++UE4+Release-4.15
LogInit: Command line:  -skipcompile
LogInit: Base directory: C:/Program Files/Epic Games/UE_4.15/Engine/Binaries/Win64/
LogInit: Installed Engine Build: 1
LogInit: Presizing for max 8388607 objects, including 0 objects not considered by GC, pre-allocating 0 bytes for permanent pool.
LogInit: Object subsystem initialized
[2017.03.28-01.10.47:595][  0]LogInit: Selected Device Profile: [Windows]
[2017.03.28-01.10.47:595][  0]LogInit: Applying CVar settings loaded from the selected device profile: [Windows]
[2017.03.28-01.10.47:605][  0]LogInit: Computer: DESKTOP-9S1GO0T
[2017.03.28-01.10.47:605][  0]LogInit: User: JayByrrd
[2017.03.28-01.10.47:605][  0]LogInit: CPU Page size=65536, Cores=6
[2017.03.28-01.10.47:605][  0]LogInit: High frequency timer resolution =3.507508 MHz
[2017.03.28-01.10.47:606][  0]LogMemory: Memory total: Physical=31.9GB (32GB approx)
[2017.03.28-01.10.47:606][  0]LogMemory: Platform Memory Stats for Windows
[2017.03.28-01.10.47:606][  0]LogMemory: Process Physical Memory: 264.29 MB used, 264.29 MB peak
[2017.03.28-01.10.47:606][  0]LogMemory: Process Virtual Memory: 260.20 MB used, 260.20 MB peak
[2017.03.28-01.10.47:606][  0]LogMemory: Physical Memory: 13182.00 MB used,  19505.11 MB free, 32687.10 MB total
[2017.03.28-01.10.47:606][  0]LogMemory: Virtual Memory: 644.56 MB used,  19505.11 MB free, 134217728.00 MB total
[2017.03.28-01.10.47:674][  0]LogTextLocalizationManager: No specific translations for ('en-US') exist, so ('en') translations will be used.
[2017.03.28-01.10.48:204][  0]LogD3D11RHI: D3D11 adapters:
[2017.03.28-01.10.48:821][  0]LogD3D11RHI:    0. 'NVIDIA GeForce GTX 1080' (Feature Level 11_0)
[2017.03.28-01.10.48:821][  0]LogD3D11RHI:       8000/0/16343 MB DedicatedVideo/DedicatedSystem/SharedSystem, Outputs:3, VendorId:0x10de
[2017.03.28-01.10.48:822][  0]LogD3D11RHI:    1. 'Microsoft Basic Render Driver' (Feature Level 11_0)
[2017.03.28-01.10.48:822][  0]LogD3D11RHI:       0/0/16343 MB DedicatedVideo/DedicatedSystem/SharedSystem, Outputs:0, VendorId:0x1414
[2017.03.28-01.10.48:822][  0]LogD3D11RHI: Chosen D3D11 Adapter: 0
[2017.03.28-01.10.48:828][  0]LogD3D11RHI: Creating new Direct3DDevice
[2017.03.28-01.10.48:828][  0]LogD3D11RHI:     GPU DeviceId: 0x1b80 (for the marketing name, search the web for "GPU Device Id")
[2017.03.28-01.10.48:828][  0]LogWindows: EnumDisplayDevices:
[2017.03.28-01.10.48:828][  0]LogWindows:    0. 'NVIDIA GeForce GTX 1080' (P:1 D:1)
[2017.03.28-01.10.48:829][  0]LogWindows:    1. 'NVIDIA GeForce GTX 1080' (P:0 D:1)
[2017.03.28-01.10.48:829][  0]LogWindows:    2. 'NVIDIA GeForce GTX 1080' (P:0 D:1)
[2017.03.28-01.10.48:829][  0]LogWindows:    3. 'NVIDIA GeForce GTX 1080' (P:0 D:0)
[2017.03.28-01.10.48:829][  0]LogWindows: DebugString: FoundDriverCount:4 
[2017.03.28-01.10.48:829][  0]LogD3D11RHI:     Adapter Name: NVIDIA GeForce GTX 1080
[2017.03.28-01.10.48:829][  0]LogD3D11RHI:   Driver Version: 378.78 (internal:21.21.13.7878, unified:378.78)
[2017.03.28-01.10.48:829][  0]LogD3D11RHI:      Driver Date: 2-23-2017
[2017.03.28-01.10.48:829][  0]LogRHI: Texture pool is 1361 MB (70% of 1945 MB)
[2017.03.28-01.10.49:377][  0]LogD3D11RHI: Async texture creation enabled
[2017.03.28-01.10.49:413][  0]LogD3D11RHI: GPU Timing Frequency: 1000.000000 (Debug: 2 1)
[2017.03.28-01.10.49:554][  0]LogShaderCompilers: Guid format shader working directory is -27 characters bigger than the processId version (../../../../../../Users/JayByrrd/Documents/Unreal Projects/BatteryCollector/Intermediate/Shaders/WorkingDirectory/17428/).
[2017.03.28-01.10.49:554][  0]LogShaderCompilers: Cleaned the shader compiler working directory 'C:/Users/JayByrrd/AppData/Local/Temp/UnrealShaderWorkingDir/D7B1DC0D43D71EA404ED458BA06EE021/'.
[2017.03.28-01.10.49:554][  0]LogShaderCompilers:Display: Using Local Shader Compiler.
[2017.03.28-01.10.50:426][  0]LogTemp:Display: Loaded TP AllDesktopTargetPlatform
[2017.03.28-01.10.50:470][  0]LogTemp:Display: Loaded TP MacClientTargetPlatform
[2017.03.28-01.10.50:513][  0]LogTemp:Display: Loaded TP MacNoEditorTargetPlatform
[2017.03.28-01.10.50:559][  0]LogTemp:Display: Loaded TP MacServerTargetPlatform
[2017.03.28-01.10.50:607][  0]LogTemp:Display: Loaded TP MacTargetPlatform
[2017.03.28-01.10.50:651][  0]LogTemp:Display: Loaded TP WindowsClientTargetPlatform
[2017.03.28-01.10.50:695][  0]LogTemp:Display: Loaded TP WindowsNoEditorTargetPlatform
[2017.03.28-01.10.50:739][  0]LogTemp:Display: Loaded TP WindowsServerTargetPlatform
[2017.03.28-01.10.50:774][  0]LogTemp:Display: Loaded TP WindowsTargetPlatform
[2017.03.28-01.10.50:816][  0]LogTemp:Display: Loaded TP AndroidTargetPlatform
[2017.03.28-01.10.50:858][  0]LogTemp:Display: Loaded TP Android_ASTCTargetPlatform
[2017.03.28-01.10.50:900][  0]LogTemp:Display: Loaded TP Android_ATCTargetPlatform
[2017.03.28-01.10.50:944][  0]LogTemp:Display: Loaded TP Android_DXTTargetPlatform
[2017.03.28-01.10.50:986][  0]LogTemp:Display: Loaded TP Android_ETC1TargetPlatform
[2017.03.28-01.10.51:028][  0]LogTemp:Display: Loaded TP Android_ETC2TargetPlatform
[2017.03.28-01.10.51:112][  0]LogTemp:Display: Loaded TP Android_MultiTargetPlatform
[2017.03.28-01.10.51:112][  0]LogTemp:Display: Loaded TP Android_PVRTCTargetPlatform
[2017.03.28-01.10.51:141][  0]LogTemp:Display: Loaded TP HTML5TargetPlatform
[2017.03.28-01.10.51:223][  0]LogTemp:Display: Loaded TP IOSTargetPlatform
[2017.03.28-01.10.51:250][  0]LogTemp:Display: Loaded TP TVOSTargetPlatform
[2017.03.28-01.10.51:292][  0]LogTemp:Display: Loaded TP LinuxClientTargetPlatform
[2017.03.28-01.10.51:335][  0]LogTemp:Display: Loaded TP LinuxNoEditorTargetPlatform
[2017.03.28-01.10.51:377][  0]LogTemp:Display: Loaded TP LinuxServerTargetPlatform
[2017.03.28-01.10.51:419][  0]LogTemp:Display: Loaded TP LinuxTargetPlatform
[2017.03.28-01.10.51:419][  0]LogTargetPlatformManager:Display: Building Assets For Windows
[2017.03.28-01.10.51:780][  0]LogDerivedDataCache:Display: Max Cache Size: 512 MB
[2017.03.28-01.10.51:828][  0]LogDerivedDataCache: Loaded boot cache 0.05s 51MB C:/Users/JayByrrd/AppData/Local/UnrealEngine/4.15/DerivedDataCache/Boot.ddc.
[2017.03.28-01.10.51:828][  0]LogDerivedDataCache:Display: Loaded Boot cache: C:/Users/JayByrrd/AppData/Local/UnrealEngine/4.15/DerivedDataCache/Boot.ddc
[2017.03.28-01.10.51:828][  0]LogDerivedDataCache: FDerivedDataBackendGraph:  Pak pak cache file ../../../../../../Users/JayByrrd/Documents/Unreal Projects/BatteryCollector/DerivedDataCache/DDC.ddp not found, will not use a pak cache.
[2017.03.28-01.10.51:828][  0]LogDerivedDataCache: Unable to find inner node Pak for hierarchical cache Hierarchy.
[2017.03.28-01.10.51:828][  0]LogDerivedDataCache: FDerivedDataBackendGraph:  CompressedPak pak cache file ../../../../../../Users/JayByrrd/Documents/Unreal Projects/BatteryCollector/DerivedDataCache/Compressed.ddp not found, will not use a pak cache.
[2017.03.28-01.10.51:828][  0]LogDerivedDataCache: Unable to find inner node CompressedPak for hierarchical cache Hierarchy.
[2017.03.28-01.10.51:843][  0]LogDerivedDataCache:Display: Pak cache opened for reading ../../../Engine/DerivedDataCache/Compressed.ddp.
[2017.03.28-01.10.51:854][  0]LogDerivedDataCache: Using Local data cache path C:/Users/JayByrrd/AppData/Local/UnrealEngine/Common/DerivedDataCache: Writable
[2017.03.28-01.10.51:862][  0]LogSlate: Using Freetype 2.6.0
[2017.03.28-01.10.51:862][  0]LogSlate: SlateFontCache - WITH_FREETYPE: 1, WITH_HARFBUZZ: 1
[2017.03.28-01.10.51:862][  0]LogSlate: SlateFontCache - WITH_FREETYPE: 1, WITH_HARFBUZZ: 1
[2017.03.28-01.10.52:066][  0]LogInit: Selected Device Profile: [Windows]
[2017.03.28-01.10.52:068][  0]LogContentStreaming: Texture pool size is 0.00 MB
[2017.03.28-01.10.52:245][  0]LogMeshUtilities: Using QuadricMeshReduction for automatic static mesh reduction
[2017.03.28-01.10.52:281][  0]LogSimplygon: Simplygon DLL not present - disabling.
[2017.03.28-01.10.52:321][  0]LogMeshUtilities: Using SimplygonSwarm for distributed automatic mesh merging
[2017.03.28-01.10.52:321][  0]LogMeshUtilities: No automatic skeletal mesh reduction module available
[2017.03.28-01.10.52:321][  0]LogMeshUtilities: No automatic mesh merging module available
[2017.03.28-01.10.52:773][  0]LogNetVersion: GetLocalNetworkVersion: CL: 3299760, ProjectName: batterycollector, ProjectVersion: , EngineNetworkVersion: 2, GameNetworkVersion: 0, NetworkChecksum: 2727626990
[2017.03.28-01.10.52:817][  0]LogAssetRegistry: FAssetRegistry took 0.0219 seconds to start up
[2017.03.28-01.10.52:873][  0]LogPackageLocalizationCache: Processed 3 localized package path(s) for 2 prioritized culture(s) in 0.026449 seconds
[2017.03.28-01.10.52:878][  0]LogUObjectArray: 32493 objects as part of root set at end of initial load.
[2017.03.28-01.10.52:878][  0]LogUObjectAllocator: 7077024 out of 0 bytes used by permanent object pool.
[2017.03.28-01.10.52:878][  0]LogUObjectArray: CloseDisregardForGC: 0/0 objects in disregard for GC pool
[2017.03.28-01.10.52:931][  0]LogInit: WinSock: version 1.1 (2.2), MaxSocks=32767, MaxUdp=65467
[2017.03.28-01.10.54:218][  0]LogTcpMessaging: Initializing TcpMessaging bridge
[2017.03.28-01.10.54:254][  0]LogUdpMessaging: Initializing bridge on interface 0.0.0.0:0 to multicast group 230.0.0.1:6666.
[2017.03.28-01.10.54:758][  0]LogMaterial: Uniform references updated for custom material expression Custom.
[2017.03.28-01.10.55:060][  0]SourceControl: Info Source control is disabled
[2017.03.28-01.10.55:083][  0]SourceControl: Info Source control is disabled
[2017.03.28-01.10.55:120][  0]SourceControl: Info Source control is disabled
[2017.03.28-01.10.55:155][  0]SourceControl: Info Source control is disabled
[2017.03.28-01.10.56:167][  0]LogEngine: Initializing Engine...
[2017.03.28-01.10.56:167][  0]LogHMD: Failed to initialize OpenVR with code 110
[2017.03.28-01.10.56:350][  0]LogAIModule: Creating AISystem for world Untitled
[2017.03.28-01.10.56:363][  0]LogInit: XAudio2 using 'Focusrite USB (Focusrite USB Audio)' : 2 channels at 48 kHz using 16 bits per sample (channel mask 0x3)
[2017.03.28-01.10.56:370][  0]LogInit: FAudioDevice initialized.
[2017.03.28-01.10.56:393][  0]LogDerivedDataCache: Saved boot cache 0.02s 51MB C:/Users/JayByrrd/AppData/Local/UnrealEngine/4.15/DerivedDataCache/Boot.ddc.
[2017.03.28-01.10.56:399][  0]LogInit: Texture streaming: Enabled
[2017.03.28-01.10.56:485][  0]LogEngineSessionManager: EngineSessionManager initialized
[2017.03.28-01.10.56:554][  0]LogInit: Transaction tracking system initialized
[2017.03.28-01.10.56:826][  0]BlueprintLog: New page: Editor Load
[2017.03.28-01.10.57:571][  0]LocalizationService: Info Localization service is disabled
[2017.03.28-01.10.58:107][  0]LogConsoleResponse:Display: 
[2017.03.28-01.10.58:206][  0]LogCook:Display: Max memory allowance for cook 16384mb min free memory 0mb
[2017.03.28-01.10.58:206][  0]LogCook:Display: Mobile HDR setting 1
[2017.03.28-01.10.58:246][  0]LogFileCache: Scanning file cache for directory 'C:/Users/JayByrrd/Documents/Unreal Projects/BatteryCollector/Content/' took 0.01s
[2017.03.28-01.10.59:019][  0]SourceControl: Info Source control is disabled
[2017.03.28-01.10.59:019][  0]Cmd: MAP LOAD FILE="../../../../../../Users/JayByrrd/Documents/Unreal Projects/BatteryCollector/Content/Maps/CollectionLevel.umap" TEMPLATE=0 SHOWPROGRESS=1 FEATURELEVEL=3
[2017.03.28-01.10.59:020][  0]LightingResults: New page: Lighting Build
[2017.03.28-01.10.59:051][  0]MapCheck: New page: Map Check
[2017.03.28-01.10.59:051][  0]LightingResults: New page: Lighting Build
[2017.03.28-01.10.59:599][  0]LogAIModule: Creating AISystem for world CollectionLevel
[2017.03.28-01.10.59:621][  0]LogEditorServer: Finished looking for orphan Actors (0.000 secs)
[2017.03.28-01.10.59:621][  0]Cmd: MAP CHECKDEP NOCLEARLOG
[2017.03.28-01.10.59:660][  0]MapCheck: Info Map check complete: 0 Error(s), 0 Warning(s), took 38.87ms to complete.
[2017.03.28-01.10.59:660][  0]LogFileHelpers: Loading map 'CollectionLevel' took 0.641
[2017.03.28-01.10.59:846][  0]LogCollectionManager: Loaded 0 collections in 0.002062 seconds
[2017.03.28-01.10.59:931][  0]LogFileCache: Scanning file cache for directory 'C:/Users/JayByrrd/Documents/Unreal Projects/BatteryCollector/Saved/Collections/' took 0.01s
[2017.03.28-01.10.59:931][  0]LogFileCache: Scanning file cache for directory 'C:/Users/JayByrrd/Documents/Unreal Projects/BatteryCollector/Content/Developers/JayByrrd/Collections/' took 0.01s
[2017.03.28-01.10.59:931][  0]LogFileCache: Scanning file cache for directory 'C:/Users/JayByrrd/Documents/Unreal Projects/BatteryCollector/Content/Collections/' took 0.01s
[2017.03.28-01.10.59:931][  0]LogCollectionManager: Rebuilt the GUID cache for 0 collections in 0.000001 seconds
[2017.03.28-01.10.59:939][  0]LogContentBrowser: Native class hierarchy populated in 0.0080 seconds. Added 2250 classes and 455 folders.
[2017.03.28-01.10.59:941][  0]LogStats: UGameplayTagsManager::ConstructGameplayTagTree: Construct from data asset -  0.000 s
[2017.03.28-01.10.59:941][  0]LogStats: UGameplayTagsManager::ConstructGameplayTagTree: GameplayTagTreeChangedEvent.Broadcast -  0.000 s
[2017.03.28-01.10.59:991][  0]LogContentBrowser: Native class hierarchy updated for 'WidgetCarousel' in 0.0010 seconds. Added 0 classes and 0 folders.
[2017.03.28-01.11.00:021][  0]LogContentBrowser: Native class hierarchy updated for 'AddContentDialog' in 0.0010 seconds. Added 0 classes and 0 folders.
[2017.03.28-01.11.00:057][  0]LogContentBrowser: Native class hierarchy updated for 'SceneOutliner' in 0.0010 seconds. Added 1 classes and 2 folders.
[2017.03.28-01.11.00:094][  0]LogCrashTracker: Crashtracker disabled due to settings.
[2017.03.28-01.11.00:100][  0]LogUObjectGlobals:Warning: Failed to find object 'Class None.'
[2017.03.28-01.11.00:156][  0]LogContentBrowser: Native class hierarchy updated for 'HierarchicalLODOutliner' in 0.0010 seconds. Added 1 classes and 2 folders.
[2017.03.28-01.11.00:157][  0]LogLoad: (Engine Initialization) Total time: 14.49 seconds
[2017.03.28-01.11.00:157][  0]LogLoad: (Engine Initialization) Total Blueprint compile time: 0.22 seconds
[2017.03.28-01.11.00:157][  0]LogExternalProfiler: Found external profiler: VSPerf
[2017.03.28-01.11.00:157][  0]LogExternalProfiler: Using external profiler: VSPerf
[2017.03.28-01.11.00:496][  0]LogOcInput: OculusInput pre-init called
[2017.03.28-01.11.00:510][  0]LogAssetRegistry: Asset discovery search completed in 7.7149 seconds
[2017.03.28-01.11.00:510][  0]LogCollectionManager: Rebuilt the object cache for 0 collections in 0.000003 seconds (found 0 objects)
[2017.03.28-01.11.00:510][  0]LogCollectionManager: Fixed up redirectors for 0 collections in 0.000017 seconds (updated 0 objects)
[2017.03.28-01.11.00:514][  0]LogContentStreaming: Texture pool size now 1000 MB
[2017.03.28-01.11.00:523][  0]LogSlate: Took 0.000164 seconds to synchronously load lazily loaded font '../../../Engine/Content/Slate/Fonts/Roboto-Regular.ttf' (155K)
[2017.03.28-01.11.00:526][  0]LogSlate: Took 0.000169 seconds to synchronously load lazily loaded font '../../../Engine/Content/Slate/Fonts/Roboto-Bold.ttf' (160K)
[2017.03.28-01.11.00:530][  0]LogSlate: Took 0.000139 seconds to synchronously load lazily loaded font '../../../Engine/Content/Editor/Slate/Fonts/FontAwesome.ttf' (139K)
[2017.03.28-01.11.00:642][  0]LogSlate: Took 0.000183 seconds to synchronously load lazily loaded font '../../../Engine/Content/Slate/Fonts/Roboto-Light.ttf' (159K)
[2017.03.28-01.11.00:661][  0]LogRenderer: Reallocating scene render targets to support 1208x576 NumSamples 1 (Frame:2).
[2017.03.28-01.11.27:468][211]LogWindowsTextInputMethodSystem:Display: IME system now deactivated.
[2017.03.28-01.11.27:669][212]Cmd: QUIT_EDITOR
[2017.03.28-01.11.27:717][212]LogExit: Preparing to exit.
[2017.03.28-01.11.28:412][212]LogDirectoryWatcher: A directory notification for 'C:/Users/JayByrrd/Documents/Unreal Projects/BatteryCollector/Content/' was aborted.
[2017.03.28-01.11.28:440][212]LogExit: Editor shut down
[2017.03.28-01.11.28:440][212]LogExit: Transaction tracking system shut down
[2017.03.28-01.11.28:500][212]LogObj: Freed 0b from 0 cluster array pools.
[2017.03.28-01.11.28:500][212]LogExit: Object subsystem successfully closed.
[2017.03.28-01.11.28:629][212]LogD3D11RHI: Shutdown
[2017.03.28-01.11.28:629][212]LogD3D11RHI: CleanupD3DDevice
[2017.03.28-01.11.29:038][212]LogD3D11RHI: ~FD3D11DynamicRHI
[2017.03.28-01.11.29:053][212]LogModuleManager: Shutting down and abandoning module HierarchicalLODOutliner (500)
[2017.03.28-01.11.29:053][212]LogModuleManager: Shutting down and abandoning module CrashTracker (498)
[2017.03.28-01.11.29:053][212]LogModuleManager: Shutting down and abandoning module SceneOutliner (496)
[2017.03.28-01.11.29:053][212]LogModuleManager: Shutting down and abandoning module AddContentDialog (494)
[2017.03.28-01.11.29:053][212]LogDirectoryWatcher: A directory notification for 'C:/Program Files/Epic Games/UE_4.15/FeaturePacks/' was aborted.
[2017.03.28-01.11.29:053][212]LogModuleManager: Shutting down and abandoning module WidgetCarousel (493)
[2017.03.28-01.11.29:054][212]LogModuleManager: Shutting down and abandoning module EditorWidgets (490)
[2017.03.28-01.11.29:054][212]LogModuleManager: Shutting down and abandoning module CollectionManager (488)
[2017.03.28-01.11.29:054][212]LogDirectoryWatcher: A directory notification for 'C:/Users/JayByrrd/Documents/Unreal Projects/BatteryCollector/Content/Collections/' was aborted.
[2017.03.28-01.11.29:054][212]LogDirectoryWatcher: A directory notification for 'C:/Users/JayByrrd/Documents/Unreal Projects/BatteryCollector/Content/Developers/JayByrrd/Collections/' was aborted.
[2017.03.28-01.11.29:054][212]LogDirectoryWatcher: A directory notification for 'C:/Users/JayByrrd/Documents/Unreal Projects/BatteryCollector/Saved/Collections/' was aborted.
[2017.03.28-01.11.29:054][212]LogModuleManager: Shutting down and abandoning module StatsViewer (486)
[2017.03.28-01.11.29:054][212]LogModuleManager: Shutting down and abandoning module FoliageEdit (484)
[2017.03.28-01.11.29:054][212]LogModuleManager: Shutting down and abandoning module LandscapeEditor (482)
[2017.03.28-01.11.29:054][212]LogModuleManager: Shutting down and abandoning module SceneDepthPickerMode (480)
[2017.03.28-01.11.29:054][212]LogModuleManager: Shutting down and abandoning module ActorPickerMode (478)
[2017.03.28-01.11.29:054][212]LogModuleManager: Shutting down and abandoning module GeometryMode (476)
[2017.03.28-01.11.29:054][212]LogModuleManager: Shutting down and abandoning module TextureAlignMode (474)
[2017.03.28-01.11.29:054][212]LogModuleManager: Shutting down and abandoning module BspMode (472)
[2017.03.28-01.11.29:054][212]LogModuleManager: Shutting down and abandoning module HardwareSurvey (470)
[2017.03.28-01.11.29:054][212]LogModuleManager: Shutting down and abandoning module SequenceRecorderSections (468)
[2017.03.28-01.11.29:054][212]LogModuleManager: Shutting down and abandoning module AutomationWorker (466)
[2017.03.28-01.11.29:054][212]LogModuleManager: Shutting down and abandoning module MatineeToLevelSequence (464)
[2017.03.28-01.11.29:054][212]LogModuleManager: Shutting down and abandoning module LevelSequenceEditor (462)
[2017.03.28-01.11.29:054][212]LogModuleManager: Shutting down and abandoning module PlacementMode (461)
[2017.03.28-01.11.29:054][212]LogModuleManager: Shutting down and abandoning module WmfMediaFactory (458)
[2017.03.28-01.11.29:054][212]LogModuleManager: Shutting down and abandoning module WmfMediaEditor (456)
[2017.03.28-01.11.29:054][212]LogModuleManager: Shutting down and abandoning module MfMediaFactory (454)
[2017.03.28-01.11.29:054][212]LogModuleManager: Shutting down and abandoning module MfMediaEditor (452)
[2017.03.28-01.11.29:054][212]LogModuleManager: Shutting down and abandoning module AvfMediaFactory (450)
[2017.03.28-01.11.29:054][212]LogModuleManager: Shutting down and abandoning module AvfMediaEditor (448)
[2017.03.28-01.11.29:054][212]LogModuleManager: Shutting down and abandoning module AndroidMediaFactory (446)
[2017.03.28-01.11.29:054][212]LogModuleManager: Shutting down and abandoning module Media (445)
[2017.03.28-01.11.29:054][212]LogModuleManager: Shutting down and abandoning module AndroidMediaEditor (442)
[2017.03.28-01.11.29:054][212]LogModuleManager: Shutting down and abandoning module CharacterAI (440)
[2017.03.28-01.11.29:054][212]LogModuleManager: Shutting down and abandoning module AudioCapture (438)
[2017.03.28-01.11.29:054][212]LogModuleManager: Shutting down and abandoning module SequenceRecorder (437)
[2017.03.28-01.11.29:054][212]LogModuleManager: Shutting down and abandoning module SmartSnapping (434)
[2017.03.28-01.11.29:054][212]LogModuleManager: Shutting down and abandoning module SessionServices (432)
[2017.03.28-01.11.29:054][212]LogModuleManager: Shutting down and abandoning module ViewportSnapping (430)
[2017.03.28-01.11.29:054][212]LogModuleManager: Shutting down and abandoning module ViewportInteraction (428)
[2017.03.28-01.11.29:054][212]LogModuleManager: Shutting down and abandoning module LogVisualizer (426)
[2017.03.28-01.11.29:054][212]LogModuleManager: Shutting down and abandoning module IntroTutorials (424)
[2017.03.28-01.11.29:055][212]LogModuleManager: Shutting down and abandoning module GameProjectGeneration (423)
[2017.03.28-01.11.29:055][212]LogModuleManager: Shutting down and abandoning module EditorLiveStreaming (420)
[2017.03.28-01.11.29:055][212]LogModuleManager: Shutting down and abandoning module IOSPlatformEditor (418)
[2017.03.28-01.11.29:055][212]LogModuleManager: Shutting down and abandoning module HTML5PlatformEditor (416)
[2017.03.28-01.11.29:055][212]LogModuleManager: Shutting down and abandoning module AndroidPlatformEditor (414)
[2017.03.28-01.11.29:055][212]LogModuleManager: Shutting down and abandoning module AndroidDeviceDetection (413)
[2017.03.28-01.11.29:883][212]LogModuleManager: Shutting down and abandoning module IOSRuntimeSettings (410)
[2017.03.28-01.11.29:883][212]LogModuleManager: Shutting down and abandoning module AndroidRuntimeSettings (408)
[2017.03.28-01.11.29:883][212]LogModuleManager: Shutting down and abandoning module InputBindingEditor (406)
[2017.03.28-01.11.29:883][212]LogModuleManager: Shutting down and abandoning module NiagaraEditor (404)
[2017.03.28-01.11.29:883][212]LogModuleManager: Shutting down and abandoning module MergeActors (402)
[2017.03.28-01.11.29:883][212]LogModuleManager: Shutting down and abandoning module SizeMap (400)
[2017.03.28-01.11.29:883][212]LogModuleManager: Shutting down and abandoning module TreeMap (398)
[2017.03.28-01.11.29:883][212]LogModuleManager: Shutting down and abandoning module ReferenceViewer (396)
[2017.03.28-01.11.29:883][212]LogModuleManager: Shutting down and abandoning module LocalizationDashboard (394)
[2017.03.28-01.11.29:883][212]LogModuleManager: Shutting down and abandoning module LocalizationService (393)
[2017.03.28-01.11.29:883][212]LogModuleManager: Shutting down and abandoning module HardwareTargeting (390)
[2017.03.28-01.11.29:883][212]LogModuleManager: Shutting down and abandoning module DeviceProfileEditor (388)
[2017.03.28-01.11.29:883][212]LogModuleManager: Shutting down and abandoning module UndoHistory (386)
[2017.03.28-01.11.29:883][212]LogModuleManager: Shutting down and abandoning module UserFeedback (384)
[2017.03.28-01.11.29:883][212]LogModuleManager: Shutting down and abandoning module XmlParser (382)
[2017.03.28-01.11.29:883][212]LogModuleManager: Shutting down and abandoning module Blutility (380)
[2017.03.28-01.11.29:883][212]LogModuleManager: Shutting down and abandoning module ProjectSettingsViewer (378)
[2017.03.28-01.11.29:883][212]LogModuleManager: Shutting down and abandoning module ProjectTargetPlatformEditor (377)
[2017.03.28-01.11.29:883][212]LogModuleManager: Shutting down and abandoning module EditorSettingsViewer (374)
[2017.03.28-01.11.29:883][212]LogModuleManager: Shutting down and abandoning module SettingsEditor (372)
[2017.03.28-01.11.29:883][212]LogModuleManager: Shutting down and abandoning module ProjectLauncher (370)
[2017.03.28-01.11.29:883][212]LogModuleManager: Shutting down and abandoning module SessionFrontend (368)
[2017.03.28-01.11.29:883][212]LogModuleManager: Shutting down and abandoning module ProfilerClient (366)
[2017.03.28-01.11.29:883][212]LogModuleManager: Shutting down and abandoning module DeviceManager (364)
[2017.03.28-01.11.29:883][212]LogModuleManager: Shutting down and abandoning module TargetDeviceServices (363)
[2017.03.28-01.11.29:935][212]LogModuleManager: Shutting down and abandoning module AutomationController (360)
[2017.03.28-01.11.29:935][212]LogModuleManager: Shutting down and abandoning module AutomationWindow (358)
[2017.03.28-01.11.29:935][212]LogModuleManager: Shutting down and abandoning module Layers (356)
[2017.03.28-01.11.29:935][212]LogModuleManager: Shutting down and abandoning module ComponentVisualizers (354)
[2017.03.28-01.11.29:935][212]LogModuleManager: Shutting down and abandoning module DetailCustomizations (352)
[2017.03.28-01.11.29:935][212]LogModuleManager: Shutting down and abandoning module PackagesDialog (350)
[2017.03.28-01.11.29:935][212]LogModuleManager: Shutting down and abandoning module Persona (348)
[2017.03.28-01.11.29:935][212]LogModuleManager: Shutting down and abandoning module AnimGraph (347)
[2017.03.28-01.11.29:935][212]LogModuleManager: Shutting down and abandoning module Kismet (344)
[2017.03.28-01.11.29:936][212]LogModuleManager: Shutting down and abandoning module GraphEditor (342)
[2017.03.28-01.11.29:936][212]LogModuleManager: Shutting down and abandoning module ClassViewer (340)
[2017.03.28-01.11.29:936][212]LogModuleManager: Shutting down and abandoning module Toolbox (338)
[2017.03.28-01.11.29:936][212]LogModuleManager: Shutting down and abandoning module ModuleUI (336)
[2017.03.28-01.11.29:936][212]LogModuleManager: Shutting down and abandoning module MovieSceneTools (334)
[2017.03.28-01.11.29:936][212]LogModuleManager: Shutting down and abandoning module OutputLog (332)
[2017.03.28-01.11.29:936][212]LogModuleManager: Shutting down and abandoning module GammaUI (330)
[2017.03.28-01.11.29:937][212]LogModuleManager: Shutting down and abandoning module Documentation (328)
[2017.03.28-01.11.29:937][212]LogModuleManager: Shutting down and abandoning module Niagara (326)
[2017.03.28-01.11.29:937][212]LogModuleManager: Shutting down and abandoning module StreamingPauseRendering (324)
[2017.03.28-01.11.29:937][212]LogModuleManager: Shutting down and abandoning module AnalyticsET (322)
[2017.03.28-01.11.29:937][212]LogModuleManager: Shutting down and abandoning module PortalServices (320)
[2017.03.28-01.11.29:937][212]LogModuleManager: Shutting down and abandoning module PortalRpc (318)
[2017.03.28-01.11.29:937][212]LogModuleManager: Shutting down and abandoning module MessagingRpc (316)
[2017.03.28-01.11.29:937][212]LogModuleManager: Shutting down and abandoning module AIModule (314)
[2017.03.28-01.11.29:937][212]LogModuleManager: Shutting down and abandoning module GameplayDebugger (313)
[2017.03.28-01.11.29:937][212]LogModuleManager: Shutting down and abandoning module AITestSuite (311)
[2017.03.28-01.11.29:937][212]LogModuleManager: Shutting down and abandoning module ProfilerService (308)
[2017.03.28-01.11.30:166][212]LogModuleManager: Shutting down and abandoning module TaskGraph (306)
[2017.03.28-01.11.30:166][212]LogModuleManager: Shutting down and abandoning module SteamVRController (304)
[2017.03.28-01.11.30:166][212]LogModuleManager: Shutting down and abandoning module SteamVR (302)
[2017.03.28-01.11.30:166][212]LogModuleManager: Shutting down and abandoning module ProceduralMeshComponentEditor (300)
[2017.03.28-01.11.30:166][212]LogModuleManager: Shutting down and abandoning module ProceduralMeshComponent (298)
[2017.03.28-01.11.30:166][212]LogModuleManager: Shutting down and abandoning module OculusLibrary (296)
[2017.03.28-01.11.30:166][212]LogModuleManager: Shutting down and abandoning module OculusInput (294)
[2017.03.28-01.11.30:166][212]LogModuleManager: Shutting down and abandoning module MobilePatchingUtils (292)
[2017.03.28-01.11.30:166][212]LogModuleManager: Shutting down and abandoning module CustomMeshComponent (290)
[2017.03.28-01.11.30:166][212]LogModuleManager: Shutting down and abandoning module CableComponent (288)
[2017.03.28-01.11.30:166][212]LogModuleManager: Shutting down and abandoning module ArchVisCharacter (286)
[2017.03.28-01.11.30:166][212]LogModuleManager: Shutting down and abandoning module MediaPlayerEditor (282)
[2017.03.28-01.11.30:166][212]LogModuleManager: Shutting down and abandoning module HTML5Networking (280)
[2017.03.28-01.11.30:166][212]LogModuleManager: Shutting down and abandoning module AlembicImporter (278)
[2017.03.28-01.11.30:166][212]LogModuleManager: Shutting down and abandoning module AlembicLibrary (277)
[2017.03.28-01.11.30:166][212]LogModuleManager: Shutting down and abandoning module GeometryCache (276)
[2017.03.28-01.11.30:166][212]LogModuleManager: Shutting down and abandoning module GeometryCacheEd (275)
[2017.03.28-01.11.30:166][212]LogModuleManager: Shutting down and abandoning module SuperSearchEditor (270)
[2017.03.28-01.11.30:166][212]LogModuleManager: Shutting down and abandoning module SuperSearch (269)
[2017.03.28-01.11.30:166][212]LogModuleManager: Shutting down and abandoning module SpeedTreeImporter (266)
[2017.03.28-01.11.30:166][212]LogModuleManager: Shutting down and abandoning module PluginBrowser (264)
[2017.03.28-01.11.30:166][212]LogModuleManager: Shutting down and abandoning module MobileLauncherProfileWizard (262)
[2017.03.28-01.11.30:166][212]LogModuleManager: Shutting down and abandoning module EpicSurvey (260)
[2017.03.28-01.11.30:166][212]LogModuleManager: Shutting down and abandoning module VisualStudioSourceCodeAccess (258)
[2017.03.28-01.11.30:166][212]LogModuleManager: Shutting down and abandoning module DesktopPlatform (257)
[2017.03.28-01.11.30:166][212]LogModuleManager: Shutting down and abandoning module UObjectPlugin (254)
[2017.03.28-01.11.30:166][212]LogModuleManager: Shutting down and abandoning module SubversionSourceControl (252)
[2017.03.28-01.11.30:166][212]LogModuleManager: Shutting down and abandoning module PerforceSourceControl (250)
[2017.03.28-01.11.30:166][212]LogModuleManager: Shutting down and abandoning module GitSourceControl (248)
[2017.03.28-01.11.30:166][212]LogModuleManager: Shutting down and abandoning module SourceControl (247)
[2017.03.28-01.11.30:166][212]LogModuleManager: Shutting down and abandoning module LightPropagationVolumeEditor (244)
[2017.03.28-01.11.30:166][212]LogModuleManager: Shutting down and abandoning module PaperTiledImporter (242)
[2017.03.28-01.11.30:166][212]LogModuleManager: Shutting down and abandoning module PaperSpriteSheetImporter (240)
[2017.03.28-01.11.30:166][212]LogModuleManager: Shutting down and abandoning module Paper2DEditor (238)
[2017.03.28-01.11.30:166][212]LogModuleManager: Shutting down and abandoning module MeshPaint (237)
[2017.03.28-01.11.30:166][212]LogModuleManager: Shutting down and abandoning module LevelEditor (235)
[2017.03.28-01.11.30:168][212]LogModuleManager: Shutting down and abandoning module PixelInspectorModule (234)
[2017.03.28-01.11.30:168][212]LogModuleManager: Shutting down and abandoning module MainFrame (232)
[2017.03.28-01.11.30:168][212]LogModuleManager: Shutting down and abandoning module HotReload (231)
[2017.03.28-01.11.30:168][212]LogDirectoryWatcher: A directory notification for 'C:/Users/JayByrrd/Documents/Unreal Projects/BatteryCollector/Binaries/Win64' was aborted.
[2017.03.28-01.11.30:169][212]LogModuleManager: Shutting down and abandoning module ContentBrowser (227)
[2017.03.28-01.11.30:169][212]LogModuleManager: Shutting down and abandoning module BatteryCollector (224)
[2017.03.28-01.11.30:169][212]LogModuleManager: Shutting down and abandoning module PhysXVehiclesEditor (222)
[2017.03.28-01.11.30:169][212]LogModuleManager: Shutting down and abandoning module PhysXVehicles (220)
[2017.03.28-01.11.30:169][212]LogModuleManager: Shutting down and abandoning module LocationServicesBPLibrary (218)
[2017.03.28-01.11.30:169][212]LogModuleManager: Shutting down and abandoning module UdpMessaging (216)
[2017.03.28-01.11.30:270][212]LogModuleManager: Shutting down and abandoning module TcpMessaging (214)
[2017.03.28-01.11.30:370][212]LogModuleManager: Shutting down and abandoning module GameplayTagsEditor (212)
[2017.03.28-01.11.30:370][212]LogModuleManager: Shutting down and abandoning module FacialAnimationEditor (210)
[2017.03.28-01.11.30:370][212]LogModuleManager: Shutting down and abandoning module FacialAnimation (208)
[2017.03.28-01.11.30:370][212]LogModuleManager: Shutting down and abandoning module LightPropagationVolumeRuntime (206)
[2017.03.28-01.11.30:370][212]LogModuleManager: Shutting down and abandoning module Paper2D (204)
[2017.03.28-01.11.30:370][212]LogModuleManager: Shutting down and abandoning module WindowsMoviePlayer (202)
[2017.03.28-01.11.30:370][212]LogModuleManager: Shutting down and abandoning module WmfMedia (200)
[2017.03.28-01.11.30:370][212]LogModuleManager: Shutting down and abandoning module MfMedia (198)
[2017.03.28-01.11.30:370][212]LogModuleManager: Shutting down and abandoning module MediaAssets (196)
[2017.03.28-01.11.30:370][212]LogModuleManager: Shutting down and abandoning module GameLiveStreaming (194)
[2017.03.28-01.11.30:370][212]LogModuleManager: Shutting down and abandoning module VREditor (192)
[2017.03.28-01.11.30:370][212]LogModuleManager: Shutting down and abandoning module GameplayTasksEditor (190)
[2017.03.28-01.11.30:370][212]LogModuleManager: Shutting down and abandoning module BehaviorTreeEditor (188)
[2017.03.28-01.11.30:370][212]LogModuleManager: Shutting down and abandoning module FunctionalTesting (186)
[2017.03.28-01.11.30:370][212]LogModuleManager: Shutting down and abandoning module CollisionAnalyzer (184)
[2017.03.28-01.11.30:370][212]LogModuleManager: Shutting down and abandoning module UMG (182)
[2017.03.28-01.11.30:370][212]LogModuleManager: Shutting down and abandoning module UMGEditor (181)
[2017.03.28-01.11.30:370][212]LogModuleManager: Shutting down and abandoning module Sequencer (180)
[2017.03.28-01.11.30:370][212]LogModuleManager: Shutting down and abandoning module AssetTools (178)
[2017.03.28-01.11.30:370][212]LogModuleManager: Shutting down and abandoning module MessageLog (177)
[2017.03.28-01.11.30:370][212]LogModuleManager: Shutting down and abandoning module WorkspaceMenuStructure (176)
[2017.03.28-01.11.30:370][212]LogModuleManager: Shutting down and abandoning module SlateReflector (170)
[2017.03.28-01.11.30:370][212]LogModuleManager: Shutting down and abandoning module Slate (168)
[2017.03.28-01.11.30:370][212]LogModuleManager: Shutting down and abandoning module EditorStyle (166)
[2017.03.28-01.11.30:372][212]LogModuleManager: Shutting down and abandoning module SourceCodeAccess (164)
[2017.03.28-01.11.30:372][212]LogModuleManager: Shutting down and abandoning module HeadMountedDisplay (162)
[2017.03.28-01.11.30:372][212]LogModuleManager: Shutting down and abandoning module XAudio2 (160)
[2017.03.28-01.11.30:372][212]LogModuleManager: Shutting down and abandoning module Networking (158)
[2017.03.28-01.11.30:372][212]LogModuleManager: Shutting down and abandoning module Core (154)
[2017.03.28-01.11.30:372][212]LogModuleManager: Shutting down and abandoning module AssetRegistry (152)
[2017.03.28-01.11.30:421][212]LogDirectoryWatcher: A directory notification for '../../../Engine/Content/' was aborted.
[2017.03.28-01.11.30:421][212]LogDirectoryWatcher: A directory notification for '../../../../../../Users/JayByrrd/Documents/Unreal Projects/BatteryCollector/Content/' was aborted.
[2017.03.28-01.11.30:421][212]LogDirectoryWatcher: A directory notification for '../../../Engine/Plugins/2D/Paper2D/Content/' was aborted.
[2017.03.28-01.11.30:421][212]LogModuleManager: Shutting down and abandoning module DirectoryWatcher (151)
[2017.03.28-01.11.30:422][212]LogModuleManager: Shutting down and abandoning module KismetCompiler (148)
[2017.03.28-01.11.30:422][212]LogModuleManager: Shutting down and abandoning module PhysXFormats (146)
[2017.03.28-01.11.30:422][212]LogModuleManager: Shutting down and abandoning module MeshUtilities (144)
[2017.03.28-01.11.30:422][212]LogModuleManager: Shutting down and abandoning module SimplygonSwarm (143)
[2017.03.28-01.11.30:422][212]LogModuleManager: Shutting down and abandoning module SimplygonMeshReduction (141)
[2017.03.28-01.11.30:422][212]LogModuleManager: Shutting down and abandoning module QuadricMeshReduction (139)
[2017.03.28-01.11.30:422][212]LogModuleManager: Shutting down and abandoning module PropertyEditor (137)
[2017.03.28-01.11.30:422][212]LogModuleManager: Shutting down and abandoning module DerivedDataCache (134)
[2017.03.28-01.11.30:875][212]LogDerivedDataCache: Shutdown
[2017.03.28-01.11.30:875][212]LogModuleManager: Shutting down and abandoning module TargetPlatform (132)
[2017.03.28-01.11.30:875][212]LogModuleManager: Shutting down and abandoning module VulkanShaderFormat (131)
[2017.03.28-01.11.30:875][212]LogModuleManager: Shutting down and abandoning module ShaderFormatOpenGL (129)
[2017.03.28-01.11.30:875][212]LogModuleManager: Shutting down and abandoning module ShaderFormatD3D (127)
[2017.03.28-01.11.30:875][212]LogModuleManager: Shutting down and abandoning module MetalShaderFormat (125)
[2017.03.28-01.11.30:875][212]LogModuleManager: Shutting down and abandoning module TextureFormatUncompressed (123)
[2017.03.28-01.11.30:875][212]LogModuleManager: Shutting down and abandoning module TextureFormatPVR (121)
[2017.03.28-01.11.30:875][212]LogModuleManager: Shutting down and abandoning module TextureFormatDXT (119)
[2017.03.28-01.11.30:875][212]LogModuleManager: Shutting down and abandoning module TextureFormatIntelISPCTexComp (117)
[2017.03.28-01.11.30:875][212]LogModuleManager: Shutting down and abandoning module TextureFormatASTC (115)
[2017.03.28-01.11.30:875][212]LogModuleManager: Shutting down and abandoning module ImageWrapper (114)
[2017.03.28-01.11.30:875][212]LogModuleManager: Shutting down and abandoning module TextureFormatAndroid (111)
[2017.03.28-01.11.30:875][212]LogModuleManager: Shutting down and abandoning module AudioFormatOpus (109)
[2017.03.28-01.11.30:876][212]LogModuleManager: Shutting down and abandoning module AudioFormatOgg (107)
[2017.03.28-01.11.30:876][212]LogModuleManager: Shutting down and abandoning module AudioFormatADPCM (105)
[2017.03.28-01.11.30:876][212]LogModuleManager: Shutting down and abandoning module LinuxTargetPlatform (103)
[2017.03.28-01.11.30:876][212]LogModuleManager: Shutting down and abandoning module LinuxServerTargetPlatform (101)
[2017.03.28-01.11.30:876][212]LogModuleManager: Shutting down and abandoning module LinuxNoEditorTargetPlatform (99)
[2017.03.28-01.11.30:876][212]LogModuleManager: Shutting down and abandoning module LinuxClientTargetPlatform (97)
[2017.03.28-01.11.30:876][212]LogModuleManager: Shutting down and abandoning module TVOSTargetPlatform (95)
[2017.03.28-01.11.30:876][212]LogModuleManager: Shutting down and abandoning module Messaging (93)
[2017.03.28-01.11.30:876][212]LogModuleManager: Shutting down and abandoning module IOSTargetPlatform (91)
[2017.03.28-01.11.30:876][212]LogModuleManager: Shutting down and abandoning module HTML5TargetPlatform (89)
[2017.03.28-01.11.30:876][212]LogModuleManager: Shutting down and abandoning module Android_PVRTCTargetPlatform (87)
[2017.03.28-01.11.30:876][212]LogModuleManager: Shutting down and abandoning module Android_MultiTargetPlatform (85)
[2017.03.28-01.11.30:876][212]LogModuleManager: Shutting down and abandoning module Android_ETC2TargetPlatform (83)
[2017.03.28-01.11.30:876][212]LogModuleManager: Shutting down and abandoning module Android_ETC1TargetPlatform (81)
[2017.03.28-01.11.30:876][212]LogModuleManager: Shutting down and abandoning module Android_DXTTargetPlatform (79)
[2017.03.28-01.11.30:876][212]LogModuleManager: Shutting down and abandoning module Android_ATCTargetPlatform (77)
[2017.03.28-01.11.30:876][212]LogModuleManager: Shutting down and abandoning module Android_ASTCTargetPlatform (75)
[2017.03.28-01.11.30:876][212]LogModuleManager: Shutting down and abandoning module AndroidTargetPlatform (73)
[2017.03.28-01.11.30:876][212]LogModuleManager: Shutting down and abandoning module WindowsTargetPlatform (71)
[2017.03.28-01.11.30:876][212]LogModuleManager: Shutting down and abandoning module WindowsServerTargetPlatform (69)
[2017.03.28-01.11.30:876][212]LogModuleManager: Shutting down and abandoning module WindowsNoEditorTargetPlatform (67)
[2017.03.28-01.11.30:876][212]LogModuleManager: Shutting down and abandoning module WindowsClientTargetPlatform (65)
[2017.03.28-01.11.30:876][212]LogModuleManager: Shutting down and abandoning module MacTargetPlatform (63)
[2017.03.28-01.11.30:876][212]LogModuleManager: Shutting down and abandoning module MacServerTargetPlatform (61)
[2017.03.28-01.11.30:876][212]LogModuleManager: Shutting down and abandoning module MacNoEditorTargetPlatform (59)
[2017.03.28-01.11.30:876][212]LogModuleManager: Shutting down and abandoning module MacClientTargetPlatform (57)
[2017.03.28-01.11.30:876][212]LogModuleManager: Shutting down and abandoning module AllDesktopTargetPlatform (55)
[2017.03.28-01.11.30:876][212]LogModuleManager: Shutting down and abandoning module InputCore (52)
[2017.03.28-01.11.30:876][212]LogModuleManager: Shutting down and abandoning module Settings (50)
[2017.03.28-01.11.30:876][212]LogModuleManager: Shutting down and abandoning module OculusRift (48)
[2017.03.28-01.11.30:876][212]LogModuleManager: Shutting down and abandoning module GearVR (46)
[2017.03.28-01.11.30:876][212]LogModuleManager: Shutting down and abandoning module ExampleDeviceProfileSelector (44)
[2017.03.28-01.11.30:876][212]LogModuleManager: Shutting down and abandoning module OnlineBlueprintSupport (42)
[2017.03.28-01.11.30:876][212]LogModuleManager: Shutting down and abandoning module OnlineSubsystem (38)
[2017.03.28-01.11.30:876][212]LogOnline:Display: Unloading online subsystem: NULL
[2017.03.28-01.11.30:876][212]LogModuleManager: Shutting down and abandoning module XMPP (37)
[2017.03.28-01.11.30:876][212]LogModuleManager: Shutting down and abandoning module HTTP (35)
[2017.03.28-01.11.30:876][212]LogHttp:Display: Http module shutting down, but needs to wait on 1 outstanding Http requests:
[2017.03.28-01.11.30:876][212]LogHttp:Display: 	verb=[POST] url=[https://datarouter.ol.epicgames.com/datarouter/api/v1/public/data?SessionID=%7B7E14BC6D-4307-A206-6AC9-9E91B0EFB946%7D&AppID=UEEditor.Rocket.Release&AppVersion=4.15.1-3348071%2B%2B%2BUE4%2BRelease-4.15&UserID=e9a5f3914da7c8876924f3875b7780f4%7C6d608bed019b40a9a9209d406a5b1e26%7Cdca7bcd9-e62a-4b5e-a462-8a61273c630f&AppEnvironment=datacollector-binary&UploadType=eteventstream] status=Processing
[2017.03.28-01.11.30:897][212]LogModuleManager: Shutting down and abandoning module SSL (34)
[2017.03.28-01.11.30:898][212]LogModuleManager: Shutting down and abandoning module AudioEditor (30)
[2017.03.28-01.11.30:898][212]LogModuleManager: Shutting down and abandoning module TextureCompressor (28)
[2017.03.28-01.11.30:898][212]LogModuleManager: Shutting down and abandoning module ShaderCore (26)
[2017.03.28-01.11.30:898][212]LogModuleManager: Shutting down and abandoning module Landscape (24)
[2017.03.28-01.11.30:898][212]LogModuleManager: Shutting down and abandoning module SlateRHIRenderer (22)
[2017.03.28-01.11.30:899][212]LogModuleManager: Shutting down and abandoning module OpenGLDrv (20)
[2017.03.28-01.11.30:899][212]LogModuleManager: Shutting down and abandoning module D3D11RHI (18)
[2017.03.28-01.11.30:899][212]LogModuleManager: Shutting down and abandoning module AnimGraphRuntime (16)
[2017.03.28-01.11.30:899][212]LogModuleManager: Shutting down and abandoning module Renderer (14)
[2017.03.28-01.11.30:899][212]LogModuleManager: Shutting down and abandoning module Engine (12)
[2017.03.28-01.11.30:899][212]LogModuleManager: Shutting down and abandoning module CoreUObject (10)
[2017.03.28-01.11.30:899][212]LogModuleManager: Shutting down and abandoning module NetworkFile (8)
[2017.03.28-01.11.30:899][212]LogModuleManager: Shutting down and abandoning module StreamingFile (6)
[2017.03.28-01.11.30:899][212]LogModuleManager: Shutting down and abandoning module SandboxFile (4)
[2017.03.28-01.11.30:899][212]LogModuleManager: Shutting down and abandoning module PakFile (2)
[2017.03.28-01.11.30:900][212]LogExit: Exiting.
[2017.03.28-01.11.30:902][212]Log file closed, 03/27/17 21:11:30
