Log file open, 03/27/17 22:10:42
LogInit:Display: Running engine for game: BatteryCollector
LogPlatformFile: Not using cached read wrapper
LogInit:Display: RandInit(-1564568187) SRandInit(-1564568187).
LogTaskGraph: Started task graph with 5 named threads and 10 total threads with 1 sets of task threads.
LogStats: Stats thread started at 0.101138
LogInit: Using libcurl 7.47.1
LogInit:  - built for x86_64-pc-win32
LogInit:  - supports SSL with OpenSSL/1.0.2g
LogInit:  - supports HTTP deflate (compression) using libz 1.2.8
LogInit:  - other features:
LogInit:      CURL_VERSION_SSL
LogInit:      CURL_VERSION_LIBZ
LogInit:      CURL_VERSION_IPV6
LogInit:      CURL_VERSION_ASYNCHDNS
LogInit:      CURL_VERSION_LARGEFILE
LogInit:      CURL_VERSION_IDN
LogInit:  CurlRequestOptions (configurable via config and command line):
LogInit:  - bVerifyPeer = false  - Libcurl will NOT verify peer certificate
LogInit:  - bUseHttpProxy = false  - Libcurl will NOT use HTTP proxy
LogInit:  - bDontReuseConnections = false  - Libcurl will reuse connections
LogInit:  - CertBundlePath = nullptr  - Libcurl will use whatever was configured at build time.
LogInit: Build: ++UE4+Release-4.15-CL-3348071
LogInit: Engine Version: 4.15.1-3348071+++UE4+Release-4.15
LogInit: Compatible Engine Version: 4.15.0-3299760+++UE4+Release-4.15
LogInit: Net CL: 3299760
LogDevObjectVersion: Number of dev versions registered: 14
LogDevObjectVersion:   Dev-Blueprints (B0D832E4-1F89-4F0D-ACCF-7EB736FD4AA2): 8
LogDevObjectVersion:   Dev-Build (E1C64328-A22C-4D53-A36C-8E866417BD8C): 0
LogDevObjectVersion:   Dev-Core (375EC13C-06E4-48FB-B500-84F0262A717E): 2
LogDevObjectVersion:   Dev-Editor (E4B068ED-F494-42E9-A231-DA0B2E46BB41): 14
LogDevObjectVersion:   Dev-Framework (CFFC743F-43B0-4480-9391-14DF171D2073): 22
LogDevObjectVersion:   Dev-Mobile (B02B49B5-BB20-44E9-A304-32B752E40360): 0
LogDevObjectVersion:   Dev-Networking (A4E4105C-59A1-49B5-A7C5-40C4547EDFEE): 0
LogDevObjectVersion:   Dev-Online (39C831C9-5AE6-47DC-9A44-9C173E1C8E7C): 0
LogDevObjectVersion:   Dev-Physics (78F01B33-EBEA-4F98-B9B4-84EACCB95AA2): 0
LogDevObjectVersion:   Dev-Platform (6631380F-2D4D-43E0-8009-CF276956A95A): 0
LogDevObjectVersion:   Dev-Rendering (12F88B9F-8875-4AFC-A67C-D90C383ABD29): 12
LogDevObjectVersion:   Dev-Sequencer (7B5AE74C-D270-4C10-A958-57980B212A5A): 3
LogDevObjectVersion:   Dev-VR (D7296918-1DD6-4BDD-9DE2-64A83CC13884): 0
LogDevObjectVersion:   Dev-LoadTimes (C2A15278-BFE7-4AFE-6C17-90FF531DF755): 1
LogInit: Compiled (64-bit): Mar 15 2017 16:52:47
LogInit: Compiled with Visual C++: 19.00.23026.00
LogInit: Build Configuration: Development
LogInit: Branch Name: ++UE4+Release-4.15
LogInit: Command line:  -skipcompile
LogInit: Base directory: C:/Program Files/Epic Games/UE_4.15/Engine/Binaries/Win64/
LogInit: Installed Engine Build: 1
LogInit: Presizing for max 8388607 objects, including 0 objects not considered by GC, pre-allocating 0 bytes for permanent pool.
LogInit: Object subsystem initialized
[2017.03.28-02.10.43:607][  0]LogInit: Selected Device Profile: [Windows]
[2017.03.28-02.10.43:607][  0]LogInit: Applying CVar settings loaded from the selected device profile: [Windows]
[2017.03.28-02.10.43:620][  0]LogInit: Computer: DESKTOP-9S1GO0T
[2017.03.28-02.10.43:620][  0]LogInit: User: JayByrrd
[2017.03.28-02.10.43:620][  0]LogInit: CPU Page size=65536, Cores=6
[2017.03.28-02.10.43:620][  0]LogInit: High frequency timer resolution =3.507508 MHz
[2017.03.28-02.10.43:620][  0]LogMemory: Memory total: Physical=31.9GB (32GB approx)
[2017.03.28-02.10.43:620][  0]LogMemory: Platform Memory Stats for Windows
[2017.03.28-02.10.43:620][  0]LogMemory: Process Physical Memory: 264.48 MB used, 264.48 MB peak
[2017.03.28-02.10.43:620][  0]LogMemory: Process Virtual Memory: 260.02 MB used, 260.02 MB peak
[2017.03.28-02.10.43:620][  0]LogMemory: Physical Memory: 12979.42 MB used,  19707.68 MB free, 32687.10 MB total
[2017.03.28-02.10.43:620][  0]LogMemory: Virtual Memory: 644.56 MB used,  19707.68 MB free, 134217728.00 MB total
[2017.03.28-02.10.43:700][  0]LogTextLocalizationManager: No specific translations for ('en-US') exist, so ('en') translations will be used.
[2017.03.28-02.10.44:280][  0]LogD3D11RHI: D3D11 adapters:
[2017.03.28-02.10.44:938][  0]LogD3D11RHI:    0. 'NVIDIA GeForce GTX 1080' (Feature Level 11_0)
[2017.03.28-02.10.44:938][  0]LogD3D11RHI:       8000/0/16343 MB DedicatedVideo/DedicatedSystem/SharedSystem, Outputs:3, VendorId:0x10de
[2017.03.28-02.10.44:939][  0]LogD3D11RHI:    1. 'Microsoft Basic Render Driver' (Feature Level 11_0)
[2017.03.28-02.10.44:939][  0]LogD3D11RHI:       0/0/16343 MB DedicatedVideo/DedicatedSystem/SharedSystem, Outputs:0, VendorId:0x1414
[2017.03.28-02.10.44:939][  0]LogD3D11RHI: Chosen D3D11 Adapter: 0
[2017.03.28-02.10.44:944][  0]LogD3D11RHI: Creating new Direct3DDevice
[2017.03.28-02.10.44:944][  0]LogD3D11RHI:     GPU DeviceId: 0x1b80 (for the marketing name, search the web for "GPU Device Id")
[2017.03.28-02.10.44:944][  0]LogWindows: EnumDisplayDevices:
[2017.03.28-02.10.44:944][  0]LogWindows:    0. 'NVIDIA GeForce GTX 1080' (P:1 D:1)
[2017.03.28-02.10.44:945][  0]LogWindows:    1. 'NVIDIA GeForce GTX 1080' (P:0 D:1)
[2017.03.28-02.10.44:945][  0]LogWindows:    2. 'NVIDIA GeForce GTX 1080' (P:0 D:1)
[2017.03.28-02.10.44:945][  0]LogWindows:    3. 'NVIDIA GeForce GTX 1080' (P:0 D:0)
[2017.03.28-02.10.44:945][  0]LogWindows: DebugString: FoundDriverCount:4 
[2017.03.28-02.10.44:945][  0]LogD3D11RHI:     Adapter Name: NVIDIA GeForce GTX 1080
[2017.03.28-02.10.44:945][  0]LogD3D11RHI:   Driver Version: 378.78 (internal:21.21.13.7878, unified:378.78)
[2017.03.28-02.10.44:945][  0]LogD3D11RHI:      Driver Date: 2-23-2017
[2017.03.28-02.10.44:945][  0]LogRHI: Texture pool is 1361 MB (70% of 1945 MB)
[2017.03.28-02.10.45:511][  0]LogD3D11RHI: Async texture creation enabled
[2017.03.28-02.10.45:545][  0]LogD3D11RHI: GPU Timing Frequency: 1000.000000 (Debug: 2 1)
[2017.03.28-02.10.45:686][  0]LogShaderCompilers: Guid format shader working directory is -27 characters bigger than the processId version (../../../../../../Users/JayByrrd/Documents/Unreal Projects/BatteryCollector/Intermediate/Shaders/WorkingDirectory/19736/).
[2017.03.28-02.10.45:686][  0]LogShaderCompilers: Cleaned the shader compiler working directory 'C:/Users/JayByrrd/AppData/Local/Temp/UnrealShaderWorkingDir/8DEF672F496C58223E0437AAB7BA32F3/'.
[2017.03.28-02.10.45:686][  0]LogShaderCompilers:Display: Using Local Shader Compiler.
[2017.03.28-02.10.46:597][  0]LogTemp:Display: Loaded TP AllDesktopTargetPlatform
[2017.03.28-02.10.46:641][  0]LogTemp:Display: Loaded TP MacClientTargetPlatform
[2017.03.28-02.10.46:699][  0]LogTemp:Display: Loaded TP MacNoEditorTargetPlatform
[2017.03.28-02.10.46:750][  0]LogTemp:Display: Loaded TP MacServerTargetPlatform
[2017.03.28-02.10.46:802][  0]LogTemp:Display: Loaded TP MacTargetPlatform
[2017.03.28-02.10.46:855][  0]LogTemp:Display: Loaded TP WindowsClientTargetPlatform
[2017.03.28-02.10.46:910][  0]LogTemp:Display: Loaded TP WindowsNoEditorTargetPlatform
[2017.03.28-02.10.46:967][  0]LogTemp:Display: Loaded TP WindowsServerTargetPlatform
[2017.03.28-02.10.47:006][  0]LogTemp:Display: Loaded TP WindowsTargetPlatform
[2017.03.28-02.10.47:055][  0]LogTemp:Display: Loaded TP AndroidTargetPlatform
[2017.03.28-02.10.47:113][  0]LogTemp:Display: Loaded TP Android_ASTCTargetPlatform
[2017.03.28-02.10.47:180][  0]LogTemp:Display: Loaded TP Android_ATCTargetPlatform
[2017.03.28-02.10.47:226][  0]LogTemp:Display: Loaded TP Android_DXTTargetPlatform
[2017.03.28-02.10.47:274][  0]LogTemp:Display: Loaded TP Android_ETC1TargetPlatform
[2017.03.28-02.10.47:319][  0]LogTemp:Display: Loaded TP Android_ETC2TargetPlatform
[2017.03.28-02.10.47:407][  0]LogTemp:Display: Loaded TP Android_MultiTargetPlatform
[2017.03.28-02.10.47:407][  0]LogTemp:Display: Loaded TP Android_PVRTCTargetPlatform
[2017.03.28-02.10.47:437][  0]LogTemp:Display: Loaded TP HTML5TargetPlatform
[2017.03.28-02.10.47:530][  0]LogTemp:Display: Loaded TP IOSTargetPlatform
[2017.03.28-02.10.47:561][  0]LogTemp:Display: Loaded TP TVOSTargetPlatform
[2017.03.28-02.10.47:606][  0]LogTemp:Display: Loaded TP LinuxClientTargetPlatform
[2017.03.28-02.10.47:653][  0]LogTemp:Display: Loaded TP LinuxNoEditorTargetPlatform
[2017.03.28-02.10.47:698][  0]LogTemp:Display: Loaded TP LinuxServerTargetPlatform
[2017.03.28-02.10.47:760][  0]LogTemp:Display: Loaded TP LinuxTargetPlatform
[2017.03.28-02.10.47:760][  0]LogTargetPlatformManager:Display: Building Assets For Windows
[2017.03.28-02.10.48:153][  0]LogDerivedDataCache:Display: Max Cache Size: 512 MB
[2017.03.28-02.10.48:199][  0]LogDerivedDataCache: Loaded boot cache 0.05s 51MB C:/Users/JayByrrd/AppData/Local/UnrealEngine/4.15/DerivedDataCache/Boot.ddc.
[2017.03.28-02.10.48:199][  0]LogDerivedDataCache:Display: Loaded Boot cache: C:/Users/JayByrrd/AppData/Local/UnrealEngine/4.15/DerivedDataCache/Boot.ddc
[2017.03.28-02.10.48:199][  0]LogDerivedDataCache: FDerivedDataBackendGraph:  Pak pak cache file ../../../../../../Users/JayByrrd/Documents/Unreal Projects/BatteryCollector/DerivedDataCache/DDC.ddp not found, will not use a pak cache.
[2017.03.28-02.10.48:199][  0]LogDerivedDataCache: Unable to find inner node Pak for hierarchical cache Hierarchy.
[2017.03.28-02.10.48:199][  0]LogDerivedDataCache: FDerivedDataBackendGraph:  CompressedPak pak cache file ../../../../../../Users/JayByrrd/Documents/Unreal Projects/BatteryCollector/DerivedDataCache/Compressed.ddp not found, will not use a pak cache.
[2017.03.28-02.10.48:199][  0]LogDerivedDataCache: Unable to find inner node CompressedPak for hierarchical cache Hierarchy.
[2017.03.28-02.10.48:214][  0]LogDerivedDataCache:Display: Pak cache opened for reading ../../../Engine/DerivedDataCache/Compressed.ddp.
[2017.03.28-02.10.48:230][  0]LogDerivedDataCache: Using Local data cache path C:/Users/JayByrrd/AppData/Local/UnrealEngine/Common/DerivedDataCache: Writable
[2017.03.28-02.10.48:238][  0]LogSlate: Using Freetype 2.6.0
[2017.03.28-02.10.48:239][  0]LogSlate: SlateFontCache - WITH_FREETYPE: 1, WITH_HARFBUZZ: 1
[2017.03.28-02.10.48:239][  0]LogSlate: SlateFontCache - WITH_FREETYPE: 1, WITH_HARFBUZZ: 1
[2017.03.28-02.10.48:452][  0]LogInit: Selected Device Profile: [Windows]
[2017.03.28-02.10.48:455][  0]LogContentStreaming: Texture pool size is 0.00 MB
[2017.03.28-02.10.48:673][  0]LogMeshUtilities: Using QuadricMeshReduction for automatic static mesh reduction
[2017.03.28-02.10.48:733][  0]LogSimplygon: Simplygon DLL not present - disabling.
[2017.03.28-02.10.48:786][  0]LogMeshUtilities: Using SimplygonSwarm for distributed automatic mesh merging
[2017.03.28-02.10.48:786][  0]LogMeshUtilities: No automatic skeletal mesh reduction module available
[2017.03.28-02.10.48:786][  0]LogMeshUtilities: No automatic mesh merging module available
[2017.03.28-02.10.49:328][  0]LogNetVersion: GetLocalNetworkVersion: CL: 3299760, ProjectName: batterycollector, ProjectVersion: , EngineNetworkVersion: 2, GameNetworkVersion: 0, NetworkChecksum: 2727626990
[2017.03.28-02.10.49:388][  0]LogAssetRegistry: FAssetRegistry took 0.0223 seconds to start up
[2017.03.28-02.10.49:436][  0]LogPackageLocalizationCache: Processed 3 localized package path(s) for 2 prioritized culture(s) in 0.026838 seconds
[2017.03.28-02.10.49:440][  0]LogUObjectArray: 32493 objects as part of root set at end of initial load.
[2017.03.28-02.10.49:440][  0]LogUObjectAllocator: 7077032 out of 0 bytes used by permanent object pool.
[2017.03.28-02.10.49:440][  0]LogUObjectArray: CloseDisregardForGC: 0/0 objects in disregard for GC pool
[2017.03.28-02.10.49:497][  0]LogInit: WinSock: version 1.1 (2.2), MaxSocks=32767, MaxUdp=65467
[2017.03.28-02.10.50:922][  0]LogTcpMessaging: Initializing TcpMessaging bridge
[2017.03.28-02.10.50:957][  0]LogUdpMessaging: Initializing bridge on interface 0.0.0.0:0 to multicast group 230.0.0.1:6666.
[2017.03.28-02.10.51:490][  0]LogMaterial: Uniform references updated for custom material expression Custom.
[2017.03.28-02.10.51:837][  0]SourceControl: Info Source control is disabled
[2017.03.28-02.10.51:864][  0]SourceControl: Info Source control is disabled
[2017.03.28-02.10.51:903][  0]SourceControl: Info Source control is disabled
[2017.03.28-02.10.51:939][  0]SourceControl: Info Source control is disabled
[2017.03.28-02.10.52:986][  0]LogEngine: Initializing Engine...
[2017.03.28-02.10.52:987][  0]LogHMD: Failed to initialize OpenVR with code 110
[2017.03.28-02.10.53:177][  0]LogAIModule: Creating AISystem for world Untitled
[2017.03.28-02.10.53:189][  0]LogInit: XAudio2 using 'Focusrite USB (Focusrite USB Audio)' : 2 channels at 48 kHz using 16 bits per sample (channel mask 0x3)
[2017.03.28-02.10.53:196][  0]LogInit: FAudioDevice initialized.
[2017.03.28-02.10.53:219][  0]LogDerivedDataCache: Saved boot cache 0.02s 51MB C:/Users/JayByrrd/AppData/Local/UnrealEngine/4.15/DerivedDataCache/Boot.ddc.
[2017.03.28-02.10.53:225][  0]LogInit: Texture streaming: Enabled
[2017.03.28-02.10.53:302][  0]LogEngineSessionManager: EngineSessionManager initialized
[2017.03.28-02.10.53:373][  0]LogInit: Transaction tracking system initialized
[2017.03.28-02.10.53:651][  0]BlueprintLog: New page: Editor Load
[2017.03.28-02.10.54:484][  0]LocalizationService: Info Localization service is disabled
[2017.03.28-02.10.55:069][  0]LogConsoleResponse:Display: 
[2017.03.28-02.10.55:193][  0]LogCook:Display: Max memory allowance for cook 16384mb min free memory 0mb
[2017.03.28-02.10.55:193][  0]LogCook:Display: Mobile HDR setting 1
[2017.03.28-02.10.56:015][  0]LogFileCache: Scanning file cache for directory 'C:/Users/JayByrrd/Documents/Unreal Projects/BatteryCollector/Content/' took 0.01s
[2017.03.28-02.10.56:060][  0]SourceControl: Info Source control is disabled
[2017.03.28-02.10.56:060][  0]Cmd: MAP LOAD FILE="../../../../../../Users/JayByrrd/Documents/Unreal Projects/BatteryCollector/Content/Maps/CollectionLevel.umap" TEMPLATE=0 SHOWPROGRESS=1 FEATURELEVEL=3
[2017.03.28-02.10.56:060][  0]LightingResults: New page: Lighting Build
[2017.03.28-02.10.56:093][  0]MapCheck: New page: Map Check
[2017.03.28-02.10.56:093][  0]LightingResults: New page: Lighting Build
[2017.03.28-02.10.56:764][  0]LogAIModule: Creating AISystem for world CollectionLevel
[2017.03.28-02.10.56:787][  0]LogEditorServer: Finished looking for orphan Actors (0.000 secs)
[2017.03.28-02.10.56:788][  0]Cmd: MAP CHECKDEP NOCLEARLOG
[2017.03.28-02.10.56:835][  0]MapCheck: Info Map check complete: 0 Error(s), 0 Warning(s), took 47.202ms to complete.
[2017.03.28-02.10.56:835][  0]LogFileHelpers: Loading map 'CollectionLevel' took 0.775
[2017.03.28-02.10.56:929][  0]LogWindowsTextInputMethodSystem:Display: IME system now deactivated.
[2017.03.28-02.10.57:063][  0]LogCollectionManager: Loaded 0 collections in 0.001924 seconds
[2017.03.28-02.10.57:148][  0]LogFileCache: Scanning file cache for directory 'C:/Users/JayByrrd/Documents/Unreal Projects/BatteryCollector/Saved/Collections/' took 0.01s
[2017.03.28-02.10.57:148][  0]LogFileCache: Scanning file cache for directory 'C:/Users/JayByrrd/Documents/Unreal Projects/BatteryCollector/Content/Developers/JayByrrd/Collections/' took 0.01s
[2017.03.28-02.10.57:148][  0]LogFileCache: Scanning file cache for directory 'C:/Users/JayByrrd/Documents/Unreal Projects/BatteryCollector/Content/Collections/' took 0.01s
[2017.03.28-02.10.57:148][  0]LogCollectionManager: Rebuilt the GUID cache for 0 collections in 0.000001 seconds
[2017.03.28-02.10.57:156][  0]LogContentBrowser: Native class hierarchy populated in 0.0076 seconds. Added 2250 classes and 455 folders.
[2017.03.28-02.10.57:158][  0]LogStats: UGameplayTagsManager::ConstructGameplayTagTree: Construct from data asset -  0.000 s
[2017.03.28-02.10.57:158][  0]LogStats: UGameplayTagsManager::ConstructGameplayTagTree: GameplayTagTreeChangedEvent.Broadcast -  0.000 s
[2017.03.28-02.10.57:210][  0]LogContentBrowser: Native class hierarchy updated for 'WidgetCarousel' in 0.0010 seconds. Added 0 classes and 0 folders.
[2017.03.28-02.10.57:239][  0]LogContentBrowser: Native class hierarchy updated for 'AddContentDialog' in 0.0010 seconds. Added 0 classes and 0 folders.
[2017.03.28-02.10.57:276][  0]LogContentBrowser: Native class hierarchy updated for 'SceneOutliner' in 0.0010 seconds. Added 1 classes and 2 folders.
[2017.03.28-02.10.57:315][  0]LogCrashTracker: Crashtracker disabled due to settings.
[2017.03.28-02.10.57:324][  0]LogUObjectGlobals:Warning: Failed to find object 'Class None.'
[2017.03.28-02.10.57:381][  0]LogContentBrowser: Native class hierarchy updated for 'HierarchicalLODOutliner' in 0.0011 seconds. Added 1 classes and 2 folders.
[2017.03.28-02.10.57:381][  0]LogLoad: (Engine Initialization) Total time: 15.89 seconds
[2017.03.28-02.10.57:381][  0]LogLoad: (Engine Initialization) Total Blueprint compile time: 0.28 seconds
[2017.03.28-02.10.57:381][  0]LogExternalProfiler: Found external profiler: VSPerf
[2017.03.28-02.10.57:381][  0]LogExternalProfiler: Using external profiler: VSPerf
[2017.03.28-02.10.57:390][  0]LogOcInput: OculusInput pre-init called
[2017.03.28-02.10.57:405][  0]LogAssetRegistry: Asset discovery search completed in 8.0393 seconds
[2017.03.28-02.10.57:405][  0]LogCollectionManager: Rebuilt the object cache for 0 collections in 0.000003 seconds (found 0 objects)
[2017.03.28-02.10.57:405][  0]LogCollectionManager: Fixed up redirectors for 0 collections in 0.000022 seconds (updated 0 objects)
[2017.03.28-02.10.57:409][  0]LogContentStreaming: Texture pool size now 1000 MB
[2017.03.28-02.10.57:417][  0]LogSlate: Took 0.000153 seconds to synchronously load lazily loaded font '../../../Engine/Content/Slate/Fonts/Roboto-Regular.ttf' (155K)
[2017.03.28-02.10.57:420][  0]LogSlate: Took 0.000141 seconds to synchronously load lazily loaded font '../../../Engine/Content/Slate/Fonts/Roboto-Bold.ttf' (160K)
[2017.03.28-02.10.57:424][  0]LogSlate: Took 0.000147 seconds to synchronously load lazily loaded font '../../../Engine/Content/Editor/Slate/Fonts/FontAwesome.ttf' (139K)
[2017.03.28-02.10.57:539][  0]LogSlate: Took 0.000246 seconds to synchronously load lazily loaded font '../../../Engine/Content/Slate/Fonts/Roboto-Light.ttf' (159K)
[2017.03.28-02.10.57:562][  0]LogRenderer: Reallocating scene render targets to support 1208x576 NumSamples 1 (Frame:2).
[2017.03.28-02.10.57:962][ 32]LogSlate: Took 0.000130 seconds to synchronously load lazily loaded font '../../../Engine/Content/Slate/Fonts/Roboto-Light.ttf' (159K)
[2017.03.28-02.10.58:079][ 32]LogSavePackage: Save=41.01ms
[2017.03.28-02.10.58:079][ 32]LogSavePackage: Moving '../../../../../../Users/JayByrrd/Documents/Unreal Projects/BatteryCollector/Saved/CollectionLevel3009E0DA442FBEDD3F8C419318DB69B0.tmp' to '../../../../../../Users/JayByrrd/Documents/Unreal Projects/BatteryCollector/Content/Maps/CollectionLevel.umap'
[2017.03.28-02.10.58:081][ 32]LogSavePackage:Display: Finished SavePackage ../../../../../../Users/JayByrrd/Documents/Unreal Projects/BatteryCollector/Content/Maps/CollectionLevel.umap
[2017.03.28-02.10.58:486][ 32]LogSavePackage: Save=331.30ms
[2017.03.28-02.10.58:486][ 32]LogSavePackage: Moving '../../../../../../Users/JayByrrd/Documents/Unreal Projects/BatteryCollector/Saved/CollectionLevel_BuiltDataED1B658E48D516B02E4C2183A90C7C92.tmp' to '../../../../../../Users/JayByrrd/Documents/Unreal Projects/BatteryCollector/Content/Maps/CollectionLevel_BuiltData.uasset'
[2017.03.28-02.10.58:487][ 32]LogSavePackage:Display: Finished SavePackage ../../../../../../Users/JayByrrd/Documents/Unreal Projects/BatteryCollector/Content/Maps/CollectionLevel_BuiltData.uasset
[2017.03.28-02.11.05:692][726]Recompiling BatteryCollector...
[2017.03.28-02.11.05:692][726]Launching UnrealBuildTool... [C:/Program Files/Epic Games/UE_4.15/Engine/Binaries/DotNET/UnrealBuildTool.exe BatteryCollector -ModuleWithSuffix BatteryCollector 1642 Win64 Development -editorrecompile -canskiplink "C:/Users/JayByrrd/Documents/Unreal Projects/BatteryCollector/BatteryCollector.uproject" ]
[2017.03.28-02.11.05:693][726]Warning: Starting HotReload took  0.0s.
[2017.03.28-02.11.14:053][  0]CompilerResultsLog: New page: Compilation - Mar 27, 2017, 6:11:14 PM
[2017.03.28-02.11.14:053][  0]CompilerResultsLog: Info Compiling game modules for hot reload
[2017.03.28-02.11.14:053][  0]CompilerResultsLog: Info Parsing headers for BatteryCollectorEditor
[2017.03.28-02.11.14:053][  0]CompilerResultsLog: Info   Running UnrealHeaderTool "C:\Users\JayByrrd\Documents\Unreal Projects\BatteryCollector\BatteryCollector.uproject" "C:\Users\JayByrrd\Documents\Unreal Projects\BatteryCollector\Intermediate\Build\Win64\BatteryCollectorEditor\Development\BatteryCollectorEditor.uhtmanifest" -LogCmds="loginit warning, logexit warning, logdatabase error" -Unattended -WarningsAsErrors -installed
[2017.03.28-02.11.14:053][  0]CompilerResultsLog: Info Reflection code generated for BatteryCollectorEditor in 3.2916714 seconds
[2017.03.28-02.11.14:053][  0]CompilerResultsLog: Info Performing 4 actions (9 in parallel)
[2017.03.28-02.11.14:053][  0]CompilerResultsLog: Info BatteryCollector.generated.cpp
[2017.03.28-02.11.14:053][  0]CompilerResultsLog: Info BatteryCollectorGameMode.cpp
[2017.03.28-02.11.14:053][  0]CompilerResultsLog: Info [3/4] Link UE4Editor-BatteryCollector-1642.dll
[2017.03.28-02.11.14:053][  0]CompilerResultsLog: Info [4/4] Link UE4Editor-BatteryCollector-1642.lib
[2017.03.28-02.11.14:053][  0]CompilerResultsLog: Info    Creating library C:\Users\JayByrrd\Documents\Unreal Projects\BatteryCollector\Intermediate\Build\Win64\UE4Editor\Development\UE4Editor-BatteryCollector-1642.lib and object C:\Users\JayByrrd\Documents\Unreal Projects\BatteryCollector\Intermediate\Build\Win64\UE4Editor\Development\UE4Editor-BatteryCollector-1642.exp
[2017.03.28-02.11.14:053][  0]CompilerResultsLog: Info    Creating library C:\Users\JayByrrd\Documents\Unreal Projects\BatteryCollector\Intermediate\Build\Win64\UE4Editor\Development\UE4Editor-BatteryCollector-1642.suppressed.lib and object C:\Users\JayByrrd\Documents\Unreal Projects\BatteryCollector\Intermediate\Build\Win64\UE4Editor\Development\UE4Editor-BatteryCollector-1642.suppressed.exp
[2017.03.28-02.11.14:053][  0]CompilerResultsLog: Info Total build time: 7.89 seconds (Local executor: 2.53 seconds)
[2017.03.28-02.11.14:053][  0]LogMainFrame: MainFrame: Module compiling took 8.383 seconds
[2017.03.28-02.11.14:106][  0]LogClass: Could not find existing class BatteryCollectorGameMode in package /Script/BatteryCollector for HotReload, assuming new class
[2017.03.28-02.11.14:106][  0]LogClass: Function GetPowerToWin is new.
[2017.03.28-02.11.14:107][  0]LogClass: EBatteryPlayState HotReload.
[2017.03.28-02.11.14:108][  0]LogHotReload: Re-instancing BatteryCollectorCharacter after hot-reload.
[2017.03.28-02.11.14:264][  0]LogHotReload: Re-instancing BatteryCollectorGameMode after hot-reload.
[2017.03.28-02.11.14:299][  0]LogHotReload: Re-instancing SpawnVolume after hot-reload.
[2017.03.28-02.11.14:365][  0]LogContentBrowser: Native class hierarchy updated for 'BatteryCollector' in 0.0011 seconds. Added 5 classes and 2 folders.
[2017.03.28-02.11.14:367][  0]Display: HotReload successful (8 functions remapped  0 scriptstructs remapped)
[2017.03.28-02.11.14:446][  0]LogContentBrowser: Native class hierarchy populated in 0.0089 seconds. Added 2252 classes and 459 folders.
[2017.03.28-02.11.14:446][  0]Display: HotReload took  8.8s.
[2017.03.28-02.11.39:706][409]Recompiling BatteryCollector...
[2017.03.28-02.11.39:706][409]Launching UnrealBuildTool... [C:/Program Files/Epic Games/UE_4.15/Engine/Binaries/DotNET/UnrealBuildTool.exe BatteryCollector -ModuleWithSuffix BatteryCollector 2443 Win64 Development -editorrecompile -canskiplink "C:/Users/JayByrrd/Documents/Unreal Projects/BatteryCollector/BatteryCollector.uproject" ]
[2017.03.28-02.11.39:708][409]Warning: Starting HotReload took  0.0s.
[2017.03.28-02.11.48:023][894]CompilerResultsLog: New page: Compilation - Mar 27, 2017, 6:11:48 PM
[2017.03.28-02.11.48:023][894]CompilerResultsLog: Info Compiling game modules for hot reload
[2017.03.28-02.11.48:023][894]CompilerResultsLog: Info Parsing headers for BatteryCollectorEditor
[2017.03.28-02.11.48:023][894]CompilerResultsLog: Info   Running UnrealHeaderTool "C:\Users\JayByrrd\Documents\Unreal Projects\BatteryCollector\BatteryCollector.uproject" "C:\Users\JayByrrd\Documents\Unreal Projects\BatteryCollector\Intermediate\Build\Win64\BatteryCollectorEditor\Development\BatteryCollectorEditor.uhtmanifest" -LogCmds="loginit warning, logexit warning, logdatabase error" -Unattended -WarningsAsErrors -installed
[2017.03.28-02.11.48:023][894]CompilerResultsLog: Info Reflection code generated for BatteryCollectorEditor in 3.3196015 seconds
[2017.03.28-02.11.48:023][894]CompilerResultsLog: Info Performing 4 actions (9 in parallel)
[2017.03.28-02.11.48:023][894]CompilerResultsLog: Info BatteryCollector.generated.cpp
[2017.03.28-02.11.48:023][894]CompilerResultsLog: Info BatteryCollectorGameMode.cpp
[2017.03.28-02.11.48:023][894]CompilerResultsLog: Info [3/4] Link UE4Editor-BatteryCollector-2443.dll
[2017.03.28-02.11.48:023][894]CompilerResultsLog: Info [4/4] Link UE4Editor-BatteryCollector-2443.lib
[2017.03.28-02.11.48:023][894]CompilerResultsLog: Info    Creating library C:\Users\JayByrrd\Documents\Unreal Projects\BatteryCollector\Intermediate\Build\Win64\UE4Editor\Development\UE4Editor-BatteryCollector-2443.lib and object C:\Users\JayByrrd\Documents\Unreal Projects\BatteryCollector\Intermediate\Build\Win64\UE4Editor\Development\UE4Editor-BatteryCollector-2443.exp
[2017.03.28-02.11.48:023][894]CompilerResultsLog: Info    Creating library C:\Users\JayByrrd\Documents\Unreal Projects\BatteryCollector\Intermediate\Build\Win64\UE4Editor\Development\UE4Editor-BatteryCollector-2443.suppressed.lib and object C:\Users\JayByrrd\Documents\Unreal Projects\BatteryCollector\Intermediate\Build\Win64\UE4Editor\Development\UE4Editor-BatteryCollector-2443.suppressed.exp
[2017.03.28-02.11.48:023][894]CompilerResultsLog: Info Total build time: 8.10 seconds (Local executor: 2.85 seconds)
[2017.03.28-02.11.48:023][894]LogMainFrame: MainFrame: Module compiling took 8.338 seconds
[2017.03.28-02.11.48:075][894]LogClass: Could not find existing class BatteryCollectorGameMode in package /Script/BatteryCollector for HotReload, assuming new class
[2017.03.28-02.11.48:075][894]LogClass: Function GetCurrentState is new.
[2017.03.28-02.11.48:075][894]LogClass: Function GetPowerToWin is new.
[2017.03.28-02.11.48:076][894]LogClass: EBatteryPlayState HotReload.
[2017.03.28-02.11.48:078][894]LogHotReload: Re-instancing BatteryCollectorCharacter after hot-reload.
[2017.03.28-02.11.48:282][894]LogHotReload: Re-instancing BatteryCollectorGameMode after hot-reload.
[2017.03.28-02.11.48:316][894]LogHotReload: Re-instancing SpawnVolume after hot-reload.
[2017.03.28-02.11.48:384][894]LogContentBrowser: Native class hierarchy updated for 'BatteryCollector' in 0.0011 seconds. Added 5 classes and 2 folders.
[2017.03.28-02.11.48:385][894]Display: HotReload successful (8 functions remapped  0 scriptstructs remapped)
[2017.03.28-02.11.48:408][894]LogContentBrowser: Native class hierarchy populated in 0.0077 seconds. Added 2252 classes and 459 folders.
[2017.03.28-02.11.48:408][894]Display: HotReload took  8.7s.
[2017.03.28-02.12.06:202][329]LogEditorViewport: Clicking on Actor (context menu): BP_DemoRoom_C (BP_DemoRoom)
[2017.03.28-02.12.06:989][412]LogEditorViewport: Clicking on Actor (context menu): BP_DemoRoom_C (BP_DemoRoom)
[2017.03.28-02.12.53:995][270]LogSlate: Took 0.000184 seconds to synchronously load lazily loaded font '../../../Engine/Content/Editor/Slate/Fonts/Roboto-Italic.ttf' (157K)
[2017.03.28-02.16.22:273][270]Recompiling BatteryCollector...
[2017.03.28-02.16.22:273][270]Launching UnrealBuildTool... [C:/Program Files/Epic Games/UE_4.15/Engine/Binaries/DotNET/UnrealBuildTool.exe BatteryCollector -ModuleWithSuffix BatteryCollector 6436 Win64 Development -editorrecompile -canskiplink "C:/Users/JayByrrd/Documents/Unreal Projects/BatteryCollector/BatteryCollector.uproject" ]
[2017.03.28-02.16.22:274][270]Warning: Starting HotReload took  0.0s.
[2017.03.28-02.16.30:375][217]CompilerResultsLog: New page: Compilation - Mar 27, 2017, 6:16:30 PM
[2017.03.28-02.16.30:376][217]CompilerResultsLog: Info Compiling game modules for hot reload
[2017.03.28-02.16.30:376][217]CompilerResultsLog: Info Parsing headers for BatteryCollectorEditor
[2017.03.28-02.16.30:376][217]CompilerResultsLog: Info   Running UnrealHeaderTool "C:\Users\JayByrrd\Documents\Unreal Projects\BatteryCollector\BatteryCollector.uproject" "C:\Users\JayByrrd\Documents\Unreal Projects\BatteryCollector\Intermediate\Build\Win64\BatteryCollectorEditor\Development\BatteryCollectorEditor.uhtmanifest" -LogCmds="loginit warning, logexit warning, logdatabase error" -Unattended -WarningsAsErrors -installed
[2017.03.28-02.16.30:376][217]CompilerResultsLog: Info Reflection code generated for BatteryCollectorEditor in 3.3229187 seconds
[2017.03.28-02.16.30:376][217]CompilerResultsLog: Info Performing 3 actions (9 in parallel)
[2017.03.28-02.16.30:376][217]CompilerResultsLog: Info BatteryCollectorGameMode.cpp
[2017.03.28-02.16.30:376][217]CompilerResultsLog: Info [2/3] Link UE4Editor-BatteryCollector-6436.dll
[2017.03.28-02.16.30:376][217]CompilerResultsLog: Info [3/3] Link UE4Editor-BatteryCollector-6436.lib
[2017.03.28-02.16.30:376][217]CompilerResultsLog: Info    Creating library C:\Users\JayByrrd\Documents\Unreal Projects\BatteryCollector\Intermediate\Build\Win64\UE4Editor\Development\UE4Editor-BatteryCollector-6436.lib and object C:\Users\JayByrrd\Documents\Unreal Projects\BatteryCollector\Intermediate\Build\Win64\UE4Editor\Development\UE4Editor-BatteryCollector-6436.exp
[2017.03.28-02.16.30:376][217]CompilerResultsLog: Info    Creating library C:\Users\JayByrrd\Documents\Unreal Projects\BatteryCollector\Intermediate\Build\Win64\UE4Editor\Development\UE4Editor-BatteryCollector-6436.suppressed.lib and object C:\Users\JayByrrd\Documents\Unreal Projects\BatteryCollector\Intermediate\Build\Win64\UE4Editor\Development\UE4Editor-BatteryCollector-6436.suppressed.exp
[2017.03.28-02.16.30:376][217]CompilerResultsLog: Info Total build time: 7.87 seconds (Local executor: 2.64 seconds)
[2017.03.28-02.16.30:376][217]LogMainFrame: MainFrame: Module compiling took 8.123 seconds
[2017.03.28-02.16.30:442][217]LogClass: EBatteryPlayState HotReload.
[2017.03.28-02.16.30:444][217]LogHotReload: Re-instancing BatteryCollectorCharacter after hot-reload.
[2017.03.28-02.16.30:683][217]LogHotReload: Re-instancing SpawnVolume after hot-reload.
[2017.03.28-02.16.30:759][217]LogContentBrowser: Native class hierarchy updated for 'BatteryCollector' in 0.0011 seconds. Added 5 classes and 2 folders.
[2017.03.28-02.16.30:761][217]Display: HotReload successful (10 functions remapped  0 scriptstructs remapped)
[2017.03.28-02.16.30:786][217]LogContentBrowser: Native class hierarchy populated in 0.0091 seconds. Added 2252 classes and 459 folders.
[2017.03.28-02.16.30:786][217]Display: HotReload took  8.5s.
[2017.03.28-02.16.38:244][ 91]LogLinker:Error: HOTRELOADED_BatteryCollectorGameMode_0 has an inappropriate outermost, it was probably saved with a deprecated outer (file: ../../../../../../Users/JayByrrd/Documents/Unreal Projects/BatteryCollector/Content/Blueprints/BatterHUD.uasset)
[2017.03.28-02.16.38:244][ 91]LogLinker:Error: HOTRELOADED_BatteryCollectorGameMode_0 has an inappropriate outermost, it was probably saved with a deprecated outer (file: ../../../../../../Users/JayByrrd/Documents/Unreal Projects/BatteryCollector/Content/Blueprints/BatterHUD.uasset)
[2017.03.28-02.16.38:245][ 91]LogLinker:Error: HOTRELOADED_BatteryCollectorGameMode_0 has an inappropriate outermost, it was probably saved with a deprecated outer (file: ../../../../../../Users/JayByrrd/Documents/Unreal Projects/BatteryCollector/Content/Blueprints/BatterHUD.uasset)
[2017.03.28-02.16.38:245][ 91]LogLinker:Error: HOTRELOADED_BatteryCollectorGameMode_0 has an inappropriate outermost, it was probably saved with a deprecated outer (file: ../../../../../../Users/JayByrrd/Documents/Unreal Projects/BatteryCollector/Content/Blueprints/BatterHUD.uasset)
[2017.03.28-02.16.38:682][ 91]LogContentBrowser: Native class hierarchy updated for 'BlueprintGraph' in 0.0016 seconds. Added 112 classes and 0 folders.
[2017.03.28-02.16.39:226][ 91]LogSlate: Took 0.000183 seconds to synchronously load lazily loaded font '../../../Engine/Content/Slate/Fonts/Roboto-Light.ttf' (159K)
[2017.03.28-02.16.39:227][ 91]LogSlate: Took 0.000176 seconds to synchronously load lazily loaded font '../../../Engine/Content/Editor/Slate/Fonts/Roboto-BoldCondensed.ttf' (158K)
[2017.03.28-02.16.47:991][ 18]LogMetaData: Removing '/Game/Blueprints/BatteryHUD.BatteryHUD_C' ref from Metadata '/Game/Blueprints/BatterHUD.PackageMetaData'
[2017.03.28-02.16.47:991][ 18]LogMetaData: Removing '/Game/Blueprints/BatteryHUD.BatteryHUD:EventGraph.K2Node_Event_0' ref from Metadata '/Game/Blueprints/BatterHUD.PackageMetaData'
[2017.03.28-02.16.47:991][ 18]LogMetaData: Removing '/Game/Blueprints/BatteryHUD.BatteryHUD:EventGraph.K2Node_Event_1' ref from Metadata '/Game/Blueprints/BatterHUD.PackageMetaData'
[2017.03.28-02.16.47:991][ 18]LogMetaData: Removing '/Game/Blueprints/BatteryHUD.BatteryHUD:GetPercent_0.K2Node_FunctionEntry_0' ref from Metadata '/Game/Blueprints/BatterHUD.PackageMetaData'
[2017.03.28-02.16.47:991][ 18]LogMetaData: Removing '/Game/Blueprints/BatteryHUD.BatteryHUD:GetPercent_0.K2Node_FunctionResult_0' ref from Metadata '/Game/Blueprints/BatterHUD.PackageMetaData'
[2017.03.28-02.16.47:991][ 18]LogMetaData: Removing '/Game/Blueprints/BatteryHUD.SKEL_BatteryHUD_C' ref from Metadata '/Game/Blueprints/BatterHUD.PackageMetaData'
[2017.03.28-02.16.48:039][ 18]Cmd: OBJ SAVEPACKAGE PACKAGE="/Game/Blueprints/BatteryHUD" FILE="../../../../../../Users/JayByrrd/Documents/Unreal Projects/BatteryCollector/Content/Blueprints/BatteryHUD.uasset" SILENT=true
[2017.03.28-02.16.48:052][ 18]LogSavePackage: Save=11.45ms
[2017.03.28-02.16.48:052][ 18]LogSavePackage: Moving '../../../../../../Users/JayByrrd/Documents/Unreal Projects/BatteryCollector/Saved/BatteryHUD576E0BAA44E5887B484D98A2908979B4.tmp' to '../../../../../../Users/JayByrrd/Documents/Unreal Projects/BatteryCollector/Content/Blueprints/BatteryHUD.uasset'
[2017.03.28-02.16.48:054][ 18]LogSavePackage:Display: Finished SavePackage ../../../../../../Users/JayByrrd/Documents/Unreal Projects/BatteryCollector/Content/Blueprints/BatteryHUD.uasset
[2017.03.28-02.16.48:266][ 18]Cmd: OBJ SAVEPACKAGE PACKAGE="/Game/Blueprints/GameMode_BP" FILE="../../../../../../Users/JayByrrd/Documents/Unreal Projects/BatteryCollector/Content/Blueprints/GameMode_BP.uasset" SILENT=true
[2017.03.28-02.16.48:284][ 18]LogSavePackage: Save=8.85ms
[2017.03.28-02.16.48:284][ 18]LogSavePackage: Moving '../../../../../../Users/JayByrrd/Documents/Unreal Projects/BatteryCollector/Saved/GameMode_BPE04A16F94E659EEB3EAC7B8D42EAED21.tmp' to '../../../../../../Users/JayByrrd/Documents/Unreal Projects/BatteryCollector/Content/Blueprints/GameMode_BP.uasset'
[2017.03.28-02.16.48:285][ 18]LogSavePackage:Display: Finished SavePackage ../../../../../../Users/JayByrrd/Documents/Unreal Projects/BatteryCollector/Content/Blueprints/GameMode_BP.uasset
[2017.03.28-02.19.45:263][392]LogSlate: Took 0.003227 seconds to synchronously load lazily loaded font '../../../Engine/Content/Editor/Slate/Fonts/Roboto-BoldCondensedItalic.ttf' (160K)
[2017.03.28-02.20.44:560][147]Cmd: OBJ SAVEPACKAGE PACKAGE="/Game/Blueprints/BatteryHUD" FILE="../../../../../../Users/JayByrrd/Documents/Unreal Projects/BatteryCollector/Content/Blueprints/BatteryHUD.uasset" SILENT=true
[2017.03.28-02.20.44:604][147]LogSavePackage: Save=36.59ms
[2017.03.28-02.20.44:604][147]LogSavePackage: Moving '../../../../../../Users/JayByrrd/Documents/Unreal Projects/BatteryCollector/Saved/BatteryHUDD7E1ECAE492D143991C2A48622E6DCC5.tmp' to '../../../../../../Users/JayByrrd/Documents/Unreal Projects/BatteryCollector/Content/Blueprints/BatteryHUD.uasset'
[2017.03.28-02.20.44:606][147]LogSavePackage:Display: Finished SavePackage ../../../../../../Users/JayByrrd/Documents/Unreal Projects/BatteryCollector/Content/Blueprints/BatteryHUD.uasset
[2017.03.28-02.20.45:265][212]BlueprintLog: New page: Compile BatteryHUD
[2017.03.28-02.20.45:349][212]BlueprintEditorCompileResults: Info The execution path doesn't end with a return node.  Cast Failed
[2017.03.28-02.20.46:519][328]Cmd: OBJ SAVEPACKAGE PACKAGE="/Game/Blueprints/BatteryHUD" FILE="../../../../../../Users/JayByrrd/Documents/Unreal Projects/BatteryCollector/Content/Blueprints/BatteryHUD.uasset" SILENT=true
[2017.03.28-02.20.46:535][328]LogSavePackage: Save=12.81ms
[2017.03.28-02.20.46:535][328]LogSavePackage: Moving '../../../../../../Users/JayByrrd/Documents/Unreal Projects/BatteryCollector/Saved/BatteryHUDCDA139134634E0CE1A72A88E92A0FD2E.tmp' to '../../../../../../Users/JayByrrd/Documents/Unreal Projects/BatteryCollector/Content/Blueprints/BatteryHUD.uasset'
[2017.03.28-02.20.46:536][328]LogSavePackage:Display: Finished SavePackage ../../../../../../Users/JayByrrd/Documents/Unreal Projects/BatteryCollector/Content/Blueprints/BatteryHUD.uasset
[2017.03.28-02.20.52:569][ 13]LogTemp: Repeting last play command: Selected Viewport
[2017.03.28-02.20.52:594][ 13]LogPlayLevel: PlayLevel: No blueprints needed recompiling
[2017.03.28-02.20.52:594][ 13]PIE: New page: PIE session: CollectionLevel (Mar 27, 2017, 6:20:52 PM)
[2017.03.28-02.20.52:595][ 13]LogPlayLevel: Creating play world package: /Game/Maps/UEDPIE_0_CollectionLevel
[2017.03.28-02.20.52:597][ 13]LogPlayLevel: PIE: StaticDuplicateObject took: (0.002136s)
[2017.03.28-02.20.52:597][ 13]LogAIModule: Creating AISystem for world CollectionLevel
[2017.03.28-02.20.52:598][ 13]LogPlayLevel: PIE: World Init took: (0.000759s)
[2017.03.28-02.20.52:598][ 13]LogPlayLevel: PIE: Created PIE world by copying editor world from /Game/Maps/CollectionLevel.CollectionLevel to /Game/Maps/UEDPIE_0_CollectionLevel.CollectionLevel (0.003160s)
[2017.03.28-02.20.52:618][ 13]LogInit: XAudio2 using 'Focusrite USB (Focusrite USB Audio)' : 2 channels at 48 kHz using 16 bits per sample (channel mask 0x3)
[2017.03.28-02.20.52:622][ 13]LogInit: FAudioDevice initialized.
[2017.03.28-02.20.52:664][ 13]LogLoad: Game class is 'GameMode_BP_C'
[2017.03.28-02.20.52:665][ 13]LogWorld: Bringing World /Game/Maps/UEDPIE_0_CollectionLevel.CollectionLevel up for play (max tick rate 0) at 2017.03.27-22.20.52
[2017.03.28-02.20.52:666][ 13]LogWorld: Bringing up level for play took: 0.001316
[2017.03.28-02.20.52:702][ 13]LogContentBrowser: Native class hierarchy updated for 'MovieSceneCapture' in 0.0011 seconds. Added 11 classes and 0 folders.
[2017.03.28-02.20.52:702][ 13]LogGameMode:Display: Match State Changed from EnteringMap to WaitingToStart
[2017.03.28-02.20.52:702][ 13]LogGameState: Match State Changed from EnteringMap to WaitingToStart
[2017.03.28-02.20.52:702][ 13]LogGameMode:Display: Match State Changed from WaitingToStart to InProgress
[2017.03.28-02.20.52:704][ 13]LogGameState: Match State Changed from WaitingToStart to InProgress
[2017.03.28-02.20.52:704][ 13]PIE: Info Play in editor start time for /Game/Maps/UEDPIE_0_CollectionLevel -0.107
[2017.03.28-02.20.57:052][527]LogClass: You have collected BP_BatteryPickup_C_1
[2017.03.28-02.20.57:052][527]LogScript:Warning: FLatentActionManager::ProcessLatentActions: CallbackTarget is None.
[2017.03.28-02.20.57:052][527]LogClass: You have collected BP_BatteryPickup_C_0
[2017.03.28-02.20.57:053][527]LogScript:Warning: FLatentActionManager::ProcessLatentActions: CallbackTarget is None.
[2017.03.28-02.20.58:113][652]LogClass: You have collected BP_BatteryPickup_C_2
[2017.03.28-02.20.58:113][652]LogScript:Warning: FLatentActionManager::ProcessLatentActions: CallbackTarget is None.
[2017.03.28-02.20.59:281][792]LogClass: You have collected BP_BatteryPickup_C_3
[2017.03.28-02.20.59:281][792]LogScript:Warning: FLatentActionManager::ProcessLatentActions: CallbackTarget is None.
[2017.03.28-02.21.00:781][972]LogClass: You have collected BP_BatteryPickup_C_4
[2017.03.28-02.21.00:781][972]LogScript:Warning: FLatentActionManager::ProcessLatentActions: CallbackTarget is None.
[2017.03.28-02.21.06:985][710]LogClass: You have collected BP_BatteryPickup_C_7
[2017.03.28-02.21.06:985][710]LogClass: You have collected BP_BatteryPickup_C_8
[2017.03.28-02.21.06:985][710]LogClass: You have collected BP_BatteryPickup_C_5
[2017.03.28-02.21.07:155][728]LogClass: You have collected BP_BatteryPickup_C_6
[2017.03.28-02.21.07:155][728]LogScript:Warning: FLatentActionManager::ProcessLatentActions: CallbackTarget is None.
[2017.03.28-02.21.07:155][728]LogClass: You have collected BP_BatteryPickup_C_9
[2017.03.28-02.21.07:155][728]LogScript:Warning: FLatentActionManager::ProcessLatentActions: CallbackTarget is None.
[2017.03.28-02.21.13:442][476]LogClass: You have collected BP_BatteryPickup_C_10
[2017.03.28-02.21.13:442][476]LogScript:Warning: FLatentActionManager::ProcessLatentActions: CallbackTarget is None.
[2017.03.28-02.21.16:179][804]LogClass: You have collected BP_BatteryPickup_C_14
[2017.03.28-02.21.16:179][804]LogScript:Warning: FLatentActionManager::ProcessLatentActions: CallbackTarget is None.
[2017.03.28-02.21.16:179][804]LogClass: You have collected BP_BatteryPickup_C_13
[2017.03.28-02.21.16:179][804]LogScript:Warning: FLatentActionManager::ProcessLatentActions: CallbackTarget is None.
[2017.03.28-02.21.16:179][804]LogClass: You have collected BP_BatteryPickup_C_15
[2017.03.28-02.21.16:179][804]LogScript:Warning: FLatentActionManager::ProcessLatentActions: CallbackTarget is None.
[2017.03.28-02.21.16:179][804]LogClass: You have collected BP_BatteryPickup_C_11
[2017.03.28-02.21.16:179][804]LogScript:Warning: FLatentActionManager::ProcessLatentActions: CallbackTarget is None.
[2017.03.28-02.21.16:179][804]LogClass: You have collected BP_BatteryPickup_C_12
[2017.03.28-02.21.16:179][804]LogScript:Warning: FLatentActionManager::ProcessLatentActions: CallbackTarget is None.
[2017.03.28-02.21.17:784][995]LogClass: You have collected BP_BatteryPickup_C_16
[2017.03.28-02.21.17:784][995]LogScript:Warning: FLatentActionManager::ProcessLatentActions: CallbackTarget is None.
[2017.03.28-02.21.19:691][222]LogClass: You have collected BP_BatteryPickup_C_17
[2017.03.28-02.21.19:691][222]LogScript:Warning: FLatentActionManager::ProcessLatentActions: CallbackTarget is None.
[2017.03.28-02.21.21:911][486]LogClass: You have collected BP_BatteryPickup_C_18
[2017.03.28-02.21.21:911][486]LogScript:Warning: FLatentActionManager::ProcessLatentActions: CallbackTarget is None.
[2017.03.28-02.21.23:721][698]LogClass: You have collected BP_BatteryPickup_C_19
[2017.03.28-02.21.23:721][698]LogScript:Warning: FLatentActionManager::ProcessLatentActions: CallbackTarget is None.
[2017.03.28-02.21.23:721][698]LogClass: You have collected BP_BatteryPickup_C_20
[2017.03.28-02.21.23:721][698]LogScript:Warning: FLatentActionManager::ProcessLatentActions: CallbackTarget is None.
[2017.03.28-02.21.25:346][893]LogClass: You have collected BP_BatteryPickup_C_21
[2017.03.28-02.21.25:346][893]LogScript:Warning: FLatentActionManager::ProcessLatentActions: CallbackTarget is None.
[2017.03.28-02.21.29:356][370]LogClass: You have collected BP_BatteryPickup_C_24
[2017.03.28-02.21.29:356][370]LogScript:Warning: FLatentActionManager::ProcessLatentActions: CallbackTarget is None.
[2017.03.28-02.21.29:356][370]LogClass: You have collected BP_BatteryPickup_C_22
[2017.03.28-02.21.29:356][370]LogScript:Warning: FLatentActionManager::ProcessLatentActions: CallbackTarget is None.
[2017.03.28-02.21.29:356][370]LogClass: You have collected BP_BatteryPickup_C_23
[2017.03.28-02.21.29:356][370]LogScript:Warning: FLatentActionManager::ProcessLatentActions: CallbackTarget is None.
[2017.03.28-02.21.31:758][657]LogClass: You have collected BP_BatteryPickup_C_25
[2017.03.28-02.21.32:515][746]LogClass: You have collected BP_BatteryPickup_C_26
[2017.03.28-02.21.32:515][746]LogScript:Warning: FLatentActionManager::ProcessLatentActions: CallbackTarget is None.
[2017.03.28-02.26.27:674][ 35]Cmd: QUIT_EDITOR
[2017.03.28-02.26.28:364][ 35]LogWindowsTextInputMethodSystem:Display: IME system now deactivated.
[2017.03.28-02.26.28:383][ 35]LogExit: Preparing to exit.
[2017.03.28-02.26.29:434][ 35]LogDirectoryWatcher: A directory notification for 'C:/Users/JayByrrd/Documents/Unreal Projects/BatteryCollector/Content/' was aborted.
[2017.03.28-02.26.29:466][ 35]LogExit: Editor shut down
[2017.03.28-02.26.29:466][ 35]LogExit: Transaction tracking system shut down
[2017.03.28-02.26.29:548][ 35]LogObj: Freed 0b from 0 cluster array pools.
[2017.03.28-02.26.29:548][ 35]LogExit: Object subsystem successfully closed.
[2017.03.28-02.26.29:569][ 35]LogD3D11RHI: Shutdown
[2017.03.28-02.26.29:569][ 35]LogD3D11RHI: CleanupD3DDevice
[2017.03.28-02.26.29:711][ 35]LogD3D11RHI: ~FD3D11DynamicRHI
[2017.03.28-02.26.29:725][ 35]LogModuleManager: Shutting down and abandoning module MovieSceneCapture (511)
[2017.03.28-02.26.29:725][ 35]LogModuleManager: Shutting down and abandoning module SequencerWidgets (509)
[2017.03.28-02.26.29:725][ 35]LogModuleManager: Shutting down and abandoning module BlueprintGraph (507)
[2017.03.28-02.26.29:725][ 35]LogModuleManager: Shutting down and abandoning module BlueprintProfiler (505)
[2017.03.28-02.26.29:725][ 35]LogModuleManager: Shutting down and abandoning module BatteryCollector (503)
[2017.03.28-02.26.29:725][ 35]LogModuleManager: Shutting down and abandoning module HierarchicalLODOutliner (500)
[2017.03.28-02.26.29:725][ 35]LogModuleManager: Shutting down and abandoning module CrashTracker (498)
[2017.03.28-02.26.29:725][ 35]LogModuleManager: Shutting down and abandoning module SceneOutliner (496)
[2017.03.28-02.26.29:725][ 35]LogModuleManager: Shutting down and abandoning module AddContentDialog (494)
[2017.03.28-02.26.29:725][ 35]LogDirectoryWatcher: A directory notification for 'C:/Program Files/Epic Games/UE_4.15/FeaturePacks/' was aborted.
[2017.03.28-02.26.29:726][ 35]LogModuleManager: Shutting down and abandoning module WidgetCarousel (493)
[2017.03.28-02.26.29:726][ 35]LogModuleManager: Shutting down and abandoning module EditorWidgets (490)
[2017.03.28-02.26.29:726][ 35]LogModuleManager: Shutting down and abandoning module CollectionManager (488)
[2017.03.28-02.26.29:726][ 35]LogDirectoryWatcher: A directory notification for 'C:/Users/JayByrrd/Documents/Unreal Projects/BatteryCollector/Content/Collections/' was aborted.
[2017.03.28-02.26.29:726][ 35]LogDirectoryWatcher: A directory notification for 'C:/Users/JayByrrd/Documents/Unreal Projects/BatteryCollector/Content/Developers/JayByrrd/Collections/' was aborted.
[2017.03.28-02.26.29:726][ 35]LogDirectoryWatcher: A directory notification for 'C:/Users/JayByrrd/Documents/Unreal Projects/BatteryCollector/Saved/Collections/' was aborted.
[2017.03.28-02.26.29:726][ 35]LogModuleManager: Shutting down and abandoning module StatsViewer (486)
[2017.03.28-02.26.29:726][ 35]LogModuleManager: Shutting down and abandoning module FoliageEdit (484)
[2017.03.28-02.26.29:726][ 35]LogModuleManager: Shutting down and abandoning module LandscapeEditor (482)
[2017.03.28-02.26.29:726][ 35]LogModuleManager: Shutting down and abandoning module SceneDepthPickerMode (480)
[2017.03.28-02.26.29:726][ 35]LogModuleManager: Shutting down and abandoning module ActorPickerMode (478)
[2017.03.28-02.26.29:726][ 35]LogModuleManager: Shutting down and abandoning module GeometryMode (476)
[2017.03.28-02.26.29:726][ 35]LogModuleManager: Shutting down and abandoning module TextureAlignMode (474)
[2017.03.28-02.26.29:726][ 35]LogModuleManager: Shutting down and abandoning module BspMode (472)
[2017.03.28-02.26.29:726][ 35]LogModuleManager: Shutting down and abandoning module HardwareSurvey (470)
[2017.03.28-02.26.29:726][ 35]LogModuleManager: Shutting down and abandoning module SequenceRecorderSections (468)
[2017.03.28-02.26.29:726][ 35]LogModuleManager: Shutting down and abandoning module AutomationWorker (466)
[2017.03.28-02.26.29:726][ 35]LogModuleManager: Shutting down and abandoning module MatineeToLevelSequence (464)
[2017.03.28-02.26.29:726][ 35]LogModuleManager: Shutting down and abandoning module LevelSequenceEditor (462)
[2017.03.28-02.26.29:726][ 35]LogModuleManager: Shutting down and abandoning module PlacementMode (461)
[2017.03.28-02.26.29:726][ 35]LogModuleManager: Shutting down and abandoning module WmfMediaFactory (458)
[2017.03.28-02.26.29:726][ 35]LogModuleManager: Shutting down and abandoning module WmfMediaEditor (456)
[2017.03.28-02.26.29:726][ 35]LogModuleManager: Shutting down and abandoning module MfMediaFactory (454)
[2017.03.28-02.26.29:726][ 35]LogModuleManager: Shutting down and abandoning module MfMediaEditor (452)
[2017.03.28-02.26.29:726][ 35]LogModuleManager: Shutting down and abandoning module AvfMediaFactory (450)
[2017.03.28-02.26.29:726][ 35]LogModuleManager: Shutting down and abandoning module AvfMediaEditor (448)
[2017.03.28-02.26.29:726][ 35]LogModuleManager: Shutting down and abandoning module AndroidMediaFactory (446)
[2017.03.28-02.26.29:726][ 35]LogModuleManager: Shutting down and abandoning module Media (445)
[2017.03.28-02.26.29:726][ 35]LogModuleManager: Shutting down and abandoning module AndroidMediaEditor (442)
[2017.03.28-02.26.29:726][ 35]LogModuleManager: Shutting down and abandoning module CharacterAI (440)
[2017.03.28-02.26.29:726][ 35]LogModuleManager: Shutting down and abandoning module AudioCapture (438)
[2017.03.28-02.26.29:726][ 35]LogModuleManager: Shutting down and abandoning module SequenceRecorder (437)
[2017.03.28-02.26.29:726][ 35]LogModuleManager: Shutting down and abandoning module SmartSnapping (434)
[2017.03.28-02.26.29:726][ 35]LogModuleManager: Shutting down and abandoning module SessionServices (432)
[2017.03.28-02.26.29:726][ 35]LogModuleManager: Shutting down and abandoning module ViewportSnapping (430)
[2017.03.28-02.26.29:726][ 35]LogModuleManager: Shutting down and abandoning module ViewportInteraction (428)
[2017.03.28-02.26.29:726][ 35]LogModuleManager: Shutting down and abandoning module LogVisualizer (426)
[2017.03.28-02.26.29:726][ 35]LogModuleManager: Shutting down and abandoning module IntroTutorials (424)
[2017.03.28-02.26.29:726][ 35]LogModuleManager: Shutting down and abandoning module GameProjectGeneration (423)
[2017.03.28-02.26.29:726][ 35]LogModuleManager: Shutting down and abandoning module EditorLiveStreaming (420)
[2017.03.28-02.26.29:726][ 35]LogModuleManager: Shutting down and abandoning module IOSPlatformEditor (418)
[2017.03.28-02.26.29:726][ 35]LogModuleManager: Shutting down and abandoning module HTML5PlatformEditor (416)
[2017.03.28-02.26.29:727][ 35]LogModuleManager: Shutting down and abandoning module AndroidPlatformEditor (414)
[2017.03.28-02.26.29:727][ 35]LogModuleManager: Shutting down and abandoning module AndroidDeviceDetection (413)
[2017.03.28-02.26.30:262][ 35]LogModuleManager: Shutting down and abandoning module IOSRuntimeSettings (410)
[2017.03.28-02.26.30:262][ 35]LogModuleManager: Shutting down and abandoning module AndroidRuntimeSettings (408)
[2017.03.28-02.26.30:263][ 35]LogModuleManager: Shutting down and abandoning module InputBindingEditor (406)
[2017.03.28-02.26.30:263][ 35]LogModuleManager: Shutting down and abandoning module NiagaraEditor (404)
[2017.03.28-02.26.30:263][ 35]LogModuleManager: Shutting down and abandoning module MergeActors (402)
[2017.03.28-02.26.30:263][ 35]LogModuleManager: Shutting down and abandoning module SizeMap (400)
[2017.03.28-02.26.30:263][ 35]LogModuleManager: Shutting down and abandoning module TreeMap (398)
[2017.03.28-02.26.30:263][ 35]LogModuleManager: Shutting down and abandoning module ReferenceViewer (396)
[2017.03.28-02.26.30:263][ 35]LogModuleManager: Shutting down and abandoning module LocalizationDashboard (394)
[2017.03.28-02.26.30:263][ 35]LogModuleManager: Shutting down and abandoning module LocalizationService (393)
[2017.03.28-02.26.30:263][ 35]LogModuleManager: Shutting down and abandoning module HardwareTargeting (390)
[2017.03.28-02.26.30:263][ 35]LogModuleManager: Shutting down and abandoning module DeviceProfileEditor (388)
[2017.03.28-02.26.30:263][ 35]LogModuleManager: Shutting down and abandoning module UndoHistory (386)
[2017.03.28-02.26.30:263][ 35]LogModuleManager: Shutting down and abandoning module UserFeedback (384)
[2017.03.28-02.26.30:263][ 35]LogModuleManager: Shutting down and abandoning module XmlParser (382)
[2017.03.28-02.26.30:263][ 35]LogModuleManager: Shutting down and abandoning module Blutility (380)
[2017.03.28-02.26.30:263][ 35]LogModuleManager: Shutting down and abandoning module ProjectSettingsViewer (378)
[2017.03.28-02.26.30:263][ 35]LogModuleManager: Shutting down and abandoning module ProjectTargetPlatformEditor (377)
[2017.03.28-02.26.30:263][ 35]LogModuleManager: Shutting down and abandoning module EditorSettingsViewer (374)
[2017.03.28-02.26.30:263][ 35]LogModuleManager: Shutting down and abandoning module SettingsEditor (372)
[2017.03.28-02.26.30:263][ 35]LogModuleManager: Shutting down and abandoning module ProjectLauncher (370)
[2017.03.28-02.26.30:263][ 35]LogModuleManager: Shutting down and abandoning module SessionFrontend (368)
[2017.03.28-02.26.30:263][ 35]LogModuleManager: Shutting down and abandoning module ProfilerClient (366)
[2017.03.28-02.26.30:263][ 35]LogModuleManager: Shutting down and abandoning module DeviceManager (364)
[2017.03.28-02.26.30:263][ 35]LogModuleManager: Shutting down and abandoning module TargetDeviceServices (363)
[2017.03.28-02.26.30:316][ 35]LogModuleManager: Shutting down and abandoning module AutomationController (360)
[2017.03.28-02.26.30:316][ 35]LogModuleManager: Shutting down and abandoning module AutomationWindow (358)
[2017.03.28-02.26.30:316][ 35]LogModuleManager: Shutting down and abandoning module Layers (356)
[2017.03.28-02.26.30:316][ 35]LogModuleManager: Shutting down and abandoning module ComponentVisualizers (354)
[2017.03.28-02.26.30:316][ 35]LogModuleManager: Shutting down and abandoning module DetailCustomizations (352)
[2017.03.28-02.26.30:316][ 35]LogModuleManager: Shutting down and abandoning module PackagesDialog (350)
[2017.03.28-02.26.30:316][ 35]LogModuleManager: Shutting down and abandoning module Persona (348)
[2017.03.28-02.26.30:316][ 35]LogModuleManager: Shutting down and abandoning module AnimGraph (347)
[2017.03.28-02.26.30:316][ 35]LogModuleManager: Shutting down and abandoning module Kismet (344)
[2017.03.28-02.26.30:323][ 35]LogModuleManager: Shutting down and abandoning module GraphEditor (342)
[2017.03.28-02.26.30:323][ 35]LogModuleManager: Shutting down and abandoning module ClassViewer (340)
[2017.03.28-02.26.30:323][ 35]LogModuleManager: Shutting down and abandoning module Toolbox (338)
[2017.03.28-02.26.30:323][ 35]LogModuleManager: Shutting down and abandoning module ModuleUI (336)
[2017.03.28-02.26.30:323][ 35]LogModuleManager: Shutting down and abandoning module MovieSceneTools (334)
[2017.03.28-02.26.30:323][ 35]LogModuleManager: Shutting down and abandoning module OutputLog (332)
[2017.03.28-02.26.30:323][ 35]LogModuleManager: Shutting down and abandoning module GammaUI (330)
[2017.03.28-02.26.30:323][ 35]LogModuleManager: Shutting down and abandoning module Documentation (328)
[2017.03.28-02.26.30:323][ 35]LogModuleManager: Shutting down and abandoning module Niagara (326)
[2017.03.28-02.26.30:323][ 35]LogModuleManager: Shutting down and abandoning module StreamingPauseRendering (324)
[2017.03.28-02.26.30:323][ 35]LogModuleManager: Shutting down and abandoning module AnalyticsET (322)
[2017.03.28-02.26.30:323][ 35]LogModuleManager: Shutting down and abandoning module PortalServices (320)
[2017.03.28-02.26.30:323][ 35]LogModuleManager: Shutting down and abandoning module PortalRpc (318)
[2017.03.28-02.26.30:323][ 35]LogModuleManager: Shutting down and abandoning module MessagingRpc (316)
[2017.03.28-02.26.30:323][ 35]LogModuleManager: Shutting down and abandoning module AIModule (314)
[2017.03.28-02.26.30:323][ 35]LogModuleManager: Shutting down and abandoning module GameplayDebugger (313)
[2017.03.28-02.26.30:323][ 35]LogModuleManager: Shutting down and abandoning module AITestSuite (311)
[2017.03.28-02.26.30:323][ 35]LogModuleManager: Shutting down and abandoning module ProfilerService (308)
[2017.03.28-02.26.30:368][ 35]LogModuleManager: Shutting down and abandoning module TaskGraph (306)
[2017.03.28-02.26.30:368][ 35]LogModuleManager: Shutting down and abandoning module SteamVRController (304)
[2017.03.28-02.26.30:368][ 35]LogModuleManager: Shutting down and abandoning module SteamVR (302)
[2017.03.28-02.26.30:368][ 35]LogModuleManager: Shutting down and abandoning module ProceduralMeshComponentEditor (300)
[2017.03.28-02.26.30:368][ 35]LogModuleManager: Shutting down and abandoning module ProceduralMeshComponent (298)
[2017.03.28-02.26.30:368][ 35]LogModuleManager: Shutting down and abandoning module OculusLibrary (296)
[2017.03.28-02.26.30:368][ 35]LogModuleManager: Shutting down and abandoning module OculusInput (294)
[2017.03.28-02.26.30:368][ 35]LogModuleManager: Shutting down and abandoning module MobilePatchingUtils (292)
[2017.03.28-02.26.30:368][ 35]LogModuleManager: Shutting down and abandoning module CustomMeshComponent (290)
[2017.03.28-02.26.30:368][ 35]LogModuleManager: Shutting down and abandoning module CableComponent (288)
[2017.03.28-02.26.30:368][ 35]LogModuleManager: Shutting down and abandoning module ArchVisCharacter (286)
[2017.03.28-02.26.30:368][ 35]LogModuleManager: Shutting down and abandoning module MediaPlayerEditor (282)
[2017.03.28-02.26.30:368][ 35]LogModuleManager: Shutting down and abandoning module HTML5Networking (280)
[2017.03.28-02.26.30:368][ 35]LogModuleManager: Shutting down and abandoning module AlembicImporter (278)
[2017.03.28-02.26.30:368][ 35]LogModuleManager: Shutting down and abandoning module AlembicLibrary (277)
[2017.03.28-02.26.30:368][ 35]LogModuleManager: Shutting down and abandoning module GeometryCache (276)
[2017.03.28-02.26.30:368][ 35]LogModuleManager: Shutting down and abandoning module GeometryCacheEd (275)
[2017.03.28-02.26.30:368][ 35]LogModuleManager: Shutting down and abandoning module SuperSearchEditor (270)
[2017.03.28-02.26.30:368][ 35]LogModuleManager: Shutting down and abandoning module SuperSearch (269)
[2017.03.28-02.26.30:368][ 35]LogModuleManager: Shutting down and abandoning module SpeedTreeImporter (266)
[2017.03.28-02.26.30:368][ 35]LogModuleManager: Shutting down and abandoning module PluginBrowser (264)
[2017.03.28-02.26.30:368][ 35]LogModuleManager: Shutting down and abandoning module MobileLauncherProfileWizard (262)
[2017.03.28-02.26.30:368][ 35]LogModuleManager: Shutting down and abandoning module EpicSurvey (260)
[2017.03.28-02.26.30:368][ 35]LogModuleManager: Shutting down and abandoning module VisualStudioSourceCodeAccess (258)
[2017.03.28-02.26.30:368][ 35]LogModuleManager: Shutting down and abandoning module DesktopPlatform (257)
[2017.03.28-02.26.30:368][ 35]LogModuleManager: Shutting down and abandoning module UObjectPlugin (254)
[2017.03.28-02.26.30:368][ 35]LogModuleManager: Shutting down and abandoning module SubversionSourceControl (252)
[2017.03.28-02.26.30:368][ 35]LogModuleManager: Shutting down and abandoning module PerforceSourceControl (250)
[2017.03.28-02.26.30:368][ 35]LogModuleManager: Shutting down and abandoning module GitSourceControl (248)
[2017.03.28-02.26.30:368][ 35]LogModuleManager: Shutting down and abandoning module SourceControl (247)
[2017.03.28-02.26.30:368][ 35]LogModuleManager: Shutting down and abandoning module LightPropagationVolumeEditor (244)
[2017.03.28-02.26.30:368][ 35]LogModuleManager: Shutting down and abandoning module PaperTiledImporter (242)
[2017.03.28-02.26.30:368][ 35]LogModuleManager: Shutting down and abandoning module PaperSpriteSheetImporter (240)
[2017.03.28-02.26.30:368][ 35]LogModuleManager: Shutting down and abandoning module Paper2DEditor (238)
[2017.03.28-02.26.30:368][ 35]LogModuleManager: Shutting down and abandoning module MeshPaint (237)
[2017.03.28-02.26.30:368][ 35]LogModuleManager: Shutting down and abandoning module LevelEditor (235)
[2017.03.28-02.26.30:369][ 35]LogModuleManager: Shutting down and abandoning module PixelInspectorModule (234)
[2017.03.28-02.26.30:369][ 35]LogModuleManager: Shutting down and abandoning module MainFrame (232)
[2017.03.28-02.26.30:369][ 35]LogModuleManager: Shutting down and abandoning module HotReload (231)
[2017.03.28-02.26.30:369][ 35]LogDirectoryWatcher: A directory notification for 'C:/Users/JayByrrd/Documents/Unreal Projects/BatteryCollector/Binaries/Win64' was aborted.
[2017.03.28-02.26.30:369][ 35]LogModuleManager: Shutting down and abandoning module ContentBrowser (227)
[2017.03.28-02.26.30:370][ 35]LogModuleManager: Shutting down and abandoning module PhysXVehiclesEditor (222)
[2017.03.28-02.26.30:370][ 35]LogModuleManager: Shutting down and abandoning module PhysXVehicles (220)
[2017.03.28-02.26.30:370][ 35]LogModuleManager: Shutting down and abandoning module LocationServicesBPLibrary (218)
[2017.03.28-02.26.30:370][ 35]LogModuleManager: Shutting down and abandoning module UdpMessaging (216)
[2017.03.28-02.26.30:470][ 35]LogModuleManager: Shutting down and abandoning module TcpMessaging (214)
[2017.03.28-02.26.30:571][ 35]LogModuleManager: Shutting down and abandoning module GameplayTagsEditor (212)
[2017.03.28-02.26.30:571][ 35]LogModuleManager: Shutting down and abandoning module FacialAnimationEditor (210)
[2017.03.28-02.26.30:571][ 35]LogModuleManager: Shutting down and abandoning module FacialAnimation (208)
[2017.03.28-02.26.30:571][ 35]LogModuleManager: Shutting down and abandoning module LightPropagationVolumeRuntime (206)
[2017.03.28-02.26.30:571][ 35]LogModuleManager: Shutting down and abandoning module Paper2D (204)
[2017.03.28-02.26.30:571][ 35]LogModuleManager: Shutting down and abandoning module WindowsMoviePlayer (202)
[2017.03.28-02.26.30:571][ 35]LogModuleManager: Shutting down and abandoning module WmfMedia (200)
[2017.03.28-02.26.30:571][ 35]LogModuleManager: Shutting down and abandoning module MfMedia (198)
[2017.03.28-02.26.30:571][ 35]LogModuleManager: Shutting down and abandoning module MediaAssets (196)
[2017.03.28-02.26.30:571][ 35]LogModuleManager: Shutting down and abandoning module GameLiveStreaming (194)
[2017.03.28-02.26.30:571][ 35]LogModuleManager: Shutting down and abandoning module VREditor (192)
[2017.03.28-02.26.30:571][ 35]LogModuleManager: Shutting down and abandoning module GameplayTasksEditor (190)
[2017.03.28-02.26.30:571][ 35]LogModuleManager: Shutting down and abandoning module BehaviorTreeEditor (188)
[2017.03.28-02.26.30:571][ 35]LogModuleManager: Shutting down and abandoning module FunctionalTesting (186)
[2017.03.28-02.26.30:571][ 35]LogModuleManager: Shutting down and abandoning module CollisionAnalyzer (184)
[2017.03.28-02.26.30:571][ 35]LogModuleManager: Shutting down and abandoning module UMG (182)
[2017.03.28-02.26.30:571][ 35]LogModuleManager: Shutting down and abandoning module UMGEditor (181)
[2017.03.28-02.26.30:571][ 35]LogModuleManager: Shutting down and abandoning module Sequencer (180)
[2017.03.28-02.26.30:571][ 35]LogModuleManager: Shutting down and abandoning module AssetTools (178)
[2017.03.28-02.26.30:571][ 35]LogModuleManager: Shutting down and abandoning module MessageLog (177)
[2017.03.28-02.26.30:571][ 35]LogModuleManager: Shutting down and abandoning module WorkspaceMenuStructure (176)
[2017.03.28-02.26.30:571][ 35]LogModuleManager: Shutting down and abandoning module SlateReflector (170)
[2017.03.28-02.26.30:571][ 35]LogModuleManager: Shutting down and abandoning module Slate (168)
[2017.03.28-02.26.30:571][ 35]LogModuleManager: Shutting down and abandoning module EditorStyle (166)
[2017.03.28-02.26.30:573][ 35]LogModuleManager: Shutting down and abandoning module SourceCodeAccess (164)
[2017.03.28-02.26.30:573][ 35]LogModuleManager: Shutting down and abandoning module HeadMountedDisplay (162)
[2017.03.28-02.26.30:573][ 35]LogModuleManager: Shutting down and abandoning module XAudio2 (160)
[2017.03.28-02.26.30:573][ 35]LogModuleManager: Shutting down and abandoning module Networking (158)
[2017.03.28-02.26.30:573][ 35]LogModuleManager: Shutting down and abandoning module Core (154)
[2017.03.28-02.26.30:573][ 35]LogModuleManager: Shutting down and abandoning module AssetRegistry (152)
[2017.03.28-02.26.30:762][ 35]LogDirectoryWatcher: A directory notification for '../../../Engine/Content/' was aborted.
[2017.03.28-02.26.30:762][ 35]LogDirectoryWatcher: A directory notification for '../../../../../../Users/JayByrrd/Documents/Unreal Projects/BatteryCollector/Content/' was aborted.
[2017.03.28-02.26.30:763][ 35]LogDirectoryWatcher: A directory notification for '../../../Engine/Plugins/2D/Paper2D/Content/' was aborted.
[2017.03.28-02.26.30:763][ 35]LogModuleManager: Shutting down and abandoning module DirectoryWatcher (151)
[2017.03.28-02.26.30:763][ 35]LogModuleManager: Shutting down and abandoning module KismetCompiler (148)
[2017.03.28-02.26.30:763][ 35]LogModuleManager: Shutting down and abandoning module PhysXFormats (146)
[2017.03.28-02.26.30:763][ 35]LogModuleManager: Shutting down and abandoning module MeshUtilities (144)
[2017.03.28-02.26.30:763][ 35]LogModuleManager: Shutting down and abandoning module SimplygonSwarm (143)
[2017.03.28-02.26.30:763][ 35]LogModuleManager: Shutting down and abandoning module SimplygonMeshReduction (141)
[2017.03.28-02.26.30:763][ 35]LogModuleManager: Shutting down and abandoning module QuadricMeshReduction (139)
[2017.03.28-02.26.30:763][ 35]LogModuleManager: Shutting down and abandoning module PropertyEditor (137)
[2017.03.28-02.26.30:763][ 35]LogModuleManager: Shutting down and abandoning module DerivedDataCache (134)
[2017.03.28-02.26.30:840][ 35]LogDerivedDataCache: Shutdown
[2017.03.28-02.26.30:840][ 35]LogModuleManager: Shutting down and abandoning module TargetPlatform (132)
[2017.03.28-02.26.30:840][ 35]LogModuleManager: Shutting down and abandoning module VulkanShaderFormat (131)
[2017.03.28-02.26.30:840][ 35]LogModuleManager: Shutting down and abandoning module ShaderFormatOpenGL (129)
[2017.03.28-02.26.30:841][ 35]LogModuleManager: Shutting down and abandoning module ShaderFormatD3D (127)
[2017.03.28-02.26.30:841][ 35]LogModuleManager: Shutting down and abandoning module MetalShaderFormat (125)
[2017.03.28-02.26.30:841][ 35]LogModuleManager: Shutting down and abandoning module TextureFormatUncompressed (123)
[2017.03.28-02.26.30:841][ 35]LogModuleManager: Shutting down and abandoning module TextureFormatPVR (121)
[2017.03.28-02.26.30:841][ 35]LogModuleManager: Shutting down and abandoning module TextureFormatDXT (119)
[2017.03.28-02.26.30:841][ 35]LogModuleManager: Shutting down and abandoning module TextureFormatIntelISPCTexComp (117)
[2017.03.28-02.26.30:841][ 35]LogModuleManager: Shutting down and abandoning module TextureFormatASTC (115)
[2017.03.28-02.26.30:841][ 35]LogModuleManager: Shutting down and abandoning module ImageWrapper (114)
[2017.03.28-02.26.30:841][ 35]LogModuleManager: Shutting down and abandoning module TextureFormatAndroid (111)
[2017.03.28-02.26.30:841][ 35]LogModuleManager: Shutting down and abandoning module AudioFormatOpus (109)
[2017.03.28-02.26.30:841][ 35]LogModuleManager: Shutting down and abandoning module AudioFormatOgg (107)
[2017.03.28-02.26.30:841][ 35]LogModuleManager: Shutting down and abandoning module AudioFormatADPCM (105)
[2017.03.28-02.26.30:841][ 35]LogModuleManager: Shutting down and abandoning module LinuxTargetPlatform (103)
[2017.03.28-02.26.30:841][ 35]LogModuleManager: Shutting down and abandoning module LinuxServerTargetPlatform (101)
[2017.03.28-02.26.30:841][ 35]LogModuleManager: Shutting down and abandoning module LinuxNoEditorTargetPlatform (99)
[2017.03.28-02.26.30:841][ 35]LogModuleManager: Shutting down and abandoning module LinuxClientTargetPlatform (97)
[2017.03.28-02.26.30:841][ 35]LogModuleManager: Shutting down and abandoning module TVOSTargetPlatform (95)
[2017.03.28-02.26.30:841][ 35]LogModuleManager: Shutting down and abandoning module Messaging (93)
[2017.03.28-02.26.30:841][ 35]LogModuleManager: Shutting down and abandoning module IOSTargetPlatform (91)
[2017.03.28-02.26.30:841][ 35]LogModuleManager: Shutting down and abandoning module HTML5TargetPlatform (89)
[2017.03.28-02.26.30:841][ 35]LogModuleManager: Shutting down and abandoning module Android_PVRTCTargetPlatform (87)
[2017.03.28-02.26.30:841][ 35]LogModuleManager: Shutting down and abandoning module Android_MultiTargetPlatform (85)
[2017.03.28-02.26.30:841][ 35]LogModuleManager: Shutting down and abandoning module Android_ETC2TargetPlatform (83)
[2017.03.28-02.26.30:841][ 35]LogModuleManager: Shutting down and abandoning module Android_ETC1TargetPlatform (81)
[2017.03.28-02.26.30:841][ 35]LogModuleManager: Shutting down and abandoning module Android_DXTTargetPlatform (79)
[2017.03.28-02.26.30:841][ 35]LogModuleManager: Shutting down and abandoning module Android_ATCTargetPlatform (77)
[2017.03.28-02.26.30:841][ 35]LogModuleManager: Shutting down and abandoning module Android_ASTCTargetPlatform (75)
[2017.03.28-02.26.30:841][ 35]LogModuleManager: Shutting down and abandoning module AndroidTargetPlatform (73)
[2017.03.28-02.26.30:841][ 35]LogModuleManager: Shutting down and abandoning module WindowsTargetPlatform (71)
[2017.03.28-02.26.30:841][ 35]LogModuleManager: Shutting down and abandoning module WindowsServerTargetPlatform (69)
[2017.03.28-02.26.30:841][ 35]LogModuleManager: Shutting down and abandoning module WindowsNoEditorTargetPlatform (67)
[2017.03.28-02.26.30:841][ 35]LogModuleManager: Shutting down and abandoning module WindowsClientTargetPlatform (65)
[2017.03.28-02.26.30:841][ 35]LogModuleManager: Shutting down and abandoning module MacTargetPlatform (63)
[2017.03.28-02.26.30:841][ 35]LogModuleManager: Shutting down and abandoning module MacServerTargetPlatform (61)
[2017.03.28-02.26.30:841][ 35]LogModuleManager: Shutting down and abandoning module MacNoEditorTargetPlatform (59)
[2017.03.28-02.26.30:841][ 35]LogModuleManager: Shutting down and abandoning module MacClientTargetPlatform (57)
[2017.03.28-02.26.30:841][ 35]LogModuleManager: Shutting down and abandoning module AllDesktopTargetPlatform (55)
[2017.03.28-02.26.30:841][ 35]LogModuleManager: Shutting down and abandoning module InputCore (52)
[2017.03.28-02.26.30:841][ 35]LogModuleManager: Shutting down and abandoning module Settings (50)
[2017.03.28-02.26.30:841][ 35]LogModuleManager: Shutting down and abandoning module OculusRift (48)
[2017.03.28-02.26.30:841][ 35]LogModuleManager: Shutting down and abandoning module GearVR (46)
[2017.03.28-02.26.30:841][ 35]LogModuleManager: Shutting down and abandoning module ExampleDeviceProfileSelector (44)
[2017.03.28-02.26.30:841][ 35]LogModuleManager: Shutting down and abandoning module OnlineBlueprintSupport (42)
[2017.03.28-02.26.30:841][ 35]LogModuleManager: Shutting down and abandoning module OnlineSubsystem (38)
[2017.03.28-02.26.30:841][ 35]LogOnline:Display: Unloading online subsystem: NULL
[2017.03.28-02.26.30:841][ 35]LogModuleManager: Shutting down and abandoning module XMPP (37)
[2017.03.28-02.26.30:841][ 35]LogModuleManager: Shutting down and abandoning module HTTP (35)
[2017.03.28-02.26.30:841][ 35]LogHttp:Display: Http module shutting down, but needs to wait on 1 outstanding Http requests:
[2017.03.28-02.26.30:841][ 35]LogHttp:Display: 	verb=[POST] url=[https://datarouter.ol.epicgames.com/datarouter/api/v1/public/data?SessionID=%7B9CE308FE-4034-2F4B-0695-BD8C92036D74%7D&AppID=UEEditor.Rocket.Release&AppVersion=4.15.1-3348071%2B%2B%2BUE4%2BRelease-4.15&UserID=e9a5f3914da7c8876924f3875b7780f4%7C6d608bed019b40a9a9209d406a5b1e26%7Cdca7bcd9-e62a-4b5e-a462-8a61273c630f&AppEnvironment=datacollector-binary&UploadType=eteventstream] status=Processing
[2017.03.28-02.26.30:852][ 35]LogModuleManager: Shutting down and abandoning module SSL (34)
[2017.03.28-02.26.30:853][ 35]LogModuleManager: Shutting down and abandoning module AudioEditor (30)
[2017.03.28-02.26.30:853][ 35]LogModuleManager: Shutting down and abandoning module TextureCompressor (28)
[2017.03.28-02.26.30:853][ 35]LogModuleManager: Shutting down and abandoning module ShaderCore (26)
[2017.03.28-02.26.30:853][ 35]LogModuleManager: Shutting down and abandoning module Landscape (24)
[2017.03.28-02.26.30:853][ 35]LogModuleManager: Shutting down and abandoning module SlateRHIRenderer (22)
[2017.03.28-02.26.30:854][ 35]LogModuleManager: Shutting down and abandoning module OpenGLDrv (20)
[2017.03.28-02.26.30:854][ 35]LogModuleManager: Shutting down and abandoning module D3D11RHI (18)
[2017.03.28-02.26.30:854][ 35]LogModuleManager: Shutting down and abandoning module AnimGraphRuntime (16)
[2017.03.28-02.26.30:854][ 35]LogModuleManager: Shutting down and abandoning module Renderer (14)
[2017.03.28-02.26.30:854][ 35]LogModuleManager: Shutting down and abandoning module Engine (12)
[2017.03.28-02.26.30:854][ 35]LogModuleManager: Shutting down and abandoning module CoreUObject (10)
[2017.03.28-02.26.30:854][ 35]LogModuleManager: Shutting down and abandoning module NetworkFile (8)
[2017.03.28-02.26.30:854][ 35]LogModuleManager: Shutting down and abandoning module StreamingFile (6)
[2017.03.28-02.26.30:854][ 35]LogModuleManager: Shutting down and abandoning module SandboxFile (4)
[2017.03.28-02.26.30:854][ 35]LogModuleManager: Shutting down and abandoning module PakFile (2)
[2017.03.28-02.26.30:856][ 35]LogExit: Exiting.
[2017.03.28-02.26.30:867][ 35]Log file closed, 03/27/17 22:26:30
